{"C:\\Users\\Kaneki\\Desktop\\saas-project\\web\\campaign_manager\\app\\javascript\\components\\AgentDashboard.tsx": {"path":"C:\\Users\\Kaneki\\Desktop\\saas-project\\web\\campaign_manager\\app\\javascript\\components\\AgentDashboard.tsx","statementMap":{"0":{"start":{"line":12,"column":0},"end":{"line":12,"column":24}},"1":{"start":{"line":3,"column":0},"end":{"line":3,"column":52}},"2":{"start":{"line":13,"column":17},"end":{"line":13,"column":null}},"3":{"start":{"line":13,"column":40},"end":{"line":13,"column":98}},"4":{"start":{"line":18,"column":23},"end":{"line":44,"column":3}},"5":{"start":{"line":19,"column":4},"end":{"line":21,"column":5}},"6":{"start":{"line":20,"column":6},"end":{"line":20,"column":null}},"7":{"start":{"line":23,"column":4},"end":{"line":43,"column":5}},"8":{"start":{"line":25,"column":8},"end":{"line":25,"column":null}},"9":{"start":{"line":28,"column":8},"end":{"line":28,"column":null}},"10":{"start":{"line":28,"column":33},"end":{"line":28,"column":53}},"11":{"start":{"line":31,"column":8},"end":{"line":31,"column":null}},"12":{"start":{"line":31,"column":33},"end":{"line":31,"column":63}},"13":{"start":{"line":34,"column":8},"end":{"line":34,"column":null}},"14":{"start":{"line":34,"column":33},"end":{"line":34,"column":53}},"15":{"start":{"line":37,"column":8},"end":{"line":37,"column":null}},"16":{"start":{"line":37,"column":33},"end":{"line":37,"column":62}},"17":{"start":{"line":40,"column":8},"end":{"line":40,"column":null}},"18":{"start":{"line":40,"column":33},"end":{"line":40,"column":78}},"19":{"start":{"line":42,"column":8},"end":{"line":42,"column":null}},"20":{"start":{"line":46,"column":2},"end":{"line":93,"column":null}},"21":{"start":{"line":52,"column":10},"end":{"line":52,"column":32}},"22":{"start":{"line":56,"column":18},"end":{"line":60,"column":19}},"23":{"start":{"line":57,"column":22},"end":{"line":57,"column":null}},"24":{"start":{"line":59,"column":20},"end":{"line":59,"column":null}}},"fnMap":{"0":{"name":"AgentDashboard","decl":{"start":{"line":12,"column":24},"end":{"line":12,"column":38}},"loc":{"start":{"line":12,"column":106},"end":{"line":94,"column":1}}},"1":{"name":"(anonymous_1)","decl":{"start":{"line":13,"column":32},"end":{"line":13,"column":33}},"loc":{"start":{"line":13,"column":40},"end":{"line":13,"column":98}}},"2":{"name":"(anonymous_2)","decl":{"start":{"line":18,"column":23},"end":{"line":18,"column":24}},"loc":{"start":{"line":18,"column":53},"end":{"line":44,"column":3}}},"3":{"name":"(anonymous_3)","decl":{"start":{"line":28,"column":28},"end":{"line":28,"column":29}},"loc":{"start":{"line":28,"column":33},"end":{"line":28,"column":53}}},"4":{"name":"(anonymous_4)","decl":{"start":{"line":31,"column":28},"end":{"line":31,"column":29}},"loc":{"start":{"line":31,"column":33},"end":{"line":31,"column":63}}},"5":{"name":"(anonymous_5)","decl":{"start":{"line":34,"column":28},"end":{"line":34,"column":29}},"loc":{"start":{"line":34,"column":33},"end":{"line":34,"column":53}}},"6":{"name":"(anonymous_6)","decl":{"start":{"line":37,"column":28},"end":{"line":37,"column":29}},"loc":{"start":{"line":37,"column":33},"end":{"line":37,"column":62}}},"7":{"name":"(anonymous_7)","decl":{"start":{"line":40,"column":28},"end":{"line":40,"column":29}},"loc":{"start":{"line":40,"column":33},"end":{"line":40,"column":78}}},"8":{"name":"(anonymous_8)","decl":{"start":{"line":51,"column":20},"end":{"line":51,"column":21}},"loc":{"start":{"line":52,"column":10},"end":{"line":52,"column":32}}},"9":{"name":"(anonymous_9)","decl":{"start":{"line":55,"column":25},"end":{"line":55,"column":28}},"loc":{"start":{"line":55,"column":30},"end":{"line":61,"column":17}}}},"branchMap":{"0":{"loc":{"start":{"line":13,"column":40},"end":{"line":13,"column":98}},"type":"cond-expr","locations":[{"start":{"line":13,"column":61},"end":{"line":13,"column":94}},{"start":{"line":13,"column":97},"end":{"line":13,"column":98}}]},"1":{"loc":{"start":{"line":19,"column":4},"end":{"line":21,"column":5}},"type":"if","locations":[{"start":{"line":19,"column":4},"end":{"line":21,"column":5}}]},"2":{"loc":{"start":{"line":19,"column":8},"end":{"line":19,"column":50}},"type":"binary-expr","locations":[{"start":{"line":19,"column":8},"end":{"line":19,"column":28}},{"start":{"line":19,"column":32},"end":{"line":19,"column":50}}]},"3":{"loc":{"start":{"line":23,"column":4},"end":{"line":43,"column":5}},"type":"switch","locations":[{"start":{"line":24,"column":6},"end":{"line":25,"column":null}},{"start":{"line":26,"column":6},"end":{"line":28,"column":null}},{"start":{"line":29,"column":6},"end":{"line":31,"column":null}},{"start":{"line":32,"column":6},"end":{"line":34,"column":null}},{"start":{"line":35,"column":6},"end":{"line":37,"column":null}},{"start":{"line":38,"column":6},"end":{"line":40,"column":null}},{"start":{"line":41,"column":6},"end":{"line":42,"column":null}}]},"4":{"loc":{"start":{"line":31,"column":33},"end":{"line":31,"column":63}},"type":"binary-expr","locations":[{"start":{"line":31,"column":33},"end":{"line":31,"column":42}},{"start":{"line":31,"column":46},"end":{"line":31,"column":63}}]},"5":{"loc":{"start":{"line":37,"column":33},"end":{"line":37,"column":62}},"type":"binary-expr","locations":[{"start":{"line":37,"column":33},"end":{"line":37,"column":42}},{"start":{"line":37,"column":46},"end":{"line":37,"column":62}}]},"6":{"loc":{"start":{"line":40,"column":33},"end":{"line":40,"column":78}},"type":"binary-expr","locations":[{"start":{"line":40,"column":33},"end":{"line":40,"column":51}},{"start":{"line":40,"column":55},"end":{"line":40,"column":78}}]},"7":{"loc":{"start":{"line":53,"column":13},"end":{"line":84,"column":null}},"type":"cond-expr","locations":[{"start":{"line":54,"column":14},"end":{"line":76,"column":null}},{"start":{"line":79,"column":14},"end":{"line":83,"column":null}}]},"8":{"loc":{"start":{"line":53,"column":13},"end":{"line":53,"column":51}},"type":"binary-expr","locations":[{"start":{"line":53,"column":13},"end":{"line":53,"column":32}},{"start":{"line":53,"column":36},"end":{"line":53,"column":51}}]},"9":{"loc":{"start":{"line":56,"column":18},"end":{"line":60,"column":19}},"type":"if","locations":[{"start":{"line":56,"column":18},"end":{"line":60,"column":19}},{"start":{"line":58,"column":25},"end":{"line":60,"column":19}}]},"10":{"loc":{"start":{"line":68,"column":17},"end":{"line":75,"column":null}},"type":"cond-expr","locations":[{"start":{"line":69,"column":18},"end":{"line":70,"column":null}},{"start":{"line":73,"column":18},"end":{"line":74,"column":null}}]},"11":{"loc":{"start":{"line":80,"column":82},"end":{"line":80,"column":137}},"type":"cond-expr","locations":[{"start":{"line":80,"column":104},"end":{"line":80,"column":119}},{"start":{"line":80,"column":122},"end":{"line":80,"column":137}}]},"12":{"loc":{"start":{"line":81,"column":160},"end":{"line":81,"column":215}},"type":"cond-expr","locations":[{"start":{"line":81,"column":182},"end":{"line":81,"column":197}},{"start":{"line":81,"column":200},"end":{"line":81,"column":215}}]}},"s":{"0":2,"1":2,"2":5,"3":25,"4":5,"5":25,"6":18,"7":7,"8":1,"9":1,"10":6,"11":1,"12":6,"13":1,"14":6,"15":1,"16":6,"17":1,"18":6,"19":1,"20":5,"21":25,"22":2,"23":1,"24":1},"f":{"0":5,"1":25,"2":25,"3":6,"4":6,"5":6,"6":6,"7":6,"8":25,"9":2},"b":{"0":[4,21],"1":[18],"2":[25,19],"3":[1,1,1,1,1,1,1],"4":[6,5],"5":[6,3],"6":[6,5],"7":[16,9],"8":[25,19],"9":[1,1],"10":[3,13],"11":[3,6],"12":[3,6]}}
,"C:\\Users\\Kaneki\\Desktop\\saas-project\\web\\campaign_manager\\app\\javascript\\components\\ApiKeyModal.tsx": {"path":"C:\\Users\\Kaneki\\Desktop\\saas-project\\web\\campaign_manager\\app\\javascript\\components\\ApiKeyModal.tsx","statementMap":{"0":{"start":{"line":15,"column":0},"end":{"line":15,"column":24}},"1":{"start":{"line":1,"column":0},"end":{"line":1,"column":58}},"2":{"start":{"line":16,"column":26},"end":{"line":16,"column":56}},"3":{"start":{"line":17,"column":36},"end":{"line":17,"column":51}},"4":{"start":{"line":18,"column":36},"end":{"line":18,"column":51}},"5":{"start":{"line":19,"column":22},"end":{"line":19,"column":52}},"6":{"start":{"line":21,"column":18},"end":{"line":21,"column":67}},"7":{"start":{"line":23,"column":2},"end":{"line":31,"column":null}},"8":{"start":{"line":24,"column":4},"end":{"line":30,"column":5}},"9":{"start":{"line":25,"column":6},"end":{"line":25,"column":null}},"10":{"start":{"line":26,"column":6},"end":{"line":26,"column":null}},"11":{"start":{"line":27,"column":6},"end":{"line":29,"column":7}},"12":{"start":{"line":28,"column":8},"end":{"line":28,"column":null}},"13":{"start":{"line":33,"column":22},"end":{"line":37,"column":3}},"14":{"start":{"line":34,"column":4},"end":{"line":34,"column":null}},"15":{"start":{"line":35,"column":4},"end":{"line":35,"column":null}},"16":{"start":{"line":36,"column":4},"end":{"line":36,"column":null}},"17":{"start":{"line":39,"column":21},"end":{"line":51,"column":3}},"18":{"start":{"line":40,"column":4},"end":{"line":40,"column":null}},"19":{"start":{"line":41,"column":4},"end":{"line":41,"column":null}},"20":{"start":{"line":42,"column":4},"end":{"line":50,"column":5}},"21":{"start":{"line":43,"column":6},"end":{"line":43,"column":null}},"22":{"start":{"line":44,"column":6},"end":{"line":44,"column":null}},"23":{"start":{"line":45,"column":6},"end":{"line":45,"column":null}},"24":{"start":{"line":47,"column":6},"end":{"line":47,"column":null}},"25":{"start":{"line":49,"column":6},"end":{"line":49,"column":null}},"26":{"start":{"line":53,"column":21},"end":{"line":60,"column":3}},"27":{"start":{"line":54,"column":4},"end":{"line":54,"column":null}},"28":{"start":{"line":55,"column":4},"end":{"line":59,"column":null}},"29":{"start":{"line":56,"column":6},"end":{"line":58,"column":7}},"30":{"start":{"line":57,"column":8},"end":{"line":57,"column":null}},"31":{"start":{"line":62,"column":26},"end":{"line":67,"column":3}},"32":{"start":{"line":63,"column":4},"end":{"line":66,"column":null}},"33":{"start":{"line":63,"column":21},"end":{"line":66,"column":6}},"34":{"start":{"line":69,"column":2},"end":{"line":69,"column":null}},"35":{"start":{"line":69,"column":15},"end":{"line":69,"column":null}},"36":{"start":{"line":71,"column":2},"end":{"line":184,"column":null}},"37":{"start":{"line":150,"column":33},"end":{"line":150,"column":77}},"38":{"start":{"line":165,"column":33},"end":{"line":165,"column":80}}},"fnMap":{"0":{"name":"ApiKeyModal","decl":{"start":{"line":15,"column":24},"end":{"line":15,"column":35}},"loc":{"start":{"line":15,"column":94},"end":{"line":185,"column":1}}},"1":{"name":"(anonymous_10)","decl":{"start":{"line":23,"column":12},"end":{"line":23,"column":15}},"loc":{"start":{"line":23,"column":17},"end":{"line":31,"column":3}}},"2":{"name":"(anonymous_11)","decl":{"start":{"line":33,"column":22},"end":{"line":33,"column":25}},"loc":{"start":{"line":33,"column":27},"end":{"line":37,"column":3}}},"3":{"name":"(anonymous_12)","decl":{"start":{"line":39,"column":21},"end":{"line":39,"column":26}},"loc":{"start":{"line":39,"column":50},"end":{"line":51,"column":3}}},"4":{"name":"(anonymous_13)","decl":{"start":{"line":53,"column":21},"end":{"line":53,"column":24}},"loc":{"start":{"line":53,"column":26},"end":{"line":60,"column":3}}},"5":{"name":"(anonymous_14)","decl":{"start":{"line":55,"column":15},"end":{"line":55,"column":18}},"loc":{"start":{"line":55,"column":20},"end":{"line":59,"column":5}}},"6":{"name":"(anonymous_15)","decl":{"start":{"line":62,"column":26},"end":{"line":62,"column":27}},"loc":{"start":{"line":62,"column":68},"end":{"line":67,"column":3}}},"7":{"name":"(anonymous_16)","decl":{"start":{"line":63,"column":12},"end":{"line":63,"column":16}},"loc":{"start":{"line":63,"column":21},"end":{"line":66,"column":6}}},"8":{"name":"(anonymous_17)","decl":{"start":{"line":150,"column":26},"end":{"line":150,"column":27}},"loc":{"start":{"line":150,"column":33},"end":{"line":150,"column":77}}},"9":{"name":"(anonymous_18)","decl":{"start":{"line":165,"column":26},"end":{"line":165,"column":27}},"loc":{"start":{"line":165,"column":33},"end":{"line":165,"column":80}}}},"branchMap":{"0":{"loc":{"start":{"line":21,"column":18},"end":{"line":21,"column":67}},"type":"binary-expr","locations":[{"start":{"line":21,"column":18},"end":{"line":21,"column":39}},{"start":{"line":21,"column":43},"end":{"line":21,"column":67}}]},"1":{"loc":{"start":{"line":24,"column":4},"end":{"line":30,"column":5}},"type":"if","locations":[{"start":{"line":24,"column":4},"end":{"line":30,"column":5}}]},"2":{"loc":{"start":{"line":27,"column":6},"end":{"line":29,"column":7}},"type":"if","locations":[{"start":{"line":27,"column":6},"end":{"line":29,"column":7}}]},"3":{"loc":{"start":{"line":27,"column":10},"end":{"line":27,"column":41}},"type":"binary-expr","locations":[{"start":{"line":27,"column":10},"end":{"line":27,"column":18}},{"start":{"line":27,"column":22},"end":{"line":27,"column":41}}]},"4":{"loc":{"start":{"line":56,"column":6},"end":{"line":58,"column":7}},"type":"if","locations":[{"start":{"line":56,"column":6},"end":{"line":58,"column":7}}]},"5":{"loc":{"start":{"line":69,"column":2},"end":{"line":69,"column":null}},"type":"if","locations":[{"start":{"line":69,"column":2},"end":{"line":69,"column":null}}]},"6":{"loc":{"start":{"line":88,"column":9},"end":{"line":180,"column":null}},"type":"cond-expr","locations":[{"start":{"line":89,"column":10},"end":{"line":137,"column":null}},{"start":{"line":140,"column":10},"end":{"line":179,"column":null}}]},"7":{"loc":{"start":{"line":88,"column":9},"end":{"line":88,"column":30}},"type":"binary-expr","locations":[{"start":{"line":88,"column":9},"end":{"line":88,"column":16}},{"start":{"line":88,"column":20},"end":{"line":88,"column":30}}]},"8":{"loc":{"start":{"line":106,"column":21},"end":{"line":106,"column":110}},"type":"cond-expr","locations":[{"start":{"line":106,"column":45},"end":{"line":106,"column":93}},{"start":{"line":106,"column":96},"end":{"line":106,"column":110}}]},"9":{"loc":{"start":{"line":108,"column":19},"end":{"line":109,"column":null}},"type":"binary-expr","locations":[{"start":{"line":108,"column":19},"end":{"line":108,"column":40}},{"start":{"line":109,"column":20},"end":{"line":109,"column":85}}]},"10":{"loc":{"start":{"line":120,"column":21},"end":{"line":120,"column":116}},"type":"cond-expr","locations":[{"start":{"line":120,"column":48},"end":{"line":120,"column":99}},{"start":{"line":120,"column":102},"end":{"line":120,"column":116}}]},"11":{"loc":{"start":{"line":122,"column":19},"end":{"line":123,"column":null}},"type":"binary-expr","locations":[{"start":{"line":122,"column":19},"end":{"line":122,"column":43}},{"start":{"line":123,"column":20},"end":{"line":123,"column":85}}]},"12":{"loc":{"start":{"line":177,"column":17},"end":{"line":177,"column":54}},"type":"cond-expr","locations":[{"start":{"line":177,"column":29},"end":{"line":177,"column":40}},{"start":{"line":177,"column":43},"end":{"line":177,"column":54}}]}},"s":{"0":1,"1":1,"2":20,"3":20,"4":20,"5":20,"6":20,"7":20,"8":7,"9":6,"10":6,"11":6,"12":3,"13":20,"14":2,"15":2,"16":2,"17":20,"18":2,"19":2,"20":2,"21":2,"22":1,"23":1,"24":1,"25":2,"26":20,"27":2,"28":2,"29":1,"30":1,"31":20,"32":3,"33":3,"34":20,"35":1,"36":19,"37":2,"38":1},"f":{"0":20,"1":7,"2":2,"3":2,"4":2,"5":1,"6":3,"7":3,"8":2,"9":1},"b":{"0":[20,10],"1":[6],"2":[3],"3":[6,3],"4":[1],"5":[1],"6":[4,15],"7":[19,9],"8":[4,0],"9":[4,4],"10":[3,1],"11":[4,3],"12":[3,12]}}
,"C:\\Users\\Kaneki\\Desktop\\saas-project\\web\\campaign_manager\\app\\javascript\\components\\Background.tsx": {"path":"C:\\Users\\Kaneki\\Desktop\\saas-project\\web\\campaign_manager\\app\\javascript\\components\\Background.tsx","statementMap":{"0":{"start":{"line":5,"column":0},"end":{"line":5,"column":24}},"1":{"start":{"line":3,"column":0},"end":{"line":3,"column":25}},"2":{"start":{"line":6,"column":38},"end":{"line":6,"column":77}},"3":{"start":{"line":8,"column":2},"end":{"line":24,"column":null}},"4":{"start":{"line":9,"column":29},"end":{"line":14,"column":5}},"5":{"start":{"line":10,"column":6},"end":{"line":13,"column":null}},"6":{"start":{"line":16,"column":4},"end":{"line":16,"column":null}},"7":{"start":{"line":17,"column":4},"end":{"line":17,"column":null}},"8":{"start":{"line":18,"column":4},"end":{"line":18,"column":null}},"9":{"start":{"line":20,"column":4},"end":{"line":23,"column":null}},"10":{"start":{"line":21,"column":6},"end":{"line":21,"column":null}},"11":{"start":{"line":22,"column":6},"end":{"line":22,"column":null}},"12":{"start":{"line":26,"column":2},"end":{"line":35,"column":null}}},"fnMap":{"0":{"name":"Background","decl":{"start":{"line":5,"column":24},"end":{"line":5,"column":34}},"loc":{"start":{"line":5,"column":34},"end":{"line":36,"column":1}}},"1":{"name":"(anonymous_2)","decl":{"start":{"line":8,"column":18},"end":{"line":8,"column":21}},"loc":{"start":{"line":8,"column":23},"end":{"line":24,"column":3}}},"2":{"name":"(anonymous_3)","decl":{"start":{"line":9,"column":29},"end":{"line":9,"column":32}},"loc":{"start":{"line":9,"column":34},"end":{"line":14,"column":5}}},"3":{"name":"(anonymous_4)","decl":{"start":{"line":20,"column":11},"end":{"line":20,"column":14}},"loc":{"start":{"line":20,"column":16},"end":{"line":23,"column":5}}}},"branchMap":{},"s":{"0":1,"1":1,"2":10,"3":9,"4":4,"5":6,"6":4,"7":4,"8":4,"9":4,"10":4,"11":4,"12":9},"f":{"0":10,"1":4,"2":6,"3":4},"b":{}}
,"C:\\Users\\Kaneki\\Desktop\\saas-project\\web\\campaign_manager\\app\\javascript\\components\\CampaignDashboard.tsx": {"path":"C:\\Users\\Kaneki\\Desktop\\saas-project\\web\\campaign_manager\\app\\javascript\\components\\CampaignDashboard.tsx","statementMap":{"0":{"start":{"line":15,"column":0},"end":{"line":15,"column":24}},"1":{"start":{"line":1,"column":0},"end":{"line":1,"column":52}},"2":{"start":{"line":2,"column":0},"end":{"line":2,"column":48}},"3":{"start":{"line":3,"column":0},"end":{"line":3,"column":48}},"4":{"start":{"line":4,"column":0},"end":{"line":4,"column":52}},"5":{"start":{"line":5,"column":0},"end":{"line":5,"column":58}},"6":{"start":{"line":6,"column":0},"end":{"line":6,"column":54}},"7":{"start":{"line":7,"column":0},"end":{"line":7,"column":44}},"8":{"start":{"line":8,"column":0},"end":{"line":8,"column":56}},"9":{"start":{"line":9,"column":0},"end":{"line":9,"column":48}},"10":{"start":{"line":10,"column":0},"end":{"line":10,"column":51}},"11":{"start":{"line":11,"column":0},"end":{"line":11,"column":43}},"12":{"start":{"line":12,"column":0},"end":{"line":12,"column":51}},"13":{"start":{"line":13,"column":0},"end":{"line":13,"column":53}},"14":{"start":{"line":16,"column":38},"end":{"line":16,"column":53}},"15":{"start":{"line":17,"column":46},"end":{"line":17,"column":61}},"16":{"start":{"line":18,"column":46},"end":{"line":18,"column":61}},"17":{"start":{"line":19,"column":54},"end":{"line":19,"column":69}},"18":{"start":{"line":21,"column":48},"end":{"line":21,"column":123}},"19":{"start":{"line":22,"column":40},"end":{"line":22,"column":138}},"20":{"start":{"line":24,"column":50},"end":{"line":24,"column":79}},"21":{"start":{"line":25,"column":52},"end":{"line":25,"column":87}},"22":{"start":{"line":27,"column":72},"end":{"line":27,"column":86}},"23":{"start":{"line":28,"column":67},"end":{"line":28,"column":77}},"24":{"start":{"line":29,"column":74},"end":{"line":29,"column":88}},"25":{"start":{"line":32,"column":2},"end":{"line":40,"column":null}},"26":{"start":{"line":33,"column":4},"end":{"line":39,"column":5}},"27":{"start":{"line":34,"column":20},"end":{"line":34,"column":72}},"28":{"start":{"line":34,"column":45},"end":{"line":34,"column":71}},"29":{"start":{"line":35,"column":6},"end":{"line":38,"column":7}},"30":{"start":{"line":36,"column":8},"end":{"line":36,"column":null}},"31":{"start":{"line":37,"column":8},"end":{"line":37,"column":null}},"32":{"start":{"line":43,"column":4},"end":{"line":45,"column":12}},"33":{"start":{"line":47,"column":24},"end":{"line":47,"column":68}},"34":{"start":{"line":48,"column":25},"end":{"line":48,"column":53}},"35":{"start":{"line":51,"column":24},"end":{"line":56,"column":44}},"36":{"start":{"line":52,"column":4},"end":{"line":54,"column":5}},"37":{"start":{"line":53,"column":6},"end":{"line":53,"column":null}},"38":{"start":{"line":55,"column":4},"end":{"line":55,"column":null}},"39":{"start":{"line":55,"column":32},"end":{"line":55,"column":66}},"40":{"start":{"line":58,"column":30},"end":{"line":64,"column":3}},"41":{"start":{"line":59,"column":4},"end":{"line":63,"column":5}},"42":{"start":{"line":60,"column":6},"end":{"line":60,"column":null}},"43":{"start":{"line":62,"column":6},"end":{"line":62,"column":null}},"44":{"start":{"line":66,"column":31},"end":{"line":72,"column":3}},"45":{"start":{"line":67,"column":24},"end":{"line":67,"column":50}},"46":{"start":{"line":68,"column":4},"end":{"line":71,"column":5}},"47":{"start":{"line":70,"column":6},"end":{"line":70,"column":null}},"48":{"start":{"line":74,"column":29},"end":{"line":79,"column":3}},"49":{"start":{"line":75,"column":4},"end":{"line":78,"column":5}},"50":{"start":{"line":76,"column":6},"end":{"line":76,"column":null}},"51":{"start":{"line":77,"column":6},"end":{"line":77,"column":null}},"52":{"start":{"line":81,"column":26},"end":{"line":85,"column":3}},"53":{"start":{"line":82,"column":21},"end":{"line":82,"column":37}},"54":{"start":{"line":83,"column":4},"end":{"line":83,"column":null}},"55":{"start":{"line":84,"column":4},"end":{"line":84,"column":null}},"56":{"start":{"line":87,"column":31},"end":{"line":99,"column":3}},"57":{"start":{"line":88,"column":20},"end":{"line":88,"column":47}},"58":{"start":{"line":89,"column":4},"end":{"line":98,"column":5}},"59":{"start":{"line":91,"column":6},"end":{"line":96,"column":7}},"60":{"start":{"line":92,"column":8},"end":{"line":92,"column":null}},"61":{"start":{"line":93,"column":13},"end":{"line":96,"column":7}},"62":{"start":{"line":95,"column":8},"end":{"line":95,"column":null}},"63":{"start":{"line":97,"column":6},"end":{"line":97,"column":null}},"64":{"start":{"line":101,"column":27},"end":{"line":107,"column":3}},"65":{"start":{"line":102,"column":4},"end":{"line":105,"column":5}},"66":{"start":{"line":103,"column":6},"end":{"line":103,"column":null}},"67":{"start":{"line":104,"column":6},"end":{"line":104,"column":12}},"68":{"start":{"line":106,"column":4},"end":{"line":106,"column":null}},"69":{"start":{"line":109,"column":25},"end":{"line":113,"column":3}},"70":{"start":{"line":110,"column":4},"end":{"line":112,"column":5}},"71":{"start":{"line":111,"column":6},"end":{"line":111,"column":null}},"72":{"start":{"line":115,"column":26},"end":{"line":117,"column":23}},"73":{"start":{"line":116,"column":4},"end":{"line":116,"column":null}},"74":{"start":{"line":119,"column":33},"end":{"line":127,"column":3}},"75":{"start":{"line":120,"column":4},"end":{"line":126,"column":5}},"76":{"start":{"line":121,"column":19},"end":{"line":121,"column":45}},"77":{"start":{"line":122,"column":6},"end":{"line":125,"column":7}},"78":{"start":{"line":123,"column":8},"end":{"line":123,"column":null}},"79":{"start":{"line":124,"column":8},"end":{"line":124,"column":null}},"80":{"start":{"line":129,"column":36},"end":{"line":136,"column":3}},"81":{"start":{"line":130,"column":4},"end":{"line":135,"column":5}},"82":{"start":{"line":131,"column":22},"end":{"line":131,"column":54}},"83":{"start":{"line":132,"column":6},"end":{"line":134,"column":7}},"84":{"start":{"line":133,"column":8},"end":{"line":133,"column":null}},"85":{"start":{"line":138,"column":24},"end":{"line":140,"column":8}},"86":{"start":{"line":139,"column":4},"end":{"line":139,"column":null}},"87":{"start":{"line":142,"column":2},"end":{"line":257,"column":null}},"88":{"start":{"line":157,"column":37},"end":{"line":157,"column":56}},"89":{"start":{"line":198,"column":40},"end":{"line":198,"column":63}},"90":{"start":{"line":230,"column":55},"end":{"line":230,"column":75}},"91":{"start":{"line":235,"column":10},"end":{"line":235,"column":null}},"92":{"start":{"line":236,"column":10},"end":{"line":236,"column":null}},"93":{"start":{"line":243,"column":55},"end":{"line":243,"column":79}},"94":{"start":{"line":248,"column":10},"end":{"line":248,"column":null}},"95":{"start":{"line":249,"column":10},"end":{"line":249,"column":null}}},"fnMap":{"0":{"name":"CampaignDashboard","decl":{"start":{"line":15,"column":24},"end":{"line":15,"column":41}},"loc":{"start":{"line":15,"column":41},"end":{"line":258,"column":1}}},"1":{"name":"(anonymous_11)","decl":{"start":{"line":32,"column":18},"end":{"line":32,"column":21}},"loc":{"start":{"line":32,"column":23},"end":{"line":40,"column":3}}},"2":{"name":"(anonymous_12)","decl":{"start":{"line":34,"column":40},"end":{"line":34,"column":41}},"loc":{"start":{"line":34,"column":45},"end":{"line":34,"column":71}}},"3":{"name":"(anonymous_13)","decl":{"start":{"line":51,"column":38},"end":{"line":51,"column":41}},"loc":{"start":{"line":51,"column":43},"end":{"line":56,"column":3}}},"4":{"name":"(anonymous_14)","decl":{"start":{"line":55,"column":24},"end":{"line":55,"column":28}},"loc":{"start":{"line":55,"column":32},"end":{"line":55,"column":66}}},"5":{"name":"(anonymous_15)","decl":{"start":{"line":58,"column":30},"end":{"line":58,"column":31}},"loc":{"start":{"line":58,"column":56},"end":{"line":64,"column":3}}},"6":{"name":"(anonymous_16)","decl":{"start":{"line":66,"column":31},"end":{"line":66,"column":36}},"loc":{"start":{"line":66,"column":85},"end":{"line":72,"column":3}}},"7":{"name":"(anonymous_17)","decl":{"start":{"line":74,"column":29},"end":{"line":74,"column":30}},"loc":{"start":{"line":74,"column":77},"end":{"line":79,"column":3}}},"8":{"name":"(anonymous_18)","decl":{"start":{"line":81,"column":26},"end":{"line":81,"column":27}},"loc":{"start":{"line":81,"column":44},"end":{"line":85,"column":3}}},"9":{"name":"(anonymous_19)","decl":{"start":{"line":87,"column":31},"end":{"line":87,"column":36}},"loc":{"start":{"line":87,"column":55},"end":{"line":99,"column":3}}},"10":{"name":"(anonymous_20)","decl":{"start":{"line":101,"column":27},"end":{"line":101,"column":28}},"loc":{"start":{"line":101,"column":101},"end":{"line":107,"column":3}}},"11":{"name":"(anonymous_21)","decl":{"start":{"line":109,"column":25},"end":{"line":109,"column":26}},"loc":{"start":{"line":109,"column":99},"end":{"line":113,"column":3}}},"12":{"name":"(anonymous_22)","decl":{"start":{"line":115,"column":38},"end":{"line":115,"column":39}},"loc":{"start":{"line":115,"column":63},"end":{"line":117,"column":3}}},"13":{"name":"(anonymous_23)","decl":{"start":{"line":119,"column":33},"end":{"line":119,"column":36}},"loc":{"start":{"line":119,"column":38},"end":{"line":127,"column":3}}},"14":{"name":"(anonymous_24)","decl":{"start":{"line":129,"column":36},"end":{"line":129,"column":41}},"loc":{"start":{"line":129,"column":47},"end":{"line":136,"column":3}}},"15":{"name":"(anonymous_25)","decl":{"start":{"line":138,"column":36},"end":{"line":138,"column":37}},"loc":{"start":{"line":138,"column":55},"end":{"line":140,"column":3}}},"16":{"name":"(anonymous_26)","decl":{"start":{"line":157,"column":31},"end":{"line":157,"column":34}},"loc":{"start":{"line":157,"column":37},"end":{"line":157,"column":56}}},"17":{"name":"(anonymous_27)","decl":{"start":{"line":198,"column":34},"end":{"line":198,"column":37}},"loc":{"start":{"line":198,"column":40},"end":{"line":198,"column":63}}},"18":{"name":"(anonymous_28)","decl":{"start":{"line":230,"column":49},"end":{"line":230,"column":52}},"loc":{"start":{"line":230,"column":55},"end":{"line":230,"column":75}}},"19":{"name":"(anonymous_29)","decl":{"start":{"line":234,"column":17},"end":{"line":234,"column":20}},"loc":{"start":{"line":234,"column":22},"end":{"line":237,"column":9}}},"20":{"name":"(anonymous_30)","decl":{"start":{"line":243,"column":49},"end":{"line":243,"column":52}},"loc":{"start":{"line":243,"column":55},"end":{"line":243,"column":79}}},"21":{"name":"(anonymous_31)","decl":{"start":{"line":247,"column":17},"end":{"line":247,"column":20}},"loc":{"start":{"line":247,"column":22},"end":{"line":250,"column":9}}}},"branchMap":{"0":{"loc":{"start":{"line":33,"column":4},"end":{"line":39,"column":5}},"type":"if","locations":[{"start":{"line":33,"column":4},"end":{"line":39,"column":5}}]},"1":{"loc":{"start":{"line":35,"column":6},"end":{"line":38,"column":7}},"type":"if","locations":[{"start":{"line":35,"column":6},"end":{"line":38,"column":7}}]},"2":{"loc":{"start":{"line":43,"column":4},"end":{"line":45,"column":12}},"type":"cond-expr","locations":[{"start":{"line":44,"column":8},"end":{"line":44,"column":35}},{"start":{"line":45,"column":8},"end":{"line":45,"column":12}}]},"3":{"loc":{"start":{"line":43,"column":4},"end":{"line":43,"column":60}},"type":"binary-expr","locations":[{"start":{"line":43,"column":4},"end":{"line":43,"column":29}},{"start":{"line":43,"column":33},"end":{"line":43,"column":60}}]},"4":{"loc":{"start":{"line":47,"column":24},"end":{"line":47,"column":68}},"type":"cond-expr","locations":[{"start":{"line":47,"column":39},"end":{"line":47,"column":62}},{"start":{"line":47,"column":66},"end":{"line":47,"column":68}}]},"5":{"loc":{"start":{"line":47,"column":39},"end":{"line":47,"column":62}},"type":"binary-expr","locations":[{"start":{"line":47,"column":39},"end":{"line":47,"column":56}},{"start":{"line":47,"column":60},"end":{"line":47,"column":62}}]},"6":{"loc":{"start":{"line":52,"column":4},"end":{"line":54,"column":5}},"type":"if","locations":[{"start":{"line":52,"column":4},"end":{"line":54,"column":5}}]},"7":{"loc":{"start":{"line":52,"column":8},"end":{"line":52,"column":55}},"type":"binary-expr","locations":[{"start":{"line":52,"column":8},"end":{"line":52,"column":33}},{"start":{"line":52,"column":37},"end":{"line":52,"column":55}}]},"8":{"loc":{"start":{"line":52,"column":38},"end":{"line":52,"column":53}},"type":"cond-expr","locations":[{"start":{"line":52,"column":49},"end":{"line":52,"column":51}},{"start":{"line":52,"column":38},"end":{"line":52,"column":53}}]},"9":{"loc":{"start":{"line":52,"column":38},"end":{"line":52,"column":51}},"type":"binary-expr","locations":[{"start":{"line":52,"column":38},"end":{"line":52,"column":51}},{"start":{"line":52,"column":38},"end":{"line":52,"column":51}}]},"10":{"loc":{"start":{"line":59,"column":4},"end":{"line":63,"column":5}},"type":"if","locations":[{"start":{"line":59,"column":4},"end":{"line":63,"column":5}},{"start":{"line":61,"column":11},"end":{"line":63,"column":5}}]},"11":{"loc":{"start":{"line":68,"column":4},"end":{"line":71,"column":5}},"type":"if","locations":[{"start":{"line":68,"column":4},"end":{"line":71,"column":5}}]},"12":{"loc":{"start":{"line":68,"column":8},"end":{"line":68,"column":37}},"type":"binary-expr","locations":[{"start":{"line":68,"column":8},"end":{"line":68,"column":19}},{"start":{"line":68,"column":23},"end":{"line":68,"column":37}}]},"13":{"loc":{"start":{"line":75,"column":4},"end":{"line":78,"column":5}},"type":"if","locations":[{"start":{"line":75,"column":4},"end":{"line":78,"column":5}}]},"14":{"loc":{"start":{"line":89,"column":4},"end":{"line":98,"column":5}},"type":"if","locations":[{"start":{"line":89,"column":4},"end":{"line":98,"column":5}}]},"15":{"loc":{"start":{"line":91,"column":6},"end":{"line":96,"column":7}},"type":"if","locations":[{"start":{"line":91,"column":6},"end":{"line":96,"column":7}},{"start":{"line":93,"column":13},"end":{"line":96,"column":7}}]},"16":{"loc":{"start":{"line":93,"column":13},"end":{"line":96,"column":7}},"type":"if","locations":[{"start":{"line":93,"column":13},"end":{"line":96,"column":7}}]},"17":{"loc":{"start":{"line":93,"column":17},"end":{"line":93,"column":70}},"type":"binary-expr","locations":[{"start":{"line":93,"column":17},"end":{"line":93,"column":42}},{"start":{"line":93,"column":46},"end":{"line":93,"column":70}}]},"18":{"loc":{"start":{"line":102,"column":4},"end":{"line":105,"column":5}},"type":"if","locations":[{"start":{"line":102,"column":4},"end":{"line":105,"column":5}}]},"19":{"loc":{"start":{"line":102,"column":8},"end":{"line":102,"column":55}},"type":"binary-expr","locations":[{"start":{"line":102,"column":8},"end":{"line":102,"column":33}},{"start":{"line":102,"column":37},"end":{"line":102,"column":55}}]},"20":{"loc":{"start":{"line":102,"column":38},"end":{"line":102,"column":53}},"type":"cond-expr","locations":[{"start":{"line":102,"column":49},"end":{"line":102,"column":51}},{"start":{"line":102,"column":38},"end":{"line":102,"column":53}}]},"21":{"loc":{"start":{"line":102,"column":38},"end":{"line":102,"column":51}},"type":"binary-expr","locations":[{"start":{"line":102,"column":38},"end":{"line":102,"column":51}},{"start":{"line":102,"column":38},"end":{"line":102,"column":51}}]},"22":{"loc":{"start":{"line":110,"column":4},"end":{"line":112,"column":5}},"type":"if","locations":[{"start":{"line":110,"column":4},"end":{"line":112,"column":5}}]},"23":{"loc":{"start":{"line":120,"column":4},"end":{"line":126,"column":5}},"type":"if","locations":[{"start":{"line":120,"column":4},"end":{"line":126,"column":5}}]},"24":{"loc":{"start":{"line":122,"column":6},"end":{"line":125,"column":7}},"type":"if","locations":[{"start":{"line":122,"column":6},"end":{"line":125,"column":7}}]},"25":{"loc":{"start":{"line":130,"column":4},"end":{"line":135,"column":5}},"type":"if","locations":[{"start":{"line":130,"column":4},"end":{"line":135,"column":5}}]},"26":{"loc":{"start":{"line":132,"column":6},"end":{"line":134,"column":7}},"type":"if","locations":[{"start":{"line":132,"column":6},"end":{"line":134,"column":7}}]},"27":{"loc":{"start":{"line":165,"column":21},"end":{"line":166,"column":null}},"type":"binary-expr","locations":[{"start":{"line":165,"column":21},"end":{"line":165,"column":46}},{"start":{"line":166,"column":22},"end":{"line":166,"column":143}}]},"28":{"loc":{"start":{"line":170,"column":23},"end":{"line":184,"column":null}},"type":"binary-expr","locations":[{"start":{"line":170,"column":23},"end":{"line":170,"column":47}},{"start":{"line":171,"column":24},"end":{"line":183,"column":null}}]},"29":{"loc":{"start":{"line":172,"column":27},"end":{"line":177,"column":null}},"type":"binary-expr","locations":[{"start":{"line":172,"column":27},"end":{"line":172,"column":53}},{"start":{"line":173,"column":28},"end":{"line":176,"column":null}}]},"30":{"loc":{"start":{"line":203,"column":19},"end":{"line":219,"column":null}},"type":"cond-expr","locations":[{"start":{"line":204,"column":20},"end":{"line":216,"column":null}},{"start":{"line":219,"column":20},"end":{"line":219,"column":34}}]},"31":{"loc":{"start":{"line":205,"column":23},"end":{"line":215,"column":null}},"type":"cond-expr","locations":[{"start":{"line":206,"column":24},"end":{"line":212,"column":null}},{"start":{"line":215,"column":24},"end":{"line":215,"column":149}}]},"32":{"loc":{"start":{"line":252,"column":21},"end":{"line":252,"column":45}},"type":"binary-expr","locations":[{"start":{"line":252,"column":21},"end":{"line":252,"column":32}},{"start":{"line":252,"column":36},"end":{"line":252,"column":45}}]}},"s":{"0":1,"1":1,"2":1,"3":1,"4":1,"5":1,"6":1,"7":1,"8":1,"9":1,"10":1,"11":1,"12":1,"13":1,"14":62,"15":62,"16":62,"17":62,"18":62,"19":62,"20":62,"21":62,"22":62,"23":62,"24":62,"25":62,"26":29,"27":0,"28":0,"29":0,"30":0,"31":0,"32":62,"33":62,"34":62,"35":62,"36":48,"37":31,"38":17,"39":17,"40":62,"41":18,"42":1,"43":17,"44":62,"45":1,"46":1,"47":1,"48":62,"49":1,"50":1,"51":1,"52":62,"53":3,"54":3,"55":3,"56":62,"57":4,"58":4,"59":4,"60":1,"61":3,"62":2,"63":4,"64":62,"65":2,"66":1,"67":1,"68":1,"69":62,"70":1,"71":1,"72":62,"73":1,"74":62,"75":2,"76":2,"77":2,"78":2,"79":2,"80":62,"81":1,"82":1,"83":1,"84":1,"85":62,"86":1,"87":62,"88":3,"89":3,"90":1,"91":1,"92":1,"93":0,"94":0,"95":0},"f":{"0":62,"1":29,"2":0,"3":48,"4":17,"5":18,"6":1,"7":1,"8":3,"9":4,"10":2,"11":1,"12":1,"13":2,"14":1,"15":1,"16":3,"17":3,"18":1,"19":1,"20":0,"21":0},"b":{"0":[0],"1":[0],"2":[21,41],"3":[62,21],"4":[21,41],"5":[21,0],"6":[31],"7":[48,17],"8":[0,17],"9":[17,17],"10":[1,17],"11":[1],"12":[1,1],"13":[1],"14":[4],"15":[1,3],"16":[2],"17":[3,2],"18":[1],"19":[2,1],"20":[0,1],"21":[1,1],"22":[1],"23":[2],"24":[2],"25":[1],"26":[1],"27":[62,21],"28":[62,10],"29":[10,8],"30":[21,41],"31":[3,18],"32":[62,60]}}
,"C:\\Users\\Kaneki\\Desktop\\saas-project\\web\\campaign_manager\\app\\javascript\\components\\CampaignForm.tsx": {"path":"C:\\Users\\Kaneki\\Desktop\\saas-project\\web\\campaign_manager\\app\\javascript\\components\\CampaignForm.tsx","statementMap":{"0":{"start":{"line":15,"column":0},"end":{"line":15,"column":24}},"1":{"start":{"line":3,"column":0},"end":{"line":3,"column":25}},"2":{"start":{"line":4,"column":0},"end":{"line":4,"column":32}},"3":{"start":{"line":5,"column":0},"end":{"line":5,"column":30}},"4":{"start":{"line":16,"column":28},"end":{"line":16,"column":40}},"5":{"start":{"line":17,"column":38},"end":{"line":17,"column":50}},"6":{"start":{"line":18,"column":24},"end":{"line":18,"column":54}},"7":{"start":{"line":20,"column":2},"end":{"line":24,"column":null}},"8":{"start":{"line":21,"column":4},"end":{"line":23,"column":5}},"9":{"start":{"line":22,"column":6},"end":{"line":22,"column":null}},"10":{"start":{"line":26,"column":2},"end":{"line":34,"column":null}},"11":{"start":{"line":27,"column":4},"end":{"line":33,"column":5}},"12":{"start":{"line":28,"column":6},"end":{"line":28,"column":null}},"13":{"start":{"line":29,"column":6},"end":{"line":29,"column":null}},"14":{"start":{"line":31,"column":6},"end":{"line":31,"column":null}},"15":{"start":{"line":32,"column":6},"end":{"line":32,"column":null}},"16":{"start":{"line":36,"column":23},"end":{"line":42,"column":3}},"17":{"start":{"line":37,"column":4},"end":{"line":37,"column":null}},"18":{"start":{"line":38,"column":4},"end":{"line":38,"column":null}},"19":{"start":{"line":39,"column":4},"end":{"line":39,"column":null}},"20":{"start":{"line":40,"column":4},"end":{"line":40,"column":null}},"21":{"start":{"line":41,"column":4},"end":{"line":41,"column":null}},"22":{"start":{"line":44,"column":22},"end":{"line":48,"column":3}},"23":{"start":{"line":45,"column":4},"end":{"line":45,"column":null}},"24":{"start":{"line":46,"column":4},"end":{"line":46,"column":null}},"25":{"start":{"line":47,"column":4},"end":{"line":47,"column":null}},"26":{"start":{"line":50,"column":2},"end":{"line":50,"column":null}},"27":{"start":{"line":50,"column":15},"end":{"line":50,"column":null}},"28":{"start":{"line":52,"column":2},"end":{"line":112,"column":null}},"29":{"start":{"line":79,"column":31},"end":{"line":79,"column":55}},"30":{"start":{"line":93,"column":31},"end":{"line":93,"column":60}}},"fnMap":{"0":{"name":"CampaignForm","decl":{"start":{"line":15,"column":24},"end":{"line":15,"column":36}},"loc":{"start":{"line":15,"column":114},"end":{"line":113,"column":1}}},"1":{"name":"(anonymous_2)","decl":{"start":{"line":20,"column":18},"end":{"line":20,"column":21}},"loc":{"start":{"line":20,"column":23},"end":{"line":24,"column":3}}},"2":{"name":"(anonymous_3)","decl":{"start":{"line":26,"column":18},"end":{"line":26,"column":21}},"loc":{"start":{"line":26,"column":23},"end":{"line":34,"column":3}}},"3":{"name":"(anonymous_4)","decl":{"start":{"line":36,"column":23},"end":{"line":36,"column":24}},"loc":{"start":{"line":36,"column":46},"end":{"line":42,"column":3}}},"4":{"name":"(anonymous_5)","decl":{"start":{"line":44,"column":22},"end":{"line":44,"column":25}},"loc":{"start":{"line":44,"column":27},"end":{"line":48,"column":3}}},"5":{"name":"(anonymous_6)","decl":{"start":{"line":79,"column":24},"end":{"line":79,"column":25}},"loc":{"start":{"line":79,"column":31},"end":{"line":79,"column":55}}},"6":{"name":"(anonymous_7)","decl":{"start":{"line":93,"column":24},"end":{"line":93,"column":25}},"loc":{"start":{"line":93,"column":31},"end":{"line":93,"column":60}}}},"branchMap":{"0":{"loc":{"start":{"line":15,"column":79},"end":{"line":15,"column":93}},"type":"default-arg","locations":[{"start":{"line":15,"column":88},"end":{"line":15,"column":93}}]},"1":{"loc":{"start":{"line":21,"column":4},"end":{"line":23,"column":5}},"type":"if","locations":[{"start":{"line":21,"column":4},"end":{"line":23,"column":5}}]},"2":{"loc":{"start":{"line":21,"column":8},"end":{"line":21,"column":39}},"type":"binary-expr","locations":[{"start":{"line":21,"column":8},"end":{"line":21,"column":14}},{"start":{"line":21,"column":18},"end":{"line":21,"column":39}}]},"3":{"loc":{"start":{"line":27,"column":4},"end":{"line":33,"column":5}},"type":"if","locations":[{"start":{"line":27,"column":4},"end":{"line":33,"column":5}},{"start":{"line":30,"column":11},"end":{"line":33,"column":5}}]},"4":{"loc":{"start":{"line":27,"column":8},"end":{"line":27,"column":29}},"type":"binary-expr","locations":[{"start":{"line":27,"column":8},"end":{"line":27,"column":14}},{"start":{"line":27,"column":18},"end":{"line":27,"column":29}}]},"5":{"loc":{"start":{"line":50,"column":2},"end":{"line":50,"column":null}},"type":"if","locations":[{"start":{"line":50,"column":2},"end":{"line":50,"column":null}}]},"6":{"loc":{"start":{"line":57,"column":13},"end":{"line":57,"column":61}},"type":"cond-expr","locations":[{"start":{"line":57,"column":22},"end":{"line":57,"column":37}},{"start":{"line":57,"column":40},"end":{"line":57,"column":61}}]},"7":{"loc":{"start":{"line":106,"column":15},"end":{"line":106,"column":49}},"type":"cond-expr","locations":[{"start":{"line":106,"column":24},"end":{"line":106,"column":38}},{"start":{"line":106,"column":41},"end":{"line":106,"column":49}}]}},"s":{"0":1,"1":1,"2":1,"3":1,"4":64,"5":64,"6":64,"7":64,"8":10,"9":8,"10":64,"11":10,"12":1,"13":1,"14":9,"15":9,"16":64,"17":1,"18":1,"19":1,"20":1,"21":1,"22":64,"23":1,"24":1,"25":1,"26":64,"27":3,"28":61,"29":24,"30":25},"f":{"0":64,"1":10,"2":10,"3":1,"4":1,"5":24,"6":25},"b":{"0":[62],"1":[8],"2":[10,8],"3":[1,9],"4":[10,1],"5":[3],"6":[2,59],"7":[2,59]}}
,"C:\\Users\\Kaneki\\Desktop\\saas-project\\web\\campaign_manager\\app\\javascript\\components\\CampaignSidebar.tsx": {"path":"C:\\Users\\Kaneki\\Desktop\\saas-project\\web\\campaign_manager\\app\\javascript\\components\\CampaignSidebar.tsx","statementMap":{"0":{"start":{"line":14,"column":0},"end":{"line":14,"column":24}},"1":{"start":{"line":22,"column":2},"end":{"line":123,"column":null}},"2":{"start":{"line":51,"column":14},"end":{"line":52,"column":null}},"3":{"start":{"line":53,"column":31},"end":{"line":53,"column":53}},"4":{"start":{"line":71,"column":24},"end":{"line":71,"column":null}},"5":{"start":{"line":72,"column":24},"end":{"line":72,"column":null}},"6":{"start":{"line":93,"column":24},"end":{"line":93,"column":null}},"7":{"start":{"line":94,"column":24},"end":{"line":94,"column":null}}},"fnMap":{"0":{"name":"CampaignSidebar","decl":{"start":{"line":14,"column":24},"end":{"line":14,"column":39}},"loc":{"start":{"line":21,"column":23},"end":{"line":124,"column":1}}},"1":{"name":"(anonymous_1)","decl":{"start":{"line":50,"column":27},"end":{"line":50,"column":28}},"loc":{"start":{"line":51,"column":14},"end":{"line":52,"column":null}}},"2":{"name":"(anonymous_2)","decl":{"start":{"line":53,"column":25},"end":{"line":53,"column":28}},"loc":{"start":{"line":53,"column":31},"end":{"line":53,"column":53}}},"3":{"name":"(anonymous_3)","decl":{"start":{"line":70,"column":31},"end":{"line":70,"column":32}},"loc":{"start":{"line":70,"column":37},"end":{"line":73,"column":23}}},"4":{"name":"(anonymous_4)","decl":{"start":{"line":92,"column":31},"end":{"line":92,"column":32}},"loc":{"start":{"line":92,"column":37},"end":{"line":95,"column":23}}}},"branchMap":{"0":{"loc":{"start":{"line":44,"column":9},"end":{"line":119,"column":null}},"type":"cond-expr","locations":[{"start":{"line":45,"column":10},"end":{"line":46,"column":null}},{"start":{"line":49,"column":10},"end":{"line":118,"column":null}}]},"1":{"loc":{"start":{"line":55,"column":18},"end":{"line":57,"column":null}},"type":"cond-expr","locations":[{"start":{"line":56,"column":22},"end":{"line":56,"column":68}},{"start":{"line":57,"column":22},"end":{"line":57,"column":null}}]},"2":{"loc":{"start":{"line":115,"column":19},"end":{"line":115,"column":78}},"type":"binary-expr","locations":[{"start":{"line":115,"column":19},"end":{"line":115,"column":38}},{"start":{"line":115,"column":42},"end":{"line":115,"column":78}}]}},"s":{"0":1,"1":13,"2":23,"3":1,"4":2,"5":2,"6":2,"7":2},"f":{"0":13,"1":23,"2":1,"3":2,"4":2},"b":{"0":[1,12],"1":[2,21],"2":[23,22]}}
,"C:\\Users\\Kaneki\\Desktop\\saas-project\\web\\campaign_manager\\app\\javascript\\components\\Cube.tsx": {"path":"C:\\Users\\Kaneki\\Desktop\\saas-project\\web\\campaign_manager\\app\\javascript\\components\\Cube.tsx","statementMap":{"0":{"start":{"line":3,"column":0},"end":{"line":3,"column":24}},"1":{"start":{"line":1,"column":0},"end":{"line":1,"column":26}},"2":{"start":{"line":4,"column":2},"end":{"line":13,"column":null}}},"fnMap":{"0":{"name":"Cube","decl":{"start":{"line":3,"column":24},"end":{"line":3,"column":28}},"loc":{"start":{"line":3,"column":28},"end":{"line":14,"column":1}}}},"branchMap":{},"s":{"0":1,"1":1,"2":2},"f":{"0":2},"b":{}}
,"C:\\Users\\Kaneki\\Desktop\\saas-project\\web\\campaign_manager\\app\\javascript\\components\\EmptyState.tsx": {"path":"C:\\Users\\Kaneki\\Desktop\\saas-project\\web\\campaign_manager\\app\\javascript\\components\\EmptyState.tsx","statementMap":{"0":{"start":{"line":3,"column":0},"end":{"line":3,"column":24}},"1":{"start":{"line":4,"column":2},"end":{"line":27,"column":null}}},"fnMap":{"0":{"name":"EmptyState","decl":{"start":{"line":3,"column":24},"end":{"line":3,"column":34}},"loc":{"start":{"line":3,"column":34},"end":{"line":28,"column":1}}}},"branchMap":{},"s":{"0":1,"1":4},"f":{"0":4},"b":{}}
,"C:\\Users\\Kaneki\\Desktop\\saas-project\\web\\campaign_manager\\app\\javascript\\components\\LeadForm.tsx": {"path":"C:\\Users\\Kaneki\\Desktop\\saas-project\\web\\campaign_manager\\app\\javascript\\components\\LeadForm.tsx","statementMap":{"0":{"start":{"line":13,"column":0},"end":{"line":13,"column":24}},"1":{"start":{"line":3,"column":0},"end":{"line":3,"column":25}},"2":{"start":{"line":14,"column":34},"end":{"line":19,"column":4}},"3":{"start":{"line":21,"column":23},"end":{"line":21,"column":59}},"4":{"start":{"line":23,"column":2},"end":{"line":27,"column":null}},"5":{"start":{"line":24,"column":4},"end":{"line":26,"column":5}},"6":{"start":{"line":25,"column":6},"end":{"line":25,"column":null}},"7":{"start":{"line":29,"column":2},"end":{"line":35,"column":null}},"8":{"start":{"line":30,"column":4},"end":{"line":34,"column":5}},"9":{"start":{"line":31,"column":6},"end":{"line":31,"column":null}},"10":{"start":{"line":33,"column":6},"end":{"line":33,"column":null}},"11":{"start":{"line":37,"column":23},"end":{"line":42,"column":3}},"12":{"start":{"line":38,"column":4},"end":{"line":38,"column":null}},"13":{"start":{"line":39,"column":4},"end":{"line":39,"column":null}},"14":{"start":{"line":40,"column":4},"end":{"line":40,"column":null}},"15":{"start":{"line":41,"column":4},"end":{"line":41,"column":null}},"16":{"start":{"line":44,"column":22},"end":{"line":47,"column":3}},"17":{"start":{"line":45,"column":4},"end":{"line":45,"column":null}},"18":{"start":{"line":46,"column":4},"end":{"line":46,"column":null}},"19":{"start":{"line":49,"column":2},"end":{"line":49,"column":null}},"20":{"start":{"line":49,"column":15},"end":{"line":49,"column":null}},"21":{"start":{"line":51,"column":2},"end":{"line":141,"column":null}},"22":{"start":{"line":78,"column":31},"end":{"line":78,"column":81}},"23":{"start":{"line":93,"column":31},"end":{"line":93,"column":82}},"24":{"start":{"line":108,"column":31},"end":{"line":108,"column":82}},"25":{"start":{"line":123,"column":31},"end":{"line":123,"column":84}}},"fnMap":{"0":{"name":"LeadForm","decl":{"start":{"line":13,"column":24},"end":{"line":13,"column":32}},"loc":{"start":{"line":13,"column":106},"end":{"line":142,"column":1}}},"1":{"name":"(anonymous_2)","decl":{"start":{"line":23,"column":18},"end":{"line":23,"column":21}},"loc":{"start":{"line":23,"column":23},"end":{"line":27,"column":3}}},"2":{"name":"(anonymous_3)","decl":{"start":{"line":29,"column":18},"end":{"line":29,"column":21}},"loc":{"start":{"line":29,"column":23},"end":{"line":35,"column":3}}},"3":{"name":"(anonymous_4)","decl":{"start":{"line":37,"column":23},"end":{"line":37,"column":24}},"loc":{"start":{"line":37,"column":46},"end":{"line":42,"column":3}}},"4":{"name":"(anonymous_5)","decl":{"start":{"line":44,"column":22},"end":{"line":44,"column":25}},"loc":{"start":{"line":44,"column":27},"end":{"line":47,"column":3}}},"5":{"name":"(anonymous_6)","decl":{"start":{"line":78,"column":24},"end":{"line":78,"column":25}},"loc":{"start":{"line":78,"column":31},"end":{"line":78,"column":81}}},"6":{"name":"(anonymous_7)","decl":{"start":{"line":93,"column":24},"end":{"line":93,"column":25}},"loc":{"start":{"line":93,"column":31},"end":{"line":93,"column":82}}},"7":{"name":"(anonymous_8)","decl":{"start":{"line":108,"column":24},"end":{"line":108,"column":25}},"loc":{"start":{"line":108,"column":31},"end":{"line":108,"column":82}}},"8":{"name":"(anonymous_9)","decl":{"start":{"line":123,"column":24},"end":{"line":123,"column":25}},"loc":{"start":{"line":123,"column":31},"end":{"line":123,"column":84}}}},"branchMap":{"0":{"loc":{"start":{"line":13,"column":75},"end":{"line":13,"column":89}},"type":"default-arg","locations":[{"start":{"line":13,"column":84},"end":{"line":13,"column":89}}]},"1":{"loc":{"start":{"line":24,"column":4},"end":{"line":26,"column":5}},"type":"if","locations":[{"start":{"line":24,"column":4},"end":{"line":26,"column":5}}]},"2":{"loc":{"start":{"line":24,"column":8},"end":{"line":24,"column":38}},"type":"binary-expr","locations":[{"start":{"line":24,"column":8},"end":{"line":24,"column":14}},{"start":{"line":24,"column":18},"end":{"line":24,"column":38}}]},"3":{"loc":{"start":{"line":30,"column":4},"end":{"line":34,"column":5}},"type":"if","locations":[{"start":{"line":30,"column":4},"end":{"line":34,"column":5}},{"start":{"line":32,"column":11},"end":{"line":34,"column":5}}]},"4":{"loc":{"start":{"line":30,"column":8},"end":{"line":30,"column":29}},"type":"binary-expr","locations":[{"start":{"line":30,"column":8},"end":{"line":30,"column":14}},{"start":{"line":30,"column":18},"end":{"line":30,"column":29}}]},"5":{"loc":{"start":{"line":49,"column":2},"end":{"line":49,"column":null}},"type":"if","locations":[{"start":{"line":49,"column":2},"end":{"line":49,"column":null}}]},"6":{"loc":{"start":{"line":56,"column":13},"end":{"line":56,"column":50}},"type":"cond-expr","locations":[{"start":{"line":56,"column":22},"end":{"line":56,"column":33}},{"start":{"line":56,"column":36},"end":{"line":56,"column":50}}]},"7":{"loc":{"start":{"line":135,"column":15},"end":{"line":135,"column":51}},"type":"cond-expr","locations":[{"start":{"line":135,"column":24},"end":{"line":135,"column":38}},{"start":{"line":135,"column":41},"end":{"line":135,"column":51}}]}},"s":{"0":1,"1":1,"2":112,"3":112,"4":112,"5":11,"6":9,"7":112,"8":11,"9":1,"10":10,"11":112,"12":1,"13":1,"14":1,"15":1,"16":112,"17":1,"18":1,"19":112,"20":4,"21":108,"22":19,"23":45,"24":13,"25":11},"f":{"0":112,"1":11,"2":11,"3":1,"4":1,"5":19,"6":45,"7":13,"8":11},"b":{"0":[110],"1":[9],"2":[11,9],"3":[1,10],"4":[11,1],"5":[4],"6":[2,106],"7":[2,106]}}
,"C:\\Users\\Kaneki\\Desktop\\saas-project\\web\\campaign_manager\\app\\javascript\\components\\Navigation.tsx": {"path":"C:\\Users\\Kaneki\\Desktop\\saas-project\\web\\campaign_manager\\app\\javascript\\components\\Navigation.tsx","statementMap":{"0":{"start":{"line":8,"column":0},"end":{"line":8,"column":24}},"1":{"start":{"line":3,"column":0},"end":{"line":3,"column":39}},"2":{"start":{"line":4,"column":0},"end":{"line":4,"column":36}},"3":{"start":{"line":5,"column":0},"end":{"line":5,"column":50}},"4":{"start":{"line":6,"column":0},"end":{"line":6,"column":47}},"5":{"start":{"line":9,"column":52},"end":{"line":9,"column":67}},"6":{"start":{"line":10,"column":38},"end":{"line":10,"column":50}},"7":{"start":{"line":12,"column":28},"end":{"line":22,"column":3}},"8":{"start":{"line":13,"column":20},"end":{"line":13,"column":40}},"9":{"start":{"line":14,"column":4},"end":{"line":21,"column":5}},"10":{"start":{"line":15,"column":6},"end":{"line":18,"column":null}},"11":{"start":{"line":20,"column":6},"end":{"line":20,"column":null}},"12":{"start":{"line":24,"column":2},"end":{"line":59,"column":null}},"13":{"start":{"line":41,"column":33},"end":{"line":41,"column":59}},"14":{"start":{"line":54,"column":23},"end":{"line":54,"column":50}}},"fnMap":{"0":{"name":"Navigation","decl":{"start":{"line":8,"column":24},"end":{"line":8,"column":34}},"loc":{"start":{"line":8,"column":34},"end":{"line":60,"column":1}}},"1":{"name":"(anonymous_11)","decl":{"start":{"line":12,"column":28},"end":{"line":12,"column":33}},"loc":{"start":{"line":12,"column":88},"end":{"line":22,"column":3}}},"2":{"name":"(anonymous_12)","decl":{"start":{"line":41,"column":27},"end":{"line":41,"column":30}},"loc":{"start":{"line":41,"column":33},"end":{"line":41,"column":59}}},"3":{"name":"(anonymous_13)","decl":{"start":{"line":54,"column":17},"end":{"line":54,"column":20}},"loc":{"start":{"line":54,"column":23},"end":{"line":54,"column":50}}}},"branchMap":{"0":{"loc":{"start":{"line":14,"column":4},"end":{"line":21,"column":5}},"type":"if","locations":[{"start":{"line":14,"column":4},"end":{"line":21,"column":5}},{"start":{"line":19,"column":11},"end":{"line":21,"column":5}}]},"1":{"loc":{"start":{"line":16,"column":19},"end":{"line":16,"column":85}},"type":"cond-expr","locations":[{"start":{"line":16,"column":36},"end":{"line":16,"column":68}},{"start":{"line":16,"column":71},"end":{"line":16,"column":85}}]},"2":{"loc":{"start":{"line":17,"column":22},"end":{"line":17,"column":94}},"type":"cond-expr","locations":[{"start":{"line":17,"column":42},"end":{"line":17,"column":77}},{"start":{"line":17,"column":80},"end":{"line":17,"column":94}}]}},"s":{"0":1,"1":1,"2":1,"3":1,"4":1,"5":14,"6":14,"7":14,"8":2,"9":2,"10":1,"11":1,"12":14,"13":5,"14":1},"f":{"0":14,"1":2,"2":5,"3":1},"b":{"0":[1,1],"1":[1,0],"2":[1,0]}}
,"C:\\Users\\Kaneki\\Desktop\\saas-project\\web\\campaign_manager\\app\\javascript\\components\\PlaceholderRoot.tsx": {"path":"C:\\Users\\Kaneki\\Desktop\\saas-project\\web\\campaign_manager\\app\\javascript\\components\\PlaceholderRoot.tsx","statementMap":{"0":{"start":{"line":3,"column":0},"end":{"line":3,"column":24}},"1":{"start":{"line":1,"column":0},"end":{"line":1,"column":25}},"2":{"start":{"line":4,"column":2},"end":{"line":8,"column":null}}},"fnMap":{"0":{"name":"PlaceholderRoot","decl":{"start":{"line":3,"column":24},"end":{"line":3,"column":39}},"loc":{"start":{"line":3,"column":67},"end":{"line":9,"column":1}}}},"branchMap":{"0":{"loc":{"start":{"line":6,"column":7},"end":{"line":6,"column":54}},"type":"binary-expr","locations":[{"start":{"line":6,"column":7},"end":{"line":6,"column":20}},{"start":{"line":6,"column":24},"end":{"line":6,"column":54}}]}},"s":{"0":1,"1":1,"2":3},"f":{"0":3},"b":{"0":[3,2]}}
,"C:\\Users\\Kaneki\\Desktop\\saas-project\\web\\campaign_manager\\app\\javascript\\components\\ProgressTable.tsx": {"path":"C:\\Users\\Kaneki\\Desktop\\saas-project\\web\\campaign_manager\\app\\javascript\\components\\ProgressTable.tsx","statementMap":{"0":{"start":{"line":3,"column":0},"end":{"line":3,"column":25}},"1":{"start":{"line":14,"column":2},"end":{"line":77,"column":null}},"2":{"start":{"line":39,"column":14},"end":{"line":40,"column":null}},"3":{"start":{"line":43,"column":72},"end":{"line":43,"column":89}},"4":{"start":{"line":49,"column":72},"end":{"line":49,"column":89}},"5":{"start":{"line":63,"column":35},"end":{"line":63,"column":53}},"6":{"start":{"line":80,"column":0},"end":{"line":80,"column":null}}},"fnMap":{"0":{"name":"ProgressTable","decl":{"start":{"line":13,"column":9},"end":{"line":13,"column":22}},"loc":{"start":{"line":13,"column":91},"end":{"line":78,"column":1}}},"1":{"name":"(anonymous_2)","decl":{"start":{"line":38,"column":23},"end":{"line":38,"column":24}},"loc":{"start":{"line":39,"column":14},"end":{"line":40,"column":null}}},"2":{"name":"(anonymous_3)","decl":{"start":{"line":43,"column":66},"end":{"line":43,"column":69}},"loc":{"start":{"line":43,"column":72},"end":{"line":43,"column":89}}},"3":{"name":"(anonymous_4)","decl":{"start":{"line":49,"column":66},"end":{"line":49,"column":69}},"loc":{"start":{"line":49,"column":72},"end":{"line":49,"column":89}}},"4":{"name":"(anonymous_5)","decl":{"start":{"line":63,"column":29},"end":{"line":63,"column":32}},"loc":{"start":{"line":63,"column":35},"end":{"line":63,"column":53}}}},"branchMap":{"0":{"loc":{"start":{"line":45,"column":51},"end":{"line":45,"column":118}},"type":"cond-expr","locations":[{"start":{"line":45,"column":85},"end":{"line":45,"column":100}},{"start":{"line":45,"column":103},"end":{"line":45,"column":118}}]},"1":{"loc":{"start":{"line":51,"column":51},"end":{"line":51,"column":118}},"type":"cond-expr","locations":[{"start":{"line":51,"column":85},"end":{"line":51,"column":100}},{"start":{"line":51,"column":103},"end":{"line":51,"column":118}}]},"2":{"loc":{"start":{"line":60,"column":57},"end":{"line":60,"column":76}},"type":"binary-expr","locations":[{"start":{"line":60,"column":57},"end":{"line":60,"column":69}},{"start":{"line":60,"column":73},"end":{"line":60,"column":76}}]}},"s":{"0":1,"1":15,"2":32,"3":0,"4":1,"5":1,"6":1},"f":{"0":15,"1":32,"2":0,"3":1,"4":1},"b":{"0":[3,29],"1":[3,29],"2":[32,11]}}
,"C:\\Users\\Kaneki\\Desktop\\saas-project\\web\\campaign_manager\\app\\javascript\\hooks\\useApiKeys.ts": {"path":"C:\\Users\\Kaneki\\Desktop\\saas-project\\web\\campaign_manager\\app\\javascript\\hooks\\useApiKeys.ts","statementMap":{"0":{"start":{"line":9,"column":0},"end":{"line":9,"column":16}},"1":{"start":{"line":1,"column":0},"end":{"line":1,"column":25}},"2":{"start":{"line":2,"column":0},"end":{"line":2,"column":46}},"3":{"start":{"line":10,"column":26},"end":{"line":13,"column":4}},"4":{"start":{"line":14,"column":32},"end":{"line":14,"column":52}},"5":{"start":{"line":15,"column":28},"end":{"line":15,"column":63}},"6":{"start":{"line":18,"column":2},"end":{"line":20,"column":null}},"7":{"start":{"line":19,"column":4},"end":{"line":19,"column":null}},"8":{"start":{"line":22,"column":19},"end":{"line":44,"column":3}},"9":{"start":{"line":23,"column":4},"end":{"line":43,"column":5}},"10":{"start":{"line":24,"column":6},"end":{"line":24,"column":null}},"11":{"start":{"line":25,"column":6},"end":{"line":25,"column":null}},"12":{"start":{"line":26,"column":23},"end":{"line":26,"column":63}},"13":{"start":{"line":28,"column":6},"end":{"line":28,"column":null}},"14":{"start":{"line":30,"column":6},"end":{"line":36,"column":7}},"15":{"start":{"line":31,"column":8},"end":{"line":31,"column":null}},"16":{"start":{"line":32,"column":8},"end":{"line":32,"column":null}},"17":{"start":{"line":34,"column":8},"end":{"line":34,"column":null}},"18":{"start":{"line":35,"column":8},"end":{"line":35,"column":null}},"19":{"start":{"line":38,"column":27},"end":{"line":38,"column":89}},"20":{"start":{"line":39,"column":6},"end":{"line":39,"column":null}},"21":{"start":{"line":40,"column":6},"end":{"line":40,"column":null}},"22":{"start":{"line":42,"column":6},"end":{"line":42,"column":null}},"23":{"start":{"line":46,"column":19},"end":{"line":71,"column":3}},"24":{"start":{"line":47,"column":4},"end":{"line":70,"column":5}},"25":{"start":{"line":48,"column":6},"end":{"line":48,"column":null}},"26":{"start":{"line":49,"column":23},"end":{"line":49,"column":72}},"27":{"start":{"line":51,"column":6},"end":{"line":51,"column":null}},"28":{"start":{"line":53,"column":6},"end":{"line":64,"column":7}},"29":{"start":{"line":54,"column":8},"end":{"line":54,"column":null}},"30":{"start":{"line":55,"column":8},"end":{"line":55,"column":null}},"31":{"start":{"line":56,"column":8},"end":{"line":56,"column":null}},"32":{"start":{"line":59,"column":26},"end":{"line":59,"column":39}},"33":{"start":{"line":60,"column":8},"end":{"line":62,"column":9}},"34":{"start":{"line":61,"column":10},"end":{"line":61,"column":null}},"35":{"start":{"line":63,"column":8},"end":{"line":63,"column":null}},"36":{"start":{"line":66,"column":27},"end":{"line":66,"column":89}},"37":{"start":{"line":67,"column":6},"end":{"line":67,"column":null}},"38":{"start":{"line":68,"column":6},"end":{"line":68,"column":null}},"39":{"start":{"line":69,"column":6},"end":{"line":69,"column":null}},"40":{"start":{"line":73,"column":20},"end":{"line":93,"column":3}},"41":{"start":{"line":74,"column":4},"end":{"line":92,"column":5}},"42":{"start":{"line":75,"column":6},"end":{"line":75,"column":null}},"43":{"start":{"line":76,"column":24},"end":{"line":76,"column":59}},"44":{"start":{"line":77,"column":23},"end":{"line":77,"column":74}},"45":{"start":{"line":79,"column":6},"end":{"line":86,"column":7}},"46":{"start":{"line":80,"column":8},"end":{"line":80,"column":null}},"47":{"start":{"line":81,"column":8},"end":{"line":81,"column":null}},"48":{"start":{"line":82,"column":8},"end":{"line":82,"column":null}},"49":{"start":{"line":84,"column":8},"end":{"line":84,"column":null}},"50":{"start":{"line":85,"column":8},"end":{"line":85,"column":null}},"51":{"start":{"line":88,"column":27},"end":{"line":88,"column":90}},"52":{"start":{"line":89,"column":6},"end":{"line":89,"column":null}},"53":{"start":{"line":90,"column":6},"end":{"line":90,"column":null}},"54":{"start":{"line":91,"column":6},"end":{"line":91,"column":null}},"55":{"start":{"line":95,"column":2},"end":{"line":102,"column":null}}},"fnMap":{"0":{"name":"useApiKeys","decl":{"start":{"line":9,"column":16},"end":{"line":9,"column":26}},"loc":{"start":{"line":9,"column":26},"end":{"line":103,"column":1}}},"1":{"name":"(anonymous_2)","decl":{"start":{"line":18,"column":18},"end":{"line":18,"column":21}},"loc":{"start":{"line":18,"column":23},"end":{"line":20,"column":3}}},"2":{"name":"(anonymous_3)","decl":{"start":{"line":22,"column":19},"end":{"line":22,"column":24}},"loc":{"start":{"line":22,"column":30},"end":{"line":44,"column":3}}},"3":{"name":"(anonymous_4)","decl":{"start":{"line":46,"column":19},"end":{"line":46,"column":24}},"loc":{"start":{"line":46,"column":46},"end":{"line":71,"column":3}}},"4":{"name":"(anonymous_5)","decl":{"start":{"line":73,"column":20},"end":{"line":73,"column":25}},"loc":{"start":{"line":73,"column":31},"end":{"line":93,"column":3}}}},"branchMap":{"0":{"loc":{"start":{"line":30,"column":6},"end":{"line":36,"column":7}},"type":"if","locations":[{"start":{"line":30,"column":6},"end":{"line":36,"column":7}},{"start":{"line":33,"column":13},"end":{"line":36,"column":7}}]},"1":{"loc":{"start":{"line":35,"column":16},"end":{"line":35,"column":68}},"type":"binary-expr","locations":[{"start":{"line":35,"column":16},"end":{"line":35,"column":29}},{"start":{"line":35,"column":33},"end":{"line":35,"column":68}}]},"2":{"loc":{"start":{"line":38,"column":27},"end":{"line":38,"column":89}},"type":"cond-expr","locations":[{"start":{"line":38,"column":50},"end":{"line":38,"column":61}},{"start":{"line":38,"column":64},"end":{"line":38,"column":89}}]},"3":{"loc":{"start":{"line":53,"column":6},"end":{"line":64,"column":7}},"type":"if","locations":[{"start":{"line":53,"column":6},"end":{"line":64,"column":7}},{"start":{"line":57,"column":13},"end":{"line":64,"column":7}}]},"4":{"loc":{"start":{"line":60,"column":8},"end":{"line":62,"column":9}},"type":"if","locations":[{"start":{"line":60,"column":8},"end":{"line":62,"column":9}}]},"5":{"loc":{"start":{"line":66,"column":27},"end":{"line":66,"column":89}},"type":"cond-expr","locations":[{"start":{"line":66,"column":50},"end":{"line":66,"column":61}},{"start":{"line":66,"column":64},"end":{"line":66,"column":89}}]},"6":{"loc":{"start":{"line":79,"column":6},"end":{"line":86,"column":7}},"type":"if","locations":[{"start":{"line":79,"column":6},"end":{"line":86,"column":7}},{"start":{"line":83,"column":13},"end":{"line":86,"column":7}}]},"7":{"loc":{"start":{"line":88,"column":27},"end":{"line":88,"column":90}},"type":"cond-expr","locations":[{"start":{"line":88,"column":50},"end":{"line":88,"column":61}},{"start":{"line":88,"column":64},"end":{"line":88,"column":90}}]}},"s":{"0":1,"1":1,"2":1,"3":8,"4":8,"5":8,"6":8,"7":6,"8":8,"9":6,"10":6,"11":6,"12":6,"13":5,"14":5,"15":0,"16":0,"17":5,"18":5,"19":1,"20":1,"21":1,"22":6,"23":8,"24":0,"25":0,"26":0,"27":0,"28":0,"29":0,"30":0,"31":0,"32":0,"33":0,"34":0,"35":0,"36":0,"37":0,"38":0,"39":0,"40":8,"41":0,"42":0,"43":0,"44":0,"45":0,"46":0,"47":0,"48":0,"49":0,"50":0,"51":0,"52":0,"53":0,"54":0,"55":8},"f":{"0":8,"1":6,"2":6,"3":0,"4":0},"b":{"0":[0,5],"1":[5,2],"2":[0,1],"3":[0,0],"4":[0],"5":[0,0],"6":[0,0],"7":[0,0]}}
,"C:\\Users\\Kaneki\\Desktop\\saas-project\\web\\campaign_manager\\app\\javascript\\hooks\\useCampaigns.ts": {"path":"C:\\Users\\Kaneki\\Desktop\\saas-project\\web\\campaign_manager\\app\\javascript\\hooks\\useCampaigns.ts","statementMap":{"0":{"start":{"line":5,"column":0},"end":{"line":5,"column":16}},"1":{"start":{"line":1,"column":0},"end":{"line":1,"column":25}},"2":{"start":{"line":3,"column":0},"end":{"line":3,"column":46}},"3":{"start":{"line":6,"column":36},"end":{"line":6,"column":66}},"4":{"start":{"line":7,"column":32},"end":{"line":7,"column":52}},"5":{"start":{"line":8,"column":28},"end":{"line":8,"column":63}},"6":{"start":{"line":11,"column":2},"end":{"line":13,"column":null}},"7":{"start":{"line":12,"column":4},"end":{"line":12,"column":null}},"8":{"start":{"line":15,"column":24},"end":{"line":37,"column":3}},"9":{"start":{"line":16,"column":4},"end":{"line":36,"column":5}},"10":{"start":{"line":17,"column":6},"end":{"line":17,"column":null}},"11":{"start":{"line":18,"column":6},"end":{"line":18,"column":null}},"12":{"start":{"line":19,"column":23},"end":{"line":19,"column":69}},"13":{"start":{"line":21,"column":6},"end":{"line":21,"column":null}},"14":{"start":{"line":23,"column":6},"end":{"line":29,"column":7}},"15":{"start":{"line":24,"column":8},"end":{"line":24,"column":null}},"16":{"start":{"line":25,"column":8},"end":{"line":25,"column":null}},"17":{"start":{"line":27,"column":8},"end":{"line":27,"column":null}},"18":{"start":{"line":28,"column":8},"end":{"line":28,"column":null}},"19":{"start":{"line":31,"column":27},"end":{"line":31,"column":90}},"20":{"start":{"line":32,"column":6},"end":{"line":32,"column":null}},"21":{"start":{"line":33,"column":6},"end":{"line":33,"column":null}},"22":{"start":{"line":35,"column":6},"end":{"line":35,"column":null}},"23":{"start":{"line":39,"column":25},"end":{"line":64,"column":3}},"24":{"start":{"line":40,"column":4},"end":{"line":63,"column":5}},"25":{"start":{"line":41,"column":6},"end":{"line":41,"column":null}},"26":{"start":{"line":42,"column":23},"end":{"line":42,"column":74}},"27":{"start":{"line":44,"column":6},"end":{"line":57,"column":7}},"28":{"start":{"line":45,"column":25},"end":{"line":45,"column":97}},"29":{"start":{"line":46,"column":8},"end":{"line":46,"column":null}},"30":{"start":{"line":47,"column":8},"end":{"line":47,"column":null}},"31":{"start":{"line":48,"column":8},"end":{"line":48,"column":null}},"32":{"start":{"line":51,"column":28},"end":{"line":51,"column":41}},"33":{"start":{"line":52,"column":8},"end":{"line":55,"column":9}},"34":{"start":{"line":53,"column":10},"end":{"line":53,"column":null}},"35":{"start":{"line":53,"column":31},"end":{"line":53,"column":53}},"36":{"start":{"line":54,"column":10},"end":{"line":54,"column":null}},"37":{"start":{"line":56,"column":8},"end":{"line":56,"column":null}},"38":{"start":{"line":59,"column":27},"end":{"line":59,"column":91}},"39":{"start":{"line":60,"column":6},"end":{"line":60,"column":null}},"40":{"start":{"line":61,"column":6},"end":{"line":61,"column":null}},"41":{"start":{"line":62,"column":6},"end":{"line":62,"column":null}},"42":{"start":{"line":66,"column":25},"end":{"line":95,"column":3}},"43":{"start":{"line":67,"column":4},"end":{"line":94,"column":5}},"44":{"start":{"line":68,"column":23},"end":{"line":68,"column":39}},"45":{"start":{"line":69,"column":6},"end":{"line":72,"column":7}},"46":{"start":{"line":70,"column":8},"end":{"line":70,"column":null}},"47":{"start":{"line":71,"column":8},"end":{"line":71,"column":null}},"48":{"start":{"line":74,"column":6},"end":{"line":74,"column":null}},"49":{"start":{"line":75,"column":23},"end":{"line":75,"column":87}},"50":{"start":{"line":77,"column":6},"end":{"line":88,"column":7}},"51":{"start":{"line":78,"column":8},"end":{"line":78,"column":null}},"52":{"start":{"line":79,"column":8},"end":{"line":79,"column":null}},"53":{"start":{"line":80,"column":8},"end":{"line":80,"column":null}},"54":{"start":{"line":83,"column":32},"end":{"line":83,"column":45}},"55":{"start":{"line":84,"column":8},"end":{"line":86,"column":9}},"56":{"start":{"line":85,"column":10},"end":{"line":85,"column":null}},"57":{"start":{"line":85,"column":31},"end":{"line":85,"column":84}},"58":{"start":{"line":85,"column":50},"end":{"line":85,"column":83}},"59":{"start":{"line":87,"column":8},"end":{"line":87,"column":null}},"60":{"start":{"line":90,"column":27},"end":{"line":90,"column":91}},"61":{"start":{"line":91,"column":6},"end":{"line":91,"column":null}},"62":{"start":{"line":92,"column":6},"end":{"line":92,"column":null}},"63":{"start":{"line":93,"column":6},"end":{"line":93,"column":null}},"64":{"start":{"line":97,"column":25},"end":{"line":127,"column":3}},"65":{"start":{"line":98,"column":4},"end":{"line":126,"column":5}},"66":{"start":{"line":99,"column":23},"end":{"line":99,"column":39}},"67":{"start":{"line":100,"column":6},"end":{"line":103,"column":7}},"68":{"start":{"line":101,"column":8},"end":{"line":101,"column":null}},"69":{"start":{"line":102,"column":8},"end":{"line":102,"column":null}},"70":{"start":{"line":105,"column":6},"end":{"line":107,"column":7}},"71":{"start":{"line":106,"column":8},"end":{"line":106,"column":null}},"72":{"start":{"line":109,"column":6},"end":{"line":109,"column":null}},"73":{"start":{"line":110,"column":23},"end":{"line":110,"column":72}},"74":{"start":{"line":112,"column":6},"end":{"line":120,"column":7}},"75":{"start":{"line":113,"column":8},"end":{"line":113,"column":null}},"76":{"start":{"line":114,"column":8},"end":{"line":114,"column":null}},"77":{"start":{"line":115,"column":8},"end":{"line":115,"column":null}},"78":{"start":{"line":118,"column":8},"end":{"line":118,"column":null}},"79":{"start":{"line":118,"column":29},"end":{"line":118,"column":63}},"80":{"start":{"line":118,"column":51},"end":{"line":118,"column":62}},"81":{"start":{"line":119,"column":8},"end":{"line":119,"column":null}},"82":{"start":{"line":122,"column":27},"end":{"line":122,"column":91}},"83":{"start":{"line":123,"column":6},"end":{"line":123,"column":null}},"84":{"start":{"line":124,"column":6},"end":{"line":124,"column":null}},"85":{"start":{"line":125,"column":6},"end":{"line":125,"column":null}},"86":{"start":{"line":129,"column":2},"end":{"line":137,"column":null}}},"fnMap":{"0":{"name":"useCampaigns","decl":{"start":{"line":5,"column":16},"end":{"line":5,"column":28}},"loc":{"start":{"line":5,"column":28},"end":{"line":138,"column":1}}},"1":{"name":"(anonymous_2)","decl":{"start":{"line":11,"column":18},"end":{"line":11,"column":21}},"loc":{"start":{"line":11,"column":23},"end":{"line":13,"column":3}}},"2":{"name":"(anonymous_3)","decl":{"start":{"line":15,"column":24},"end":{"line":15,"column":29}},"loc":{"start":{"line":15,"column":35},"end":{"line":37,"column":3}}},"3":{"name":"(anonymous_4)","decl":{"start":{"line":39,"column":25},"end":{"line":39,"column":30}},"loc":{"start":{"line":39,"column":84},"end":{"line":64,"column":3}}},"4":{"name":"(anonymous_5)","decl":{"start":{"line":53,"column":23},"end":{"line":53,"column":27}},"loc":{"start":{"line":53,"column":31},"end":{"line":53,"column":53}}},"5":{"name":"(anonymous_6)","decl":{"start":{"line":66,"column":25},"end":{"line":66,"column":30}},"loc":{"start":{"line":66,"column":73},"end":{"line":95,"column":3}}},"6":{"name":"(anonymous_7)","decl":{"start":{"line":85,"column":23},"end":{"line":85,"column":27}},"loc":{"start":{"line":85,"column":31},"end":{"line":85,"column":84}}},"7":{"name":"(anonymous_8)","decl":{"start":{"line":85,"column":40},"end":{"line":85,"column":41}},"loc":{"start":{"line":85,"column":50},"end":{"line":85,"column":83}}},"8":{"name":"(anonymous_9)","decl":{"start":{"line":97,"column":25},"end":{"line":97,"column":30}},"loc":{"start":{"line":97,"column":49},"end":{"line":127,"column":3}}},"9":{"name":"(anonymous_10)","decl":{"start":{"line":118,"column":21},"end":{"line":118,"column":25}},"loc":{"start":{"line":118,"column":29},"end":{"line":118,"column":63}}},"10":{"name":"(anonymous_11)","decl":{"start":{"line":118,"column":41},"end":{"line":118,"column":42}},"loc":{"start":{"line":118,"column":51},"end":{"line":118,"column":62}}}},"branchMap":{"0":{"loc":{"start":{"line":23,"column":6},"end":{"line":29,"column":7}},"type":"if","locations":[{"start":{"line":23,"column":6},"end":{"line":29,"column":7}},{"start":{"line":26,"column":13},"end":{"line":29,"column":7}}]},"1":{"loc":{"start":{"line":28,"column":21},"end":{"line":28,"column":40}},"type":"binary-expr","locations":[{"start":{"line":28,"column":21},"end":{"line":28,"column":34}},{"start":{"line":28,"column":38},"end":{"line":28,"column":40}}]},"2":{"loc":{"start":{"line":31,"column":27},"end":{"line":31,"column":90}},"type":"cond-expr","locations":[{"start":{"line":31,"column":50},"end":{"line":31,"column":61}},{"start":{"line":31,"column":64},"end":{"line":31,"column":90}}]},"3":{"loc":{"start":{"line":44,"column":6},"end":{"line":57,"column":7}},"type":"if","locations":[{"start":{"line":44,"column":6},"end":{"line":57,"column":7}},{"start":{"line":49,"column":13},"end":{"line":57,"column":7}}]},"4":{"loc":{"start":{"line":45,"column":25},"end":{"line":45,"column":97}},"type":"cond-expr","locations":[{"start":{"line":45,"column":49},"end":{"line":45,"column":80}},{"start":{"line":45,"column":83},"end":{"line":45,"column":97}}]},"5":{"loc":{"start":{"line":45,"column":25},"end":{"line":45,"column":46}},"type":"cond-expr","locations":[{"start":{"line":45,"column":38},"end":{"line":45,"column":40}},{"start":{"line":45,"column":38},"end":{"line":45,"column":46}}]},"6":{"loc":{"start":{"line":45,"column":25},"end":{"line":45,"column":40}},"type":"binary-expr","locations":[{"start":{"line":45,"column":25},"end":{"line":45,"column":40}},{"start":{"line":45,"column":38},"end":{"line":45,"column":40}}]},"7":{"loc":{"start":{"line":52,"column":8},"end":{"line":55,"column":9}},"type":"if","locations":[{"start":{"line":52,"column":8},"end":{"line":55,"column":9}}]},"8":{"loc":{"start":{"line":59,"column":27},"end":{"line":59,"column":91}},"type":"cond-expr","locations":[{"start":{"line":59,"column":50},"end":{"line":59,"column":61}},{"start":{"line":59,"column":64},"end":{"line":59,"column":91}}]},"9":{"loc":{"start":{"line":69,"column":6},"end":{"line":72,"column":7}},"type":"if","locations":[{"start":{"line":69,"column":6},"end":{"line":72,"column":7}}]},"10":{"loc":{"start":{"line":69,"column":10},"end":{"line":69,"column":35}},"type":"binary-expr","locations":[{"start":{"line":69,"column":10},"end":{"line":69,"column":19}},{"start":{"line":69,"column":23},"end":{"line":69,"column":35}}]},"11":{"loc":{"start":{"line":77,"column":6},"end":{"line":88,"column":7}},"type":"if","locations":[{"start":{"line":77,"column":6},"end":{"line":88,"column":7}},{"start":{"line":81,"column":13},"end":{"line":88,"column":7}}]},"12":{"loc":{"start":{"line":84,"column":8},"end":{"line":86,"column":9}},"type":"if","locations":[{"start":{"line":84,"column":8},"end":{"line":86,"column":9}}]},"13":{"loc":{"start":{"line":85,"column":50},"end":{"line":85,"column":83}},"type":"cond-expr","locations":[{"start":{"line":85,"column":64},"end":{"line":85,"column":79}},{"start":{"line":85,"column":82},"end":{"line":85,"column":83}}]},"14":{"loc":{"start":{"line":90,"column":27},"end":{"line":90,"column":91}},"type":"cond-expr","locations":[{"start":{"line":90,"column":50},"end":{"line":90,"column":61}},{"start":{"line":90,"column":64},"end":{"line":90,"column":91}}]},"15":{"loc":{"start":{"line":100,"column":6},"end":{"line":103,"column":7}},"type":"if","locations":[{"start":{"line":100,"column":6},"end":{"line":103,"column":7}}]},"16":{"loc":{"start":{"line":100,"column":10},"end":{"line":100,"column":35}},"type":"binary-expr","locations":[{"start":{"line":100,"column":10},"end":{"line":100,"column":19}},{"start":{"line":100,"column":23},"end":{"line":100,"column":35}}]},"17":{"loc":{"start":{"line":105,"column":6},"end":{"line":107,"column":7}},"type":"if","locations":[{"start":{"line":105,"column":6},"end":{"line":107,"column":7}}]},"18":{"loc":{"start":{"line":112,"column":6},"end":{"line":120,"column":7}},"type":"if","locations":[{"start":{"line":112,"column":6},"end":{"line":120,"column":7}},{"start":{"line":116,"column":13},"end":{"line":120,"column":7}}]},"19":{"loc":{"start":{"line":122,"column":27},"end":{"line":122,"column":91}},"type":"cond-expr","locations":[{"start":{"line":122,"column":50},"end":{"line":122,"column":61}},{"start":{"line":122,"column":64},"end":{"line":122,"column":91}}]}},"s":{"0":1,"1":1,"2":1,"3":11,"4":11,"5":11,"6":11,"7":6,"8":11,"9":6,"10":6,"11":6,"12":6,"13":5,"14":5,"15":0,"16":0,"17":5,"18":5,"19":1,"20":1,"21":1,"22":6,"23":11,"24":0,"25":0,"26":0,"27":0,"28":0,"29":0,"30":0,"31":0,"32":0,"33":0,"34":0,"35":0,"36":0,"37":0,"38":0,"39":0,"40":0,"41":0,"42":11,"43":1,"44":1,"45":1,"46":1,"47":1,"48":0,"49":0,"50":0,"51":0,"52":0,"53":0,"54":0,"55":0,"56":0,"57":0,"58":0,"59":0,"60":0,"61":0,"62":0,"63":0,"64":11,"65":0,"66":0,"67":0,"68":0,"69":0,"70":0,"71":0,"72":0,"73":0,"74":0,"75":0,"76":0,"77":0,"78":0,"79":0,"80":0,"81":0,"82":0,"83":0,"84":0,"85":0,"86":11},"f":{"0":11,"1":6,"2":6,"3":0,"4":0,"5":1,"6":0,"7":0,"8":0,"9":0,"10":0},"b":{"0":[0,5],"1":[5,1],"2":[0,1],"3":[0,0],"4":[0,0],"5":[0,0],"6":[0,0],"7":[0],"8":[0,0],"9":[1],"10":[1,0],"11":[0,0],"12":[0],"13":[0,0],"14":[0,0],"15":[0],"16":[0,0],"17":[0],"18":[0,0],"19":[0,0]}}
[...]
4,"column":6},"end":{"line":66,"column":7}},"type":"if","locations":[{"start":{"line":54,"column":6},"end":{"line":66,"column":7}},{"start":{"line":59,"column":13},"end":{"line":66,"column":7}}]},"5":{"loc":{"start":{"line":55,"column":25},"end":{"line":55,"column":97}},"type":"cond-expr","locations":[{"start":{"line":55,"column":49},"end":{"line":55,"column":80}},{"start":{"line":55,"column":83},"end":{"line":55,"column":97}}]},"6":{"loc":{"start":{"line":55,"column":25},"end":{"line":55,"column":46}},"type":"cond-expr","locations":[{"start":{"line":55,"column":38},"end":{"line":55,"column":40}},{"start":{"line":55,"column":38},"end":{"line":55,"column":46}}]},"7":{"loc":{"start":{"line":55,"column":25},"end":{"line":55,"column":40}},"type":"binary-expr","locations":[{"start":{"line":55,"column":25},"end":{"line":55,"column":40}},{"start":{"line":55,"column":38},"end":{"line":55,"column":40}}]},"8":{"loc":{"start":{"line":62,"column":8},"end":{"line":64,"column":9}},"type":"if","locations":[{"start":{"line":62,"column":8},"end":{"line":64,"column":9}}]},"9":{"loc":{"start":{"line":68,"column":27},"end":{"line":68,"column":87}},"type":"cond-expr","locations":[{"start":{"line":68,"column":50},"end":{"line":68,"column":61}},{"start":{"line":68,"column":64},"end":{"line":68,"column":87}}]},"10":{"loc":{"start":{"line":81,"column":17},"end":{"line":81,"column":47}},"type":"binary-expr","locations":[{"start":{"line":81,"column":17},"end":{"line":81,"column":41}},{"start":{"line":81,"column":45},"end":{"line":81,"column":47}}]},"11":{"loc":{"start":{"line":86,"column":6},"end":{"line":97,"column":7}},"type":"if","locations":[{"start":{"line":86,"column":6},"end":{"line":97,"column":7}},{"start":{"line":90,"column":13},"end":{"line":97,"column":7}}]},"12":{"loc":{"start":{"line":93,"column":8},"end":{"line":95,"column":9}},"type":"if","locations":[{"start":{"line":93,"column":8},"end":{"line":95,"column":9}}]},"13":{"loc":{"start":{"line":94,"column":44},"end":{"line":94,"column":83}},"type":"cond-expr","locations":[{"start":{"line":94,"column":65},"end":{"line":94,"column":76}},{"start":{"line":94,"column":79},"end":{"line":94,"column":83}}]},"14":{"loc":{"start":{"line":99,"column":27},"end":{"line":99,"column":87}},"type":"cond-expr","locations":[{"start":{"line":99,"column":50},"end":{"line":99,"column":61}},{"start":{"line":99,"column":64},"end":{"line":99,"column":87}}]},"15":{"loc":{"start":{"line":108,"column":4},"end":{"line":110,"column":5}},"type":"if","locations":[{"start":{"line":108,"column":4},"end":{"line":110,"column":5}}]},"16":{"loc":{"start":{"line":124,"column":6},"end":{"line":128,"column":7}},"type":"if","locations":[{"start":{"line":124,"column":6},"end":{"line":128,"column":7}}]},"17":{"loc":{"start":{"line":134,"column":27},"end":{"line":134,"column":88}},"type":"cond-expr","locations":[{"start":{"line":134,"column":50},"end":{"line":134,"column":61}},{"start":{"line":134,"column":64},"end":{"line":134,"column":88}}]}},"s":{"0":1,"1":1,"2":1,"3":10,"4":10,"5":10,"6":10,"7":6,"8":10,"9":6,"10":6,"11":6,"12":6,"13":6,"14":6,"15":0,"16":0,"17":6,"18":6,"19":0,"20":0,"21":0,"22":6,"23":10,"24":0,"25":0,"26":0,"27":0,"28":0,"29":0,"30":0,"31":0,"32":0,"33":0,"34":0,"35":0,"36":0,"37":0,"38":0,"39":0,"40":0,"41":0,"42":10,"43":0,"44":0,"45":0,"46":0,"47":0,"48":0,"49":0,"50":0,"51":0,"52":0,"53":0,"54":0,"55":0,"56":0,"57":0,"58":0,"59":0,"60":0,"61":10,"62":0,"63":0,"64":0,"65":0,"66":0,"67":0,"68":0,"69":0,"70":0,"71":0,"72":0,"73":0,"74":0,"75":0,"76":0,"77":0,"78":0,"79":0,"80":0,"81":0,"82":0,"83":10,"84":0,"85":0,"86":10},"f":{"0":10,"1":6,"2":6,"3":0,"4":0,"5":0,"6":0,"7":0,"8":0,"9":0,"10":0,"11":0,"12":0,"13":0,"14":0},"b":{"0":[0,6],"1":[6,1],"2":[0,0],"3":[0,0],"4":[0,0],"5":[0,0],"6":[0,0],"7":[0,0],"8":[0],"9":[0,0],"10":[0,0],"11":[0,0],"12":[0],"13":[0,0],"14":[0,0],"15":[0],"16":[0],"17":[0,0]}}
,"C:\\Users\\Kaneki\\Desktop\\saas-project\\web\\campaign_manager\\app\\javascript\\hooks\\useSelection.ts": {"path":"C:\\Users\\Kaneki\\Desktop\\saas-project\\web\\campaign_manager\\app\\javascript\\hooks\\useSelection.ts","statementMap":{"0":{"start":{"line":3,"column":0},"end":{"line":3,"column":16}},"1":{"start":{"line":1,"column":0},"end":{"line":1,"column":25}},"2":{"start":{"line":4,"column":40},"end":{"line":4,"column":68}},"3":{"start":{"line":6,"column":26},"end":{"line":8,"column":3}},"4":{"start":{"line":7,"column":4},"end":{"line":7,"column":null}},"5":{"start":{"line":7,"column":30},"end":{"line":7,"column":94}},"6":{"start":{"line":7,"column":69},"end":{"line":7,"column":77}},"7":{"start":{"line":10,"column":25},"end":{"line":10,"column":49}},"8":{"start":{"line":10,"column":31},"end":{"line":10,"column":49}},"9":{"start":{"line":12,"column":21},"end":{"line":12,"column":61}},"10":{"start":{"line":12,"column":37},"end":{"line":12,"column":61}},"11":{"start":{"line":14,"column":2},"end":{"line":14,"column":null}}},"fnMap":{"0":{"name":"useSelection","decl":{"start":{"line":3,"column":16},"end":{"line":3,"column":28}},"loc":{"start":{"line":3,"column":28},"end":{"line":15,"column":1}}},"1":{"name":"(anonymous_2)","decl":{"start":{"line":6,"column":26},"end":{"line":6,"column":27}},"loc":{"start":{"line":6,"column":41},"end":{"line":8,"column":3}}},"2":{"name":"(anonymous_3)","decl":{"start":{"line":7,"column":19},"end":{"line":7,"column":20}},"loc":{"start":{"line":7,"column":30},"end":{"line":7,"column":94}}},"3":{"name":"(anonymous_4)","decl":{"start":{"line":7,"column":62},"end":{"line":7,"column":63}},"loc":{"start":{"line":7,"column":69},"end":{"line":7,"column":77}}},"4":{"name":"(anonymous_5)","decl":{"start":{"line":10,"column":25},"end":{"line":10,"column":28}},"loc":{"start":{"line":10,"column":31},"end":{"line":10,"column":49}}},"5":{"name":"(anonymous_6)","decl":{"start":{"line":12,"column":21},"end":{"line":12,"column":22}},"loc":{"start":{"line":12,"column":37},"end":{"line":12,"column":61}}}},"branchMap":{"0":{"loc":{"start":{"line":7,"column":30},"end":{"line":7,"column":94}},"type":"cond-expr","locations":[{"start":{"line":7,"column":50},"end":{"line":7,"column":78}},{"start":{"line":7,"column":81},"end":{"line":7,"column":94}}]}},"s":{"0":1,"1":1,"2":13,"3":13,"4":8,"5":8,"6":1,"7":13,"8":1,"9":13,"10":2,"11":13},"f":{"0":13,"1":8,"2":8,"3":1,"4":1,"5":2},"b":{"0":[1,7]}}
,"C:\\Users\\Kaneki\\Desktop\\saas-project\\web\\campaign_manager\\app\\javascript\\hooks\\useTypewriter.ts": {"path":"C:\\Users\\Kaneki\\Desktop\\saas-project\\web\\campaign_manager\\app\\javascript\\hooks\\useTypewriter.ts","statementMap":{"0":{"start":{"line":3,"column":0},"end":{"line":3,"column":16}},"1":{"start":{"line":1,"column":0},"end":{"line":1,"column":25}},"2":{"start":{"line":4,"column":44},"end":{"line":4,"column":62}},"3":{"start":{"line":6,"column":2},"end":{"line":20,"column":null}},"4":{"start":{"line":7,"column":4},"end":{"line":7,"column":null}},"5":{"start":{"line":8,"column":23},"end":{"line":8,"column":24}},"6":{"start":{"line":10,"column":25},"end":{"line":17,"column":13}},"7":{"start":{"line":11,"column":6},"end":{"line":16,"column":7}},"8":{"start":{"line":12,"column":8},"end":{"line":12,"column":null}},"9":{"start":{"line":13,"column":8},"end":{"line":13,"column":null}},"10":{"start":{"line":15,"column":8},"end":{"line":15,"column":null}},"11":{"start":{"line":19,"column":4},"end":{"line":19,"column":null}},"12":{"start":{"line":19,"column":17},"end":{"line":19,"column":44}},"13":{"start":{"line":22,"column":2},"end":{"line":22,"column":null}}},"fnMap":{"0":{"name":"useTypewriter","decl":{"start":{"line":3,"column":16},"end":{"line":3,"column":29}},"loc":{"start":{"line":3,"column":62},"end":{"line":23,"column":1}}},"1":{"name":"(anonymous_2)","decl":{"start":{"line":6,"column":18},"end":{"line":6,"column":21}},"loc":{"start":{"line":6,"column":23},"end":{"line":20,"column":3}}},"2":{"name":"(anonymous_3)","decl":{"start":{"line":10,"column":37},"end":{"line":10,"column":40}},"loc":{"start":{"line":10,"column":42},"end":{"line":17,"column":5}}},"3":{"name":"(anonymous_4)","decl":{"start":{"line":19,"column":11},"end":{"line":19,"column":14}},"loc":{"start":{"line":19,"column":17},"end":{"line":19,"column":44}}}},"branchMap":{"0":{"loc":{"start":{"line":3,"column":44},"end":{"line":3,"column":62}},"type":"default-arg","locations":[{"start":{"line":3,"column":60},"end":{"line":3,"column":62}}]},"1":{"loc":{"start":{"line":11,"column":6},"end":{"line":16,"column":7}},"type":"if","locations":[{"start":{"line":11,"column":6},"end":{"line":16,"column":7}},{"start":{"line":14,"column":13},"end":{"line":16,"column":7}}]}},"s":{"0":1,"1":1,"2":15,"3":15,"4":5,"5":5,"6":5,"7":18,"8":18,"9":18,"10":0,"11":5,"12":5,"13":15},"f":{"0":15,"1":5,"2":18,"3":5},"b":{"0":[1],"1":[18,0]}}
,"C:\\Users\\Kaneki\\Desktop\\saas-project\\web\\campaign_manager\\app\\javascript\\libs\\constants\\agents.ts": {"path":"C:\\Users\\Kaneki\\Desktop\\saas-project\\web\\campaign_manager\\app\\javascript\\libs\\constants\\agents.ts","statementMap":{"0":{"start":{"line":9,"column":13},"end":{"line":36,"column":null}}},"fnMap":{},"branchMap":{},"s":{"0":1},"f":{},"b":{}}
,"C:\\Users\\Kaneki\\Desktop\\saas-project\\web\\campaign_manager\\app\\javascript\\libs\\utils\\apiClient.ts": {"path":"C:\\Users\\Kaneki\\Desktop\\saas-project\\web\\campaign_manager\\app\\javascript\\libs\\utils\\apiClient.ts","statementMap":{"0":{"start":{"line":21,"column":4},"end":{"line":21,"column":null}},"1":{"start":{"line":22,"column":4},"end":{"line":22,"column":null}},"2":{"start":{"line":23,"column":4},"end":{"line":23,"column":null}},"3":{"start":{"line":27,"column":20},"end":{"line":27,"column":88}},"4":{"start":{"line":28,"column":4},"end":{"line":28,"column":null}},"5":{"start":{"line":35,"column":4},"end":{"line":105,"column":5}},"6":{"start":{"line":37,"column":6},"end":{"line":37,"column":null}},"7":{"start":{"line":39,"column":18},"end":{"line":39,"column":68}},"8":{"start":{"line":40,"column":34},"end":{"line":48,"column":null}},"9":{"start":{"line":50,"column":23},"end":{"line":50,"column":47}},"10":{"start":{"line":53,"column":22},"end":{"line":53,"column":26}},"11":{"start":{"line":54,"column":26},"end":{"line":54,"column":62}},"12":{"start":{"line":56,"column":6},"end":{"line":63,"column":7}},"13":{"start":{"line":57,"column":8},"end":{"line":57,"column":null}},"14":{"start":{"line":58,"column":13},"end":{"line":63,"column":7}},"15":{"start":{"line":60,"column":8},"end":{"line":60,"column":null}},"16":{"start":{"line":62,"column":8},"end":{"line":62,"column":null}},"17":{"start":{"line":65,"column":6},"end":{"line":93,"column":7}},"18":{"start":{"line":68,"column":8},"end":{"line":76,"column":9}},"19":{"start":{"line":70,"column":10},"end":{"line":70,"column":null}},"20":{"start":{"line":71,"column":10},"end":{"line":75,"column":null}},"21":{"start":{"line":79,"column":27},"end":{"line":79,"column":52}},"22":{"start":{"line":80,"column":8},"end":{"line":86,"column":9}},"23":{"start":{"line":81,"column":10},"end":{"line":81,"column":null}},"24":{"start":{"line":82,"column":15},"end":{"line":86,"column":9}},"25":{"start":{"line":83,"column":10},"end":{"line":83,"column":null}},"26":{"start":{"line":84,"column":15},"end":{"line":86,"column":9}},"27":{"start":{"line":85,"column":10},"end":{"line":85,"column":null}},"28":{"start":{"line":88,"column":8},"end":{"line":92,"column":null}},"29":{"start":{"line":95,"column":6},"end":{"line":98,"column":null}},"30":{"start":{"line":100,"column":6},"end":{"line":100,"column":null}},"31":{"start":{"line":101,"column":6},"end":{"line":104,"column":null}},"32":{"start":{"line":110,"column":4},"end":{"line":110,"column":null}},"33":{"start":{"line":114,"column":4},"end":{"line":117,"column":null}},"34":{"start":{"line":121,"column":4},"end":{"line":124,"column":null}},"35":{"start":{"line":128,"column":4},"end":{"line":128,"column":null}},"36":{"start":{"line":134,"column":24},"end":{"line":134,"column":45}},"37":{"start":{"line":135,"column":24},"end":{"line":135,"column":47}},"38":{"start":{"line":136,"column":4},"end":{"line":136,"column":null}},"39":{"start":{"line":141,"column":24},"end":{"line":141,"column":45}},"40":{"start":{"line":142,"column":24},"end":{"line":142,"column":47}},"41":{"start":{"line":143,"column":4},"end":{"line":143,"column":null}},"42":{"start":{"line":147,"column":4},"end":{"line":147,"column":null}},"43":{"start":{"line":151,"column":4},"end":{"line":151,"column":null}},"44":{"start":{"line":155,"column":4},"end":{"line":155,"column":null}},"45":{"start":{"line":163,"column":9},"end":{"line":163,"column":18}},"46":{"start":{"line":160,"column":18},"end":{"line":160,"column":33}},"47":{"start":{"line":162,"column":0},"end":{"line":162,"column":null}}},"fnMap":{"0":{"name":"(anonymous_0)","decl":{"start":{"line":20,"column":2},"end":{"line":20,"column":14}},"loc":{"start":{"line":20,"column":41},"end":{"line":24,"column":3}}},"1":{"name":"(anonymous_1)","decl":{"start":{"line":26,"column":10},"end":{"line":26,"column":23}},"loc":{"start":{"line":26,"column":23},"end":{"line":29,"column":3}}},"2":{"name":"(anonymous_2)","decl":{"start":{"line":31,"column":10},"end":{"line":31,"column":15}},"loc":{"start":{"line":33,"column":29},"end":{"line":106,"column":3}}},"3":{"name":"(anonymous_3)","decl":{"start":{"line":109,"column":2},"end":{"line":109,"column":7}},"loc":{"start":{"line":109,"column":31},"end":{"line":111,"column":3}}},"4":{"name":"(anonymous_4)","decl":{"start":{"line":113,"column":2},"end":{"line":113,"column":7}},"loc":{"start":{"line":113,"column":44},"end":{"line":118,"column":3}}},"5":{"name":"(anonymous_5)","decl":{"start":{"line":120,"column":2},"end":{"line":120,"column":7}},"loc":{"start":{"line":120,"column":43},"end":{"line":125,"column":3}}},"6":{"name":"(anonymous_6)","decl":{"start":{"line":127,"column":2},"end":{"line":127,"column":7}},"loc":{"start":{"line":127,"column":34},"end":{"line":129,"column":3}}},"7":{"name":"(anonymous_7)","decl":{"start":{"line":132,"column":2},"end":{"line":132,"column":7}},"loc":{"start":{"line":132,"column":45},"end":{"line":137,"column":3}}},"8":{"name":"(anonymous_8)","decl":{"start":{"line":139,"column":2},"end":{"line":139,"column":7}},"loc":{"start":{"line":139,"column":66},"end":{"line":144,"column":3}}},"9":{"name":"(anonymous_9)","decl":{"start":{"line":146,"column":2},"end":{"line":146,"column":7}},"loc":{"start":{"line":146,"column":56},"end":{"line":148,"column":3}}},"10":{"name":"(anonymous_10)","decl":{"start":{"line":150,"column":2},"end":{"line":150,"column":7}},"loc":{"start":{"line":150,"column":33},"end":{"line":152,"column":3}}},"11":{"name":"(anonymous_11)","decl":{"start":{"line":154,"column":2},"end":{"line":154,"column":7}},"loc":{"start":{"line":154,"column":53},"end":{"line":156,"column":3}}}},"branchMap":{"0":{"loc":{"start":{"line":20,"column":14},"end":{"line":20,"column":41}},"type":"default-arg","locations":[{"start":{"line":20,"column":32},"end":{"line":20,"column":41}}]},"1":{"loc":{"start":{"line":28,"column":21},"end":{"line":28,"column":72}},"type":"cond-expr","locations":[{"start":{"line":28,"column":50},"end":{"line":28,"column":65}},{"start":{"line":28,"column":68},"end":{"line":28,"column":72}}]},"2":{"loc":{"start":{"line":28,"column":21},"end":{"line":28,"column":47}},"type":"binary-expr","locations":[{"start":{"line":28,"column":21},"end":{"line":28,"column":28}},{"start":{"line":28,"column":32},"end":{"line":28,"column":47}}]},"3":{"loc":{"start":{"line":33,"column":4},"end":{"line":33,"column":29}},"type":"default-arg","locations":[{"start":{"line":33,"column":27},"end":{"line":33,"column":29}}]},"4":{"loc":{"start":{"line":44,"column":14},"end":{"line":44,"column":66}},"type":"binary-expr","locations":[{"start":{"line":44,"column":14},"end":{"line":44,"column":28}},{"start":{"line":44,"column":32},"end":{"line":44,"column":66}}]},"5":{"loc":{"start":{"line":56,"column":6},"end":{"line":63,"column":7}},"type":"if","locations":[{"start":{"line":56,"column":6},"end":{"line":63,"column":7}},{"start":{"line":58,"column":13},"end":{"line":63,"column":7}}]},"6":{"loc":{"start":{"line":56,"column":10},"end":{"line":56,"column":65}},"type":"binary-expr","locations":[{"start":{"line":56,"column":10},"end":{"line":56,"column":21}},{"start":{"line":56,"column":25},"end":{"line":56,"column":65}}]},"7":{"loc":{"start":{"line":58,"column":13},"end":{"line":63,"column":7}},"type":"if","locations":[{"start":{"line":58,"column":13},"end":{"line":63,"column":7}},{"start":{"line":61,"column":13},"end":{"line":63,"column":7}}]},"8":{"loc":{"start":{"line":65,"column":6},"end":{"line":93,"column":7}},"type":"if","locations":[{"start":{"line":65,"column":6},"end":{"line":93,"column":7}}]},"9":{"loc":{"start":{"line":68,"column":8},"end":{"line":76,"column":9}},"type":"if","locations":[{"start":{"line":68,"column":8},"end":{"line":76,"column":9}}]},"10":{"loc":{"start":{"line":68,"column":12},"end":{"line":68,"column":123}},"type":"binary-expr","locations":[{"start":{"line":68,"column":12},"end":{"line":68,"column":35}},{"start":{"line":68,"column":39},"end":{"line":68,"column":79}},{"start":{"line":68,"column":83},"end":{"line":68,"column":123}}]},"11":{"loc":{"start":{"line":80,"column":8},"end":{"line":86,"column":9}},"type":"if","locations":[{"start":{"line":80,"column":8},"end":{"line":86,"column":9}},{"start":{"line":82,"column":15},"end":{"line":86,"column":9}}]},"12":{"loc":{"start":{"line":80,"column":12},"end":{"line":80,"column":61}},"type":"binary-expr","locations":[{"start":{"line":80,"column":12},"end":{"line":80,"column":16}},{"start":{"line":80,"column":20},"end":{"line":80,"column":31}},{"start":{"line":80,"column":35},"end":{"line":80,"column":61}}]},"13":{"loc":{"start":{"line":82,"column":15},"end":{"line":86,"column":9}},"type":"if","locations":[{"start":{"line":82,"column":15},"end":{"line":86,"column":9}},{"start":{"line":84,"column":15},"end":{"line":86,"column":9}}]},"14":{"loc":{"start":{"line":82,"column":19},"end":{"line":82,"column":37}},"type":"binary-expr","locations":[{"start":{"line":82,"column":19},"end":{"line":82,"column":23}},{"start":{"line":82,"column":27},"end":{"line":82,"column":37}}]},"15":{"loc":{"start":{"line":84,"column":15},"end":{"line":86,"column":9}},"type":"if","locations":[{"start":{"line":84,"column":15},"end":{"line":86,"column":9}}]},"16":{"loc":{"start":{"line":84,"column":19},"end":{"line":84,"column":39}},"type":"binary-expr","locations":[{"start":{"line":84,"column":19},"end":{"line":84,"column":23}},{"start":{"line":84,"column":27},"end":{"line":84,"column":39}}]},"17":{"loc":{"start":{"line":102,"column":15},"end":{"line":102,"column":71}},"type":"cond-expr","locations":[{"start":{"line":102,"column":40},"end":{"line":102,"column":53}},{"start":{"line":102,"column":56},"end":{"line":102,"column":71}}]},"18":{"loc":{"start":{"line":116,"column":12},"end":{"line":116,"column":51}},"type":"cond-expr","locations":[{"start":{"line":116,"column":19},"end":{"line":116,"column":39}},{"start":{"line":116,"column":42},"end":{"line":116,"column":51}}]},"19":{"loc":{"start":{"line":123,"column":12},"end":{"line":123,"column":51}},"type":"cond-expr","locations":[{"start":{"line":123,"column":19},"end":{"line":123,"column":39}},{"start":{"line":123,"column":42},"end":{"line":123,"column":51}}]}},"s":{"0":6,"1":6,"2":6,"3":20,"4":20,"5":14,"6":14,"7":14,"8":14,"9":14,"10":13,"11":13,"12":13,"13":11,"14":2,"15":1,"16":1,"17":13,"18":6,"19":1,"20":1,"21":5,"22":5,"23":1,"24":4,"25":1,"26":3,"27":1,"28":5,"29":7,"30":1,"31":1,"32":9,"33":3,"34":1,"35":1,"36":1,"37":1,"38":1,"39":1,"40":1,"41":1,"42":1,"43":0,"44":1,"45":4,"46":4,"47":4},"f":{"0":6,"1":20,"2":14,"3":9,"4":3,"5":1,"6":1,"7":1,"8":1,"9":1,"10":0,"11":1},"b":{"0":[6],"1":[15,5],"2":[20,15],"3":[0],"4":[14,14],"5":[11,2],"6":[13,12],"7":[1,1],"8":[6],"9":[1],"10":[6,1,1],"11":[1,4],"12":[5,5,1],"13":[1,3],"14":[4,4],"15":[1],"16":[3,3],"17":[1,0],"18":[3,0],"19":[1,0]}}
}
