TN:
SF:app\javascript\components\AgentDashboard.tsx
FN:12,AgentDashboard
FN:13,(anonymous_1)
FN:18,(anonymous_2)
FN:28,(anonymous_3)
FN:31,(anonymous_4)
FN:34,(anonymous_5)
FN:37,(anonymous_6)
FN:40,(anonymous_7)
FN:51,(anonymous_8)
FN:55,(anonymous_9)
FNF:10
FNH:10
FNDA:5,AgentDashboard
FNDA:25,(anonymous_1)
FNDA:25,(anonymous_2)
FNDA:6,(anonymous_3)
FNDA:6,(anonymous_4)
FNDA:6,(anonymous_5)
FNDA:6,(anonymous_6)
FNDA:6,(anonymous_7)
FNDA:25,(anonymous_8)
FNDA:2,(anonymous_9)
DA:3,2
DA:12,2
DA:13,25
DA:18,5
DA:19,25
DA:20,18
DA:23,7
DA:25,1
DA:28,6
DA:31,6
DA:34,6
DA:37,6
DA:40,6
DA:42,1
DA:46,5
DA:52,25
DA:56,2
DA:57,1
DA:59,1
LF:19
LH:19
BRDA:13,0,0,4
BRDA:13,0,1,21
BRDA:19,1,0,18
BRDA:19,2,0,25
BRDA:19,2,1,19
BRDA:23,3,0,1
BRDA:23,3,1,1
BRDA:23,3,2,1
BRDA:23,3,3,1
BRDA:23,3,4,1
BRDA:23,3,5,1
BRDA:23,3,6,1
BRDA:31,4,0,6
BRDA:31,4,1,5
BRDA:37,5,0,6
BRDA:37,5,1,3
BRDA:40,6,0,6
BRDA:40,6,1,5
BRDA:53,7,0,16
BRDA:53,7,1,9
BRDA:53,8,0,25
BRDA:53,8,1,19
BRDA:56,9,0,1
BRDA:56,9,1,1
BRDA:68,10,0,3
BRDA:68,10,1,13
BRDA:80,11,0,3
BRDA:80,11,1,6
BRDA:81,12,0,3
BRDA:81,12,1,6
BRF:30
BRH:30
end_of_record
TN:
SF:app\javascript\components\ApiKeyModal.tsx
FN:15,ApiKeyModal
FN:23,(anonymous_10)
FN:33,(anonymous_11)
FN:39,(anonymous_12)
FN:53,(anonymous_13)
FN:55,(anonymous_14)
FN:62,(anonymous_15)
FN:63,(anonymous_16)
FN:150,(anonymous_17)
FN:165,(anonymous_18)
FNF:10
FNH:10
FNDA:20,ApiKeyModal
FNDA:7,(anonymous_10)
FNDA:2,(anonymous_11)
FNDA:2,(anonymous_12)
FNDA:2,(anonymous_13)
FNDA:1,(anonymous_14)
FNDA:3,(anonymous_15)
FNDA:3,(anonymous_16)
FNDA:2,(anonymous_17)
FNDA:1,(anonymous_18)
DA:1,1
DA:15,1
DA:16,20
DA:17,20
DA:18,20
DA:19,20
DA:21,20
DA:23,20
DA:24,7
DA:25,6
DA:26,6
DA:27,6
DA:28,3
DA:33,20
DA:34,2
DA:35,2
DA:36,2
DA:39,20
DA:40,2
DA:41,2
DA:42,2
DA:43,2
DA:44,1
DA:45,1
DA:47,1
DA:49,2
DA:53,20
DA:54,2
DA:55,2
DA:56,1
DA:57,1
DA:62,20
DA:63,3
DA:69,20
DA:71,19
DA:150,2
DA:165,1
LF:37
LH:37
BRDA:21,0,0,20
BRDA:21,0,1,10
BRDA:24,1,0,6
BRDA:27,2,0,3
BRDA:27,3,0,6
BRDA:27,3,1,3
BRDA:56,4,0,1
BRDA:69,5,0,1
BRDA:88,6,0,4
BRDA:88,6,1,15
BRDA:88,7,0,19
BRDA:88,7,1,9
BRDA:106,8,0,4
BRDA:106,8,1,0
BRDA:108,9,0,4
BRDA:108,9,1,4
BRDA:120,10,0,3
BRDA:120,10,1,1
BRDA:122,11,0,4
BRDA:122,11,1,3
BRDA:177,12,0,3
BRDA:177,12,1,12
BRF:22
BRH:21
end_of_record
TN:
SF:app\javascript\components\Background.tsx
FN:5,Background
FN:8,(anonymous_2)
FN:9,(anonymous_3)
FN:20,(anonymous_4)
FNF:4
FNH:4
FNDA:10,Background
FNDA:4,(anonymous_2)
FNDA:6,(anonymous_3)
FNDA:4,(anonymous_4)
DA:3,1
DA:5,1
DA:6,10
DA:8,9
DA:9,4
DA:10,6
DA:16,4
DA:17,4
DA:18,4
DA:20,4
DA:21,4
DA:22,4
DA:26,9
LF:13
LH:13
BRF:0
BRH:0
end_of_record
TN:
SF:app\javascript\components\CampaignDashboard.tsx
FN:15,CampaignDashboard
FN:32,(anonymous_11)
FN:34,(anonymous_12)
FN:51,(anonymous_13)
FN:55,(anonymous_14)
FN:58,(anonymous_15)
FN:66,(anonymous_16)
FN:74,(anonymous_17)
FN:81,(anonymous_18)
FN:87,(anonymous_19)
FN:101,(anonymous_20)
FN:109,(anonymous_21)
FN:115,(anonymous_22)
FN:119,(anonymous_23)
FN:129,(anonymous_24)
FN:138,(anonymous_25)
FN:157,(anonymous_26)
FN:198,(anonymous_27)
FN:230,(anonymous_28)
FN:234,(anonymous_29)
FN:243,(anonymous_30)
FN:247,(anonymous_31)
FNF:22
FNH:19
FNDA:62,CampaignDashboard
FNDA:29,(anonymous_11)
FNDA:0,(anonymous_12)
FNDA:48,(anonymous_13)
FNDA:17,(anonymous_14)
FNDA:18,(anonymous_15)
FNDA:1,(anonymous_16)
FNDA:1,(anonymous_17)
FNDA:3,(anonymous_18)
FNDA:4,(anonymous_19)
FNDA:2,(anonymous_20)
FNDA:1,(anonymous_21)
FNDA:1,(anonymous_22)
FNDA:2,(anonymous_23)
FNDA:1,(anonymous_24)
FNDA:1,(anonymous_25)
FNDA:3,(anonymous_26)
FNDA:3,(anonymous_27)
FNDA:1,(anonymous_28)
FNDA:1,(anonymous_29)
FNDA:0,(anonymous_30)
FNDA:0,(anonymous_31)
DA:1,1
DA:2,1
DA:3,1
DA:4,1
DA:5,1
DA:6,1
DA:7,1
DA:8,1
DA:9,1
DA:10,1
DA:11,1
DA:12,1
DA:13,1
DA:15,1
DA:16,62
DA:17,62
DA:18,62
DA:19,62
DA:21,62
DA:22,62
DA:24,62
DA:25,62
DA:27,62
DA:28,62
DA:29,62
DA:32,62
DA:33,29
DA:34,0
DA:35,0
DA:36,0
DA:37,0
DA:43,62
DA:47,62
DA:48,62
DA:51,62
DA:52,48
DA:53,31
DA:55,17
DA:58,62
DA:59,18
DA:60,1
DA:62,17
DA:66,62
DA:67,1
DA:68,1
DA:70,1
DA:74,62
DA:75,1
DA:76,1
DA:77,1
DA:81,62
DA:82,3
DA:83,3
DA:84,3
DA:87,62
DA:88,4
DA:89,4
DA:91,4
DA:92,1
DA:93,3
DA:95,2
DA:97,4
DA:101,62
DA:102,2
DA:103,1
DA:104,1
DA:106,1
DA:109,62
DA:110,1
DA:111,1
DA:115,62
DA:116,1
DA:119,62
DA:120,2
DA:121,2
DA:122,2
DA:123,2
DA:124,2
DA:129,62
DA:130,1
DA:131,1
DA:132,1
DA:133,1
DA:138,62
DA:139,1
DA:142,62
DA:157,3
DA:198,3
DA:230,1
DA:235,1
DA:236,1
DA:243,0
DA:248,0
DA:249,0
LF:94
LH:87
BRDA:33,0,0,0
BRDA:35,1,0,0
BRDA:43,2,0,21
BRDA:43,2,1,41
BRDA:43,3,0,62
BRDA:43,3,1,21
BRDA:47,4,0,21
BRDA:47,4,1,41
BRDA:47,5,0,21
BRDA:47,5,1,0
BRDA:52,6,0,31
BRDA:52,7,0,48
BRDA:52,7,1,17
BRDA:52,8,0,0
BRDA:52,8,1,17
BRDA:52,9,0,17
BRDA:52,9,1,17
BRDA:59,10,0,1
BRDA:59,10,1,17
BRDA:68,11,0,1
BRDA:68,12,0,1
BRDA:68,12,1,1
BRDA:75,13,0,1
BRDA:89,14,0,4
BRDA:91,15,0,1
BRDA:91,15,1,3
BRDA:93,16,0,2
BRDA:93,17,0,3
BRDA:93,17,1,2
BRDA:102,18,0,1
BRDA:102,19,0,2
BRDA:102,19,1,1
BRDA:102,20,0,0
BRDA:102,20,1,1
BRDA:102,21,0,1
BRDA:102,21,1,1
BRDA:110,22,0,1
BRDA:120,23,0,2
BRDA:122,24,0,2
BRDA:130,25,0,1
BRDA:132,26,0,1
BRDA:165,27,0,62
BRDA:165,27,1,21
BRDA:170,28,0,62
BRDA:170,28,1,10
BRDA:172,29,0,10
BRDA:172,29,1,8
BRDA:203,30,0,21
BRDA:203,30,1,41
BRDA:205,31,0,3
BRDA:205,31,1,18
BRDA:252,32,0,62
BRDA:252,32,1,60
BRF:53
BRH:48
end_of_record
TN:
SF:app\javascript\components\CampaignForm.tsx
FN:15,CampaignForm
FN:20,(anonymous_2)
FN:26,(anonymous_3)
FN:36,(anonymous_4)
FN:44,(anonymous_5)
FN:79,(anonymous_6)
FN:93,(anonymous_7)
FNF:7
FNH:7
FNDA:64,CampaignForm
FNDA:10,(anonymous_2)
FNDA:10,(anonymous_3)
FNDA:1,(anonymous_4)
FNDA:1,(anonymous_5)
FNDA:24,(anonymous_6)
FNDA:25,(anonymous_7)
DA:3,1
DA:4,1
DA:5,1
DA:15,1
DA:16,64
DA:17,64
DA:18,64
DA:20,64
DA:21,10
DA:22,8
DA:26,64
DA:27,10
DA:28,1
DA:29,1
DA:31,9
DA:32,9
DA:36,64
DA:37,1
DA:38,1
DA:39,1
DA:40,1
DA:41,1
DA:44,64
DA:45,1
DA:46,1
DA:47,1
DA:50,64
DA:52,61
DA:79,24
DA:93,25
LF:30
LH:30
BRDA:15,0,0,62
BRDA:21,1,0,8
BRDA:21,2,0,10
BRDA:21,2,1,8
BRDA:27,3,0,1
BRDA:27,3,1,9
BRDA:27,4,0,10
BRDA:27,4,1,1
BRDA:50,5,0,3
BRDA:57,6,0,2
BRDA:57,6,1,59
BRDA:106,7,0,2
BRDA:106,7,1,59
BRF:13
BRH:13
end_of_record
TN:
SF:app\javascript\components\CampaignSidebar.tsx
FN:14,CampaignSidebar
FN:50,(anonymous_1)
FN:53,(anonymous_2)
FN:70,(anonymous_3)
FN:92,(anonymous_4)
FNF:5
FNH:5
FNDA:13,CampaignSidebar
FNDA:23,(anonymous_1)
FNDA:1,(anonymous_2)
FNDA:2,(anonymous_3)
FNDA:2,(anonymous_4)
DA:14,1
DA:22,13
DA:51,23
DA:53,1
DA:71,2
DA:72,2
DA:93,2
DA:94,2
LF:8
LH:8
BRDA:44,0,0,1
BRDA:44,0,1,12
BRDA:55,1,0,2
BRDA:55,1,1,21
BRDA:115,2,0,23
BRDA:115,2,1,22
BRF:6
BRH:6
end_of_record
TN:
SF:app\javascript\components\Cube.tsx
FN:3,Cube
FNF:1
FNH:1
FNDA:2,Cube
DA:1,1
DA:3,1
DA:4,2
LF:3
LH:3
BRF:0
BRH:0
end_of_record
TN:
SF:app\javascript\components\EmptyState.tsx
FN:3,EmptyState
FNF:1
FNH:1
FNDA:4,EmptyState
DA:3,1
DA:4,4
LF:2
LH:2
BRF:0
BRH:0
end_of_record
TN:
SF:app\javascript\components\LeadForm.tsx
FN:13,LeadForm
FN:23,(anonymous_2)
FN:29,(anonymous_3)
FN:37,(anonymous_4)
FN:44,(anonymous_5)
FN:78,(anonymous_6)
FN:93,(anonymous_7)
FN:108,(anonymous_8)
FN:123,(anonymous_9)
FNF:9
FNH:9
FNDA:112,LeadForm
FNDA:11,(anonymous_2)
FNDA:11,(anonymous_3)
FNDA:1,(anonymous_4)
FNDA:1,(anonymous_5)
FNDA:19,(anonymous_6)
FNDA:45,(anonymous_7)
FNDA:13,(anonymous_8)
FNDA:11,(anonymous_9)
DA:3,1
DA:13,1
DA:14,112
DA:21,112
DA:23,112
DA:24,11
DA:25,9
DA:29,112
DA:30,11
DA:31,1
DA:33,10
DA:37,112
DA:38,1
DA:39,1
DA:40,1
DA:41,1
DA:44,112
DA:45,1
DA:46,1
DA:49,112
DA:51,108
DA:78,19
DA:93,45
DA:108,13
DA:123,11
LF:25
LH:25
BRDA:13,0,0,110
BRDA:24,1,0,9
BRDA:24,2,0,11
BRDA:24,2,1,9
BRDA:30,3,0,1
BRDA:30,3,1,10
BRDA:30,4,0,11
BRDA:30,4,1,1
BRDA:49,5,0,4
BRDA:56,6,0,2
BRDA:56,6,1,106
BRDA:135,7,0,2
BRDA:135,7,1,106
BRF:13
BRH:13
end_of_record
TN:
SF:app\javascript\components\Navigation.tsx
FN:8,Navigation
FN:12,(anonymous_11)
FN:41,(anonymous_12)
FN:54,(anonymous_13)
FNF:4
FNH:4
FNDA:14,Navigation
FNDA:2,(anonymous_11)
FNDA:5,(anonymous_12)
FNDA:1,(anonymous_13)
DA:3,1
DA:4,1
DA:5,1
DA:6,1
DA:8,1
DA:9,14
DA:10,14
DA:12,14
DA:13,2
DA:14,2
DA:15,1
DA:20,1
DA:24,14
DA:41,5
DA:54,1
LF:15
LH:15
BRDA:14,0,0,1
BRDA:14,0,1,1
BRDA:16,1,0,1
BRDA:16,1,1,0
BRDA:17,2,0,1
BRDA:17,2,1,0
BRF:6
BRH:4
end_of_record
TN:
SF:app\javascript\components\PlaceholderRoot.tsx
FN:3,PlaceholderRoot
FNF:1
FNH:1
FNDA:3,PlaceholderRoot
DA:1,1
DA:3,1
DA:4,3
LF:3
LH:3
BRDA:6,0,0,3
BRDA:6,0,1,2
BRF:2
BRH:2
end_of_record
TN:
SF:app\javascript\components\ProgressTable.tsx
FN:13,ProgressTable
FN:38,(anonymous_2)
FN:43,(anonymous_3)
FN:49,(anonymous_4)
FN:63,(anonymous_5)
FNF:5
FNH:4
FNDA:15,ProgressTable
FNDA:32,(anonymous_2)
FNDA:0,(anonymous_3)
FNDA:1,(anonymous_4)
FNDA:1,(anonymous_5)
DA:3,1
DA:14,15
DA:39,32
DA:43,0
DA:49,1
DA:63,1
DA:80,1
LF:7
LH:6
BRDA:45,0,0,3
BRDA:45,0,1,29
BRDA:51,1,0,3
BRDA:51,1,1,29
BRDA:60,2,0,32
BRDA:60,2,1,11
BRF:6
BRH:6
end_of_record
TN:
SF:app\javascript\hooks\useApiKeys.ts
FN:9,useApiKeys
FN:18,(anonymous_2)
FN:22,(anonymous_3)
FN:46,(anonymous_4)
FN:73,(anonymous_5)
FNF:5
FNH:3
FNDA:8,useApiKeys
FNDA:6,(anonymous_2)
FNDA:6,(anonymous_3)
FNDA:0,(anonymous_4)
FNDA:0,(anonymous_5)
DA:1,1
DA:2,1
DA:9,1
DA:10,8
DA:14,8
DA:15,8
DA:18,8
DA:19,6
DA:22,8
DA:23,6
DA:24,6
DA:25,6
DA:26,6
DA:28,5
DA:30,5
DA:31,0
DA:32,0
DA:34,5
DA:35,5
DA:38,1
DA:39,1
DA:40,1
DA:42,6
DA:46,8
DA:47,0
DA:48,0
DA:49,0
DA:51,0
DA:53,0
DA:54,0
DA:55,0
DA:56,0
DA:59,0
DA:60,0
DA:61,0
DA:63,0
DA:66,0
DA:67,0
DA:68,0
DA:69,0
DA:73,8
DA:74,0
DA:75,0
DA:76,0
DA:77,0
DA:79,0
DA:80,0
DA:81,0
DA:82,0
DA:84,0
DA:85,0
DA:88,0
DA:89,0
DA:90,0
DA:91,0
DA:95,8
LF:56
LH:24
BRDA:30,0,0,0
BRDA:30,0,1,5
BRDA:35,1,0,5
BRDA:35,1,1,2
BRDA:38,2,0,0
BRDA:38,2,1,1
BRDA:53,3,0,0
BRDA:53,3,1,0
BRDA:60,4,0,0
BRDA:66,5,0,0
BRDA:66,5,1,0
BRDA:79,6,0,0
BRDA:79,6,1,0
BRDA:88,7,0,0
BRDA:88,7,1,0
BRF:15
BRH:4
end_of_record
TN:
SF:app\javascript\hooks\useCampaigns.ts
FN:5,useCampaigns
FN:11,(anonymous_2)
FN:15,(anonymous_3)
FN:39,(anonymous_4)
FN:53,(anonymous_5)
FN:66,(anonymous_6)
FN:85,(anonymous_7)
FN:85,(anonymous_8)
FN:97,(anonymous_9)
FN:118,(anonymous_10)
FN:118,(anonymous_11)
FNF:11
FNH:4
FNDA:11,useCampaigns
FNDA:6,(anonymous_2)
FNDA:6,(anonymous_3)
FNDA:0,(anonymous_4)
FNDA:0,(anonymous_5)
FNDA:1,(anonymous_6)
FNDA:0,(anonymous_7)
FNDA:0,(anonymous_8)
FNDA:0,(anonymous_9)
FNDA:0,(anonymous_10)
FNDA:0,(anonymous_11)
DA:1,1
DA:3,1
DA:5,1
DA:6,11
DA:7,11
DA:8,11
DA:11,11
DA:12,6
DA:15,11
DA:16,6
DA:17,6
DA:18,6
DA:19,6
DA:21,5
DA:23,5
DA:24,0
DA:25,0
DA:27,5
DA:28,5
DA:31,1
DA:32,1
DA:33,1
DA:35,6
DA:39,11
DA:40,0
DA:41,0
DA:42,0
DA:44,0
DA:45,0
DA:46,0
DA:47,0
DA:48,0
DA:51,0
DA:52,0
DA:53,0
DA:54,0
DA:56,0
DA:59,0
DA:60,0
DA:61,0
DA:62,0
DA:66,11
DA:67,1
DA:68,1
DA:69,1
DA:70,1
DA:71,1
DA:74,0
DA:75,0
DA:77,0
DA:78,0
DA:79,0
DA:80,0
DA:83,0
DA:84,0
DA:85,0
DA:87,0
DA:90,0
DA:91,0
DA:92,0
DA:93,0
DA:97,11
DA:98,0
DA:99,0
DA:100,0
DA:101,0
DA:102,0
DA:105,0
DA:106,0
DA:109,0
DA:110,0
DA:112,0
DA:113,0
DA:114,0
DA:115,0
DA:118,0
DA:119,0
DA:122,0
DA:123,0
DA:124,0
DA:125,0
DA:129,11
LF:82
LH:30
BRDA:23,0,0,0
BRDA:23,0,1,5
BRDA:28,1,0,5
BRDA:28,1,1,1
BRDA:31,2,0,0
BRDA:31,2,1,1
BRDA:44,3,0,0
BRDA:44,3,1,0
BRDA:45,4,0,0
BRDA:45,4,1,0
BRDA:45,5,0,0
BRDA:45,5,1,0
BRDA:45,6,0,0
BRDA:45,6,1,0
BRDA:52,7,0,0
BRDA:59,8,0,0
BRDA:59,8,1,0
BRDA:69,9,0,1
BRDA:69,10,0,1
BRDA:69,10,1,0
BRDA:77,11,0,0
BRDA:77,11,1,0
BRDA:84,12,0,0
BRDA:85,13,0,0
BRDA:85,13,1,0
BRDA:90,14,0,0
BRDA:90,14,1,0
BRDA:100,15,0,0
BRDA:100,16,0,0
BRDA:100,16,1,0
BRDA:105,17,0,0
BRDA:112,18,0,0
BRDA:112,18,1,0
BRDA:122,19,0,0
BRDA:122,19,1,0
BRF:35
BRH:6
end_of_record
TN:
SF:app\javascript\hooks\useLeads.ts
FN:5,useLeads
FN:11,(anonymous_2)
FN:15,(anonymous_3)
FN:39,(anonymous_4)
FN:63,(anonymous_5)
FN:75,(anonymous_6)
FN:94,(anonymous_7)
FN:94,(anonymous_8)
FN:106,(anonymous_9)
FN:116,(anonymous_10)
FN:123,(anonymous_11)
FN:131,(anonymous_12)
FN:131,(anonymous_13)
FN:141,(anonymous_14)
FN:142,(anonymous_15)
FNF:15
FNH:3
FNDA:10,useLeads
FNDA:6,(anonymous_2)
FNDA:6,(anonymous_3)
FNDA:0,(anonymous_4)
FNDA:0,(anonymous_5)
FNDA:0,(anonymous_6)
FNDA:0,(anonymous_7)
FNDA:0,(anonymous_8)
FNDA:0,(anonymous_9)
FNDA:0,(anonymous_10)
FNDA:0,(anonymous_11)
FNDA:0,(anonymous_12)
FNDA:0,(anonymous_13)
FNDA:0,(anonymous_14)
FNDA:0,(anonymous_15)
DA:1,1
DA:3,1
DA:5,1
DA:6,10
DA:7,10
DA:8,10
DA:11,10
DA:12,6
DA:15,10
DA:16,6
DA:17,6
DA:18,6
DA:19,6
DA:21,6
DA:23,6
DA:24,0
DA:25,0
DA:27,6
DA:28,6
DA:31,0
DA:32,0
DA:33,0
DA:35,6
DA:39,10
DA:40,0
DA:41,0
DA:44,0
DA:52,0
DA:54,0
DA:55,0
DA:56,0
DA:57,0
DA:58,0
DA:61,0
DA:62,0
DA:63,0
DA:65,0
DA:68,0
DA:69,0
DA:70,0
DA:71,0
DA:75,10
DA:76,0
DA:77,0
DA:79,0
DA:84,0
DA:86,0
DA:87,0
DA:88,0
DA:89,0
DA:92,0
DA:93,0
DA:94,0
DA:96,0
DA:99,0
DA:100,0
DA:101,0
DA:102,0
DA:106,10
DA:108,0
DA:109,0
DA:112,0
DA:113,0
DA:116,0
DA:117,0
DA:120,0
DA:123,0
DA:124,0
DA:125,0
DA:126,0
DA:127,0
DA:131,0
DA:132,0
DA:134,0
DA:135,0
DA:136,0
DA:137,0
DA:141,10
DA:142,0
DA:145,10
LF:80
LH:23
BRDA:23,0,0,0
BRDA:23,0,1,6
BRDA:28,1,0,6
BRDA:28,1,1,1
BRDA:31,2,0,0
BRDA:31,2,1,0
BRDA:46,3,0,0
BRDA:46,3,1,0
BRDA:54,4,0,0
BRDA:54,4,1,0
BRDA:55,5,0,0
BRDA:55,5,1,0
BRDA:55,6,0,0
BRDA:55,6,1,0
BRDA:55,7,0,0
BRDA:55,7,1,0
BRDA:62,8,0,0
BRDA:68,9,0,0
BRDA:68,9,1,0
BRDA:81,10,0,0
BRDA:81,10,1,0
BRDA:86,11,0,0
BRDA:86,11,1,0
BRDA:93,12,0,0
BRDA:94,13,0,0
BRDA:94,13,1,0
BRDA:99,14,0,0
BRDA:99,14,1,0
BRDA:108,15,0,0
BRDA:124,16,0,0
BRDA:134,17,0,0
BRDA:134,17,1,0
BRF:32
BRH:3
end_of_record
TN:
SF:app\javascript\hooks\useSelection.ts
FN:3,useSelection
FN:6,(anonymous_2)
FN:7,(anonymous_3)
FN:7,(anonymous_4)
FN:10,(anonymous_5)
FN:12,(anonymous_6)
FNF:6
FNH:6
FNDA:13,useSelection
FNDA:8,(anonymous_2)
FNDA:8,(anonymous_3)
FNDA:1,(anonymous_4)
FNDA:1,(anonymous_5)
FNDA:2,(anonymous_6)
DA:1,1
DA:3,1
DA:4,13
DA:6,13
DA:7,8
DA:10,13
DA:12,13
DA:14,13
LF:8
LH:8
BRDA:7,0,0,1
BRDA:7,0,1,7
BRF:2
BRH:2
end_of_record
TN:
SF:app\javascript\hooks\useTypewriter.ts
FN:3,useTypewriter
FN:6,(anonymous_2)
FN:10,(anonymous_3)
FN:19,(anonymous_4)
FNF:4
FNH:4
FNDA:15,useTypewriter
FNDA:5,(anonymous_2)
FNDA:18,(anonymous_3)
FNDA:5,(anonymous_4)
DA:1,1
DA:3,1
DA:4,15
DA:6,15
DA:7,5
DA:8,5
DA:10,5
DA:11,18
DA:12,18
DA:13,18
DA:15,0
DA:19,5
DA:22,15
LF:13
LH:12
BRDA:3,0,0,1
BRDA:11,1,0,18
BRDA:11,1,1,0
BRF:3
BRH:2
end_of_record
TN:
SF:app\javascript\libs\constants\agents.ts
FNF:0
FNH:0
DA:9,1
LF:1
LH:1
BRF:0
BRH:0
end_of_record
TN:
SF:app\javascript\libs\utils\apiClient.ts
FN:20,(anonymous_0)
FN:26,(anonymous_1)
FN:31,(anonymous_2)
FN:109,(anonymous_3)
FN:113,(anonymous_4)
FN:120,(anonymous_5)
FN:127,(anonymous_6)
FN:132,(anonymous_7)
FN:139,(anonymous_8)
FN:146,(anonymous_9)
FN:150,(anonymous_10)
FN:154,(anonymous_11)
FNF:12
FNH:11
FNDA:6,(anonymous_0)
FNDA:20,(anonymous_1)
FNDA:14,(anonymous_2)
FNDA:9,(anonymous_3)
FNDA:3,(anonymous_4)
FNDA:1,(anonymous_5)
FNDA:1,(anonymous_6)
FNDA:1,(anonymous_7)
FNDA:1,(anonymous_8)
FNDA:1,(anonymous_9)
FNDA:0,(anonymous_10)
FNDA:1,(anonymous_11)
DA:21,6
DA:22,6
DA:23,6
DA:27,20
DA:28,20
DA:35,14
DA:37,14
DA:39,14
DA:40,14
DA:50,14
DA:53,13
DA:54,13
DA:56,13
DA:57,11
DA:58,2
DA:60,1
DA:62,1
DA:65,13
DA:68,6
DA:70,1
DA:71,1
DA:79,5
DA:80,5
DA:81,1
DA:82,4
DA:83,1
DA:84,3
DA:85,1
DA:88,5
DA:95,7
DA:100,1
DA:101,1
DA:110,9
DA:114,3
DA:121,1
DA:128,1
DA:134,1
DA:135,1
DA:136,1
DA:141,1
DA:142,1
DA:143,1
DA:147,1
DA:151,0
DA:155,1
DA:160,4
DA:162,4
DA:163,4
LF:48
LH:47
BRDA:20,0,0,6
BRDA:28,1,0,15
BRDA:28,1,1,5
BRDA:28,2,0,20
BRDA:28,2,1,15
BRDA:33,3,0,0
BRDA:44,4,0,14
BRDA:44,4,1,14
BRDA:56,5,0,11
BRDA:56,5,1,2
BRDA:56,6,0,13
BRDA:56,6,1,12
BRDA:58,7,0,1
BRDA:58,7,1,1
BRDA:65,8,0,6
BRDA:68,9,0,1
BRDA:68,10,0,6
BRDA:68,10,1,1
BRDA:68,10,2,1
BRDA:80,11,0,1
BRDA:80,11,1,4
BRDA:80,12,0,5
BRDA:80,12,1,5
BRDA:80,12,2,1
BRDA:82,13,0,1
BRDA:82,13,1,3
BRDA:82,14,0,4
BRDA:82,14,1,4
BRDA:84,15,0,1
BRDA:84,16,0,3
BRDA:84,16,1,3
BRDA:102,17,0,1
BRDA:102,17,1,0
BRDA:116,18,0,3
BRDA:116,18,1,0
BRDA:123,19,0,1
BRDA:123,19,1,0
BRF:37
BRH:33
end_of_record
