{
  "RSpec": {
    "coverage": {
      "/Users/aarushisharma/coms4152/campaign-saas/app/models/agent_config.rb": {
        "lines": [
          1,
          1,
          1,
          null,
          1,
          null,
          null,
          1,
          1,
          null,
          1,
          1,
          null,
          null,
          null,
          1,
          null,
          1,
          null,
          1,
          null,
          127,
          null,
          null,
          15,
          1,
          null,
          null,
          null,
          null,
          null,
          null,
          null,
          1,
          null,
          null,
          1,
          2,
          null,
          null,
          1,
          55,
          null,
          null,
          null,
          1,
          8,
          null,
          null,
          1,
          2,
          null,
          null
        ]
      },
      "/Users/aarushisharma/coms4152/campaign-saas/app/models/application_record.rb": {
        "lines": [
          1,
          1,
          null
        ]
      },
      "/Users/aarushisharma/coms4152/campaign-saas/app/models/concerns/agent_constants.rb": {
        "lines": [
          null,
          null,
          null,
          null,
          null,
          null,
          1,
          null,
          1,
          1,
          1,
          1,
          null,
          null,
          null,
          1,
          null,
          null,
          null,
          null,
          null,
          null,
          null,
          1,
          null,
          null,
          null,
          null,
          null,
          null,
          1,
          1,
          1,
          null,
          null,
          null,
          1,
          null,
          null,
          null,
          null,
          null,
          1,
          1,
          1,
          1,
          1,
          1,
          null,
          null,
          null,
          1,
          null,
          null,
          null,
          null,
          null,
          null,
          null
        ]
      },
      "/Users/aarushisharma/coms4152/campaign-saas/app/models/concerns/jsonb_validator.rb": {
        "lines": [
          null,
          null,
          null,
          null,
          null,
          null,
          null,
          null,
          null,
          null,
          null,
          null,
          null,
          null,
          null,
          null,
          null,
          null,
          1,
          1,
          null,
          1,
          null,
          null,
          null,
          null,
          null,
          null,
          null,
          1,
          10,
          148,
          null,
          null,
          148,
          null,
          null,
          145,
          null,
          8,
          2,
          null,
          null,
          null,
          null,
          143,
          143,
          143,
          null,
          142,
          1,
          1,
          null,
          null,
          null,
          141,
          2,
          2,
          1,
          null,
          null,
          null,
          null,
          null,
          141,
          139,
          1910,
          1910,
          null,
          null,
          1910,
          null,
          256,
          256,
          256,
          null,
          null,
          171,
          1,
          null,
          null,
          null,
          4,
          1,
          null,
          null,
          2,
          1,
          null,
          null,
          45,
          1,
          null,
          null,
          null,
          34,
          1,
          null,
          null,
          null,
          null,
          null,
          null,
          null,
          1,
          1,
          null,
          null,
          null,
          null,
          null,
          null,
          null
        ]
      },
      "/Users/aarushisharma/coms4152/campaign-saas/app/models/agent_output.rb": {
        "lines": [
          1,
          1,
          1,
          null,
          1,
          null,
          null,
          1,
          1,
          1,
          1,
          null,
          null,
          null,
          null,
          1,
          null,
          null,
          null,
          null,
          null,
          null,
          null,
          null,
          null,
          null,
          null,
          null,
          null,
          null,
          null,
          null,
          null,
          null,
          null,
          null,
          1,
          3,
          null,
          null,
          1,
          3,
          null,
          null,
          1,
          3,
          null,
          null
        ]
      },
      "/Users/aarushisharma/coms4152/campaign-saas/app/models/campaign.rb": {
        "lines": [
          1,
          1,
          1,
          1,
          null,
          1,
          null,
          null,
          1,
          null,
          null,
          1,
          78,
          78,
          null,
          5,
          null,
          null,
          null,
          null,
          null,
          null,
          73,
          null,
          null,
          null,
          1,
          1,
          null,
          null,
          null,
          null,
          null,
          1,
          2,
          null,
          null,
          null,
          1,
          23,
          null,
          null,
          null,
          null,
          1,
          null,
          1,
          305,
          null,
          305,
          305,
          288,
          null,
          null,
          null,
          null,
          null,
          null,
          null,
          null,
          null
        ]
      },
      "/Users/aarushisharma/coms4152/campaign-saas/app/models/lead.rb": {
        "lines": [
          1,
          1,
          1,
          null,
          1,
          1,
          null,
          1,
          null,
          null,
          1,
          1,
          null,
          null,
          1,
          1,
          null,
          null,
          null,
          1,
          35,
          null,
          null,
          null,
          null,
          1,
          null,
          1,
          262,
          null,
          null
        ]
      },
      "/Users/aarushisharma/coms4152/campaign-saas/app/models/user.rb": {
        "lines": [
          1,
          null,
          null,
          1,
          null,
          null,
          1,
          null,
          1,
          39,
          null,
          null
        ]
      },
      "/Users/aarushisharma/coms4152/campaign-saas/app/helpers/application_helper.rb": {
        "lines": [
          1,
          null
        ]
      },
      "/Users/aarushisharma/coms4152/campaign-saas/app/helpers/markdown_helper.rb": {
        "lines": [
          1,
          null,
          null,
          null,
          null,
          1,
          26,
          null,
          24,
          null,
          null,
          24,
          null,
          null,
          24,
          24,
          24,
          24,
          null,
          24,
          37,
          null,
          null,
          37,
          null,
          3,
          1,
          1,
          1,
          null,
          null,
          3,
          1,
          1,
          null,
          3,
          null,
          null,
          null,
          34,
          null,
          3,
          1,
          1,
          1,
          null,
          3,
          3,
          3,
          3,
          3,
          null,
          null,
          null,
          31,
          null,
          8,
          1,
          1,
          1,
          null,
          8,
          8,
          8,
          8,
          8,
          null,
          null,
          null,
          23,
          1,
          1,
          null,
          null,
          null,
          23,
          null,
          null,
          null,
          24,
          19,
          19,
          null,
          null,
          null,
          24,
          null,
          24,
          null,
          null,
          1,
          null,
          null,
          null,
          1,
          33,
          null,
          null,
          33,
          null,
          null,
          33,
          null,
          null,
          33,
          null,
          null,
          33,
          null,
          null,
          33,
          null,
          33,
          null,
          null,
          1,
          null,
          null,
          null,
          null,
          1,
          17,
          null,
          15,
          null,
          null,
          15,
          null,
          null,
          15,
          null,
          null,
          15,
          15,
          15,
          15,
          15,
          15,
          15,
          null,
          null,
          15,
          null,
          15,
          null,
          null
        ]
      },
      "/Users/aarushisharma/coms4152/campaign-saas/app/controllers/api/v1/agent_configs_controller.rb": {
        "lines": [
          1,
          1,
          1,
          null,
          null,
          null,
          1,
          null,
          5,
          null,
          5,
          2,
          2,
          null,
          null,
          3,
          null,
          3,
          null,
          null,
          null,
          null,
          null,
          null,
          null,
          null,
          3,
          null,
          null,
          null,
          null,
          null,
          null,
          null,
          null,
          1,
          null,
          5,
          null,
          5,
          1,
          1,
          null,
          null,
          4,
          null,
          4,
          2,
          2,
          null,
          null,
          2,
          null,
          null,
          null,
          null,
          null,
          null,
          null,
          null,
          null,
          null,
          null,
          null,
          1,
          null,
          12,
          null,
          12,
          2,
          2,
          null,
          null,
          null,
          null,
          null,
          null,
          10,
          10,
          null,
          null,
          null,
          null,
          null,
          10,
          2,
          2,
          null,
          null,
          null,
          8,
          8,
          8,
          2,
          2,
          null,
          null,
          6,
          null,
          null,
          null,
          null,
          null,
          6,
          5,
          null,
          null,
          null,
          null,
          null,
          null,
          null,
          null,
          1,
          null,
          null,
          null,
          null,
          null,
          null,
          1,
          null,
          9,
          null,
          9,
          2,
          2,
          null,
          null,
          7,
          null,
          7,
          2,
          2,
          null,
          null,
          null,
          null,
          5,
          null,
          5,
          4,
          null,
          null,
          null,
          null,
          null,
          null,
          null,
          null,
          1,
          null,
          null,
          null,
          null,
          null,
          null,
          1,
          null,
          7,
          null,
          7,
          2,
          2,
          null,
          null,
          5,
          null,
          5,
          3,
          3,
          null,
          2,
          null,
          null,
          null,
          1,
          null,
          1,
          null,
          null,
          null,
          null,
          17,
          null,
          17,
          null,
          1,
          null,
          null,
          null,
          null,
          null,
          16,
          null,
          16,
          16,
          11,
          null,
          5,
          null,
          null,
          16,
          null,
          null,
          1,
          null,
          null,
          null,
          null,
          null,
          null,
          11,
          null,
          null,
          null,
          null,
          null,
          null,
          null,
          null,
          null,
          null,
          null,
          null,
          null,
          null,
          null,
          null,
          null,
          null
        ]
      },
      "/Users/aarushisharma/coms4152/campaign-saas/app/controllers/api/v1/base_controller.rb": {
        "lines": [
          1,
          1,
          1,
          1,
          1,
          null,
          null,
          1,
          1,
          null,
          1,
          null,
          1,
          null,
          348,
          null,
          null,
          1,
          159,
          12,
          null,
          null,
          null,
          null,
          null,
          11,
          null,
          147,
          null,
          null,
          null,
          null,
          1,
          273,
          null,
          null,
          null,
          null
        ]
      },
      "/Users/aarushisharma/coms4152/campaign-saas/app/controllers/application_controller.rb": {
        "lines": [
          1,
          null,
          1,
          null,
          null,
          1,
          null,
          1,
          1,
          null,
          null,
          347,
          null,
          1,
          284,
          284,
          null,
          null,
          1,
          null,
          1,
          3,
          3,
          null,
          2,
          2,
          2,
          null,
          2,
          null,
          1,
          null,
          null,
          1,
          319,
          null,
          null,
          3,
          3,
          null,
          null,
          3,
          null,
          null
        ]
      },
      "/Users/aarushisharma/coms4152/campaign-saas/app/controllers/api/v1/api_keys_controller.rb": {
        "lines": [
          1,
          1,
          1,
          1,
          7,
          null,
          7,
          1,
          1,
          null,
          null,
          6,
          null,
          null,
          null,
          null,
          null,
          1,
          19,
          null,
          19,
          1,
          1,
          null,
          null,
          18,
          18,
          null,
          18,
          18,
          15,
          null,
          18,
          12,
          null,
          null,
          18,
          1,
          null,
          null,
          null,
          1,
          null,
          null,
          17,
          16,
          null,
          null,
          null,
          null,
          1,
          null,
          null,
          null,
          null,
          null,
          null,
          null
        ]
      },
      "/Users/aarushisharma/coms4152/campaign-saas/app/controllers/api/v1/campaigns_controller.rb": {
        "lines": [
          1,
          1,
          1,
          1,
          null,
          null,
          8,
          null,
          null,
          1,
          null,
          15,
          15,
          12,
          null,
          3,
          null,
          null,
          null,
          1,
          null,
          13,
          13,
          5,
          null,
          7,
          null,
          null,
          null,
          1,
          null,
          10,
          10,
          6,
          6,
          null,
          4,
          null,
          null,
          null,
          null,
          null,
          null,
          1,
          null,
          3,
          null,
          3,
          1,
          1,
          null,
          null,
          null,
          2,
          null,
          1,
          null,
          null,
          null,
          null,
          null,
          null,
          1,
          null,
          null,
          null,
          null,
          null,
          null,
          1,
          null,
          1,
          null,
          24,
          null,
          null,
          23,
          18,
          18,
          5,
          5,
          null,
          null,
          4,
          4,
          null,
          1,
          null,
          null,
          null,
          13,
          null,
          null,
          null,
          23,
          null,
          null,
          null,
          null
        ]
      },
      "/Users/aarushisharma/coms4152/campaign-saas/app/controllers/api/v1/email_configs_controller.rb": {
        "lines": [
          1,
          1,
          1,
          null,
          null,
          null,
          1,
          10,
          null,
          null,
          10,
          null,
          10,
          null,
          null,
          null,
          8,
          4,
          4,
          3,
          3,
          null,
          null,
          null,
          null,
          2,
          2,
          null,
          null,
          10,
          null,
          null,
          null,
          null,
          null,
          null,
          null,
          null,
          1,
          13,
          13,
          9,
          7,
          null,
          null,
          7,
          null,
          7,
          null,
          null,
          null,
          5,
          1,
          1,
          1,
          1,
          null,
          null,
          null,
          2,
          2,
          null,
          null,
          7,
          null,
          null,
          null,
          null,
          2,
          null,
          null,
          null,
          null,
          4,
          null,
          null,
          null,
          null,
          null,
          null,
          null
        ]
      },
      "/Users/aarushisharma/coms4152/campaign-saas/app/controllers/api/v1/leads_controller.rb": {
        "lines": [
          1,
          1,
          1,
          1,
          null,
          null,
          11,
          null,
          null,
          null,
          null,
          null,
          null,
          1,
          null,
          25,
          25,
          25,
          4,
          4,
          null,
          null,
          21,
          21,
          14,
          null,
          7,
          null,
          null,
          null,
          1,
          null,
          null,
          10,
          null,
          null,
          null,
          10,
          4,
          null,
          6,
          null,
          null,
          null,
          1,
          null,
          null,
          8,
          null,
          null,
          null,
          8,
          4,
          4,
          null,
          4,
          null,
          null,
          null,
          null,
          null,
          null,
          null,
          null,
          null,
          null,
          1,
          null,
          null,
          13,
          null,
          null,
          null,
          null,
          13,
          3,
          3,
          null,
          null,
          null,
          10,
          null,
          null,
          null,
          10,
          10,
          null,
          10,
          2,
          8,
          3,
          null,
          null,
          5,
          null,
          null,
          10,
          null,
          null,
          3,
          null,
          2,
          null,
          null,
          null,
          null,
          null,
          null,
          1,
          1,
          null,
          null,
          null,
          null,
          null,
          null,
          null,
          null,
          7,
          null,
          null,
          6,
          2,
          null,
          null,
          null,
          null,
          2,
          null,
          null,
          null,
          4,
          null,
          null,
          null,
          null,
          null,
          null,
          null,
          null,
          null,
          1,
          null,
          null,
          null,
          null,
          null,
          null,
          null,
          null,
          null,
          null,
          1,
          null,
          null,
          7,
          null,
          null,
          null,
          null,
          7,
          3,
          3,
          null,
          null,
          null,
          4,
          null,
          5,
          null,
          null,
          null,
          null,
          null,
          null,
          null,
          null,
          4,
          null,
          null,
          null,
          null,
          null,
          null,
          null,
          null,
          1,
          null,
          null,
          4,
          null,
          null,
          null,
          null,
          4,
          1,
          1,
          null,
          null,
          null,
          3,
          null,
          2,
          1,
          null,
          null,
          null,
          null,
          1,
          null,
          null,
          null,
          null,
          null,
          1,
          null,
          null,
          null,
          null,
          null,
          null,
          null,
          null,
          null,
          1,
          null,
          null,
          14,
          null,
          null,
          null,
          null,
          14,
          1,
          1,
          null,
          null,
          13,
          null,
          13,
          1,
          1,
          null,
          null,
          null,
          12,
          1,
          1,
          null,
          null,
          null,
          11,
          null,
          11,
          1,
          1,
          null,
          null,
          null,
          10,
          null,
          3,
          null,
          3,
          1,
          1,
          null,
          null,
          null,
          2,
          2,
          7,
          null,
          4,
          null,
          4,
          1,
          1,
          null,
          null,
          null,
          3,
          null,
          null,
          null,
          3,
          3,
          null,
          3,
          null,
          3,
          1,
          1,
          null,
          null,
          null,
          2,
          null,
          null,
          7,
          null,
          null,
          null,
          null,
          null,
          null,
          null,
          1,
          null,
          1,
          null,
          52,
          52,
          52,
          null,
          null,
          null,
          null
        ]
      },
      "/Users/aarushisharma/coms4152/campaign-saas/app/controllers/api/v1/oauth_statuses_controller.rb": {
        "lines": [
          1,
          1,
          1,
          null,
          null,
          null,
          1,
          5,
          5,
          5,
          null,
          null,
          5,
          null,
          null,
          5,
          null,
          null,
          5,
          null,
          null,
          5,
          null,
          null,
          null,
          null
        ]
      },
      "/Users/aarushisharma/coms4152/campaign-saas/app/controllers/oauth_controller.rb": {
        "lines": [
          null,
          null,
          null,
          null,
          null,
          1,
          1,
          null,
          null,
          null,
          null,
          1,
          null,
          null,
          10,
          3,
          3,
          3,
          3,
          null,
          null,
          7,
          7,
          null,
          null,
          5,
          5,
          null,
          5,
          5,
          null,
          2,
          2,
          2,
          2,
          2,
          null,
          null,
          null,
          null,
          null,
          null,
          1,
          16,
          null,
          16,
          2,
          2,
          2,
          2,
          2,
          null,
          null,
          14,
          14,
          3,
          3,
          3,
          3,
          null,
          null,
          null,
          11,
          1,
          null,
          null,
          null,
          11,
          11,
          6,
          null,
          6,
          6,
          6,
          null,
          3,
          3,
          null,
          null,
          2,
          2,
          2,
          null,
          null,
          11,
          null,
          null,
          null,
          null,
          null,
          1,
          3,
          null,
          null,
          null,
          null,
          null,
          3,
          3,
          null,
          null
        ]
      },
      "/Users/aarushisharma/coms4152/campaign-saas/app/jobs/agent_execution_job.rb": {
        "lines": [
          null,
          null,
          null,
          null,
          null,
          null,
          null,
          null,
          null,
          1,
          1,
          null,
          null,
          1,
          null,
          null,
          1,
          null,
          null,
          null,
          null,
          null,
          null,
          null,
          1,
          null,
          6,
          6,
          6,
          null,
          null,
          6,
          1,
          1,
          null,
          null,
          5,
          1,
          1,
          null,
          null,
          null,
          4,
          null,
          null,
          null,
          4,
          3,
          null,
          null,
          null,
          3,
          null,
          null,
          2,
          1,
          null,
          1,
          null,
          null,
          1,
          1,
          1,
          null,
          null,
          null
        ]
      },
      "/Users/aarushisharma/coms4152/campaign-saas/app/jobs/application_job.rb": {
        "lines": [
          1,
          null,
          null,
          null,
          null,
          null,
          null
        ]
      },
      "/Users/aarushisharma/coms4152/campaign-saas/app/mailers/application_mailer.rb": {
        "lines": [
          1,
          1,
          1,
          1,
          null
        ]
      },
      "/Users/aarushisharma/coms4152/campaign-saas/app/mailers/campaign_mailer.rb": {
        "lines": [
          1,
          null,
          null,
          null,
          null,
          null,
          null,
          null,
          1,
          13,
          13,
          13,
          null,
          13,
          null,
          null,
          null,
          null,
          null,
          null,
          1,
          null,
          1,
          13,
          13,
          10,
          null,
          3,
          null,
          null,
          null
        ]
      },
      "/Users/aarushisharma/coms4152/campaign-saas/app/services/agents/critique_agent.rb": {
        "lines": [
          1,
          1,
          1,
          1,
          null,
          1,
          null,
          null,
          null,
          null,
          null,
          1,
          1,
          1,
          null,
          null,
          1,
          108,
          108,
          108,
          108,
          null,
          null,
          null,
          null,
          null,
          null,
          1,
          null,
          36,
          36,
          36,
          36,
          36,
          36,
          36,
          36,
          36,
          null,
          null,
          36,
          36,
          null,
          null,
          36,
          2,
          null,
          null,
          null,
          null,
          34,
          null,
          1,
          null,
          31,
          null,
          1,
          null,
          1,
          null,
          null,
          34,
          34,
          34,
          34,
          null,
          34,
          null,
          null,
          null,
          null,
          null,
          null,
          null,
          null,
          null,
          null,
          null,
          null,
          null,
          null,
          null,
          null,
          null,
          null,
          null,
          null,
          null,
          null,
          null,
          null,
          102,
          null,
          null,
          null,
          null,
          null,
          null,
          null,
          null,
          null,
          null,
          null,
          null,
          null,
          null,
          null,
          null,
          null,
          null,
          null,
          null,
          null,
          null,
          null,
          null,
          null,
          null,
          null,
          null,
          null,
          null,
          null,
          null,
          null,
          null,
          null,
          null,
          null,
          null,
          34,
          null,
          null,
          null,
          null,
          null,
          null,
          null,
          null,
          null,
          null,
          2,
          2,
          null,
          null,
          32,
          32,
          null,
          32,
          32,
          null,
          null,
          32,
          null,
          null,
          null,
          32,
          5,
          null,
          null,
          null,
          27,
          null,
          27,
          8,
          null,
          19,
          null,
          null,
          null,
          1,
          3,
          3,
          3,
          null,
          null,
          1,
          null,
          null,
          1,
          3,
          null,
          6,
          null,
          null,
          6,
          null,
          6,
          null,
          null,
          null,
          null,
          null,
          null,
          null,
          null,
          3,
          null,
          null,
          3,
          null,
          null,
          6,
          null,
          null,
          null,
          3,
          null,
          null,
          null,
          null,
          null,
          null,
          null,
          null,
          null,
          1,
          32,
          null,
          null,
          24,
          24,
          null,
          null,
          24,
          null,
          null,
          null,
          22,
          null,
          null,
          null
        ]
      },
      "/Users/aarushisharma/coms4152/campaign-saas/app/services/agents/design_agent.rb": {
        "lines": [
          1,
          1,
          null,
          null,
          null,
          null,
          null,
          null,
          null,
          null,
          null,
          null,
          null,
          null,
          null,
          null,
          null,
          null,
          null,
          null,
          null,
          null,
          null,
          null,
          null,
          null,
          null,
          null,
          null,
          null,
          null,
          null,
          null,
          null,
          null,
          null,
          null,
          null,
          null,
          null,
          null,
          1,
          1,
          1,
          1,
          null,
          1,
          88,
          88,
          88,
          null,
          null,
          1,
          16,
          16,
          16,
          null,
          null,
          16,
          16,
          null,
          null,
          16,
          null,
          2,
          null,
          null,
          null,
          null,
          null,
          null,
          null,
          14,
          14,
          14,
          14,
          14,
          null,
          14,
          null,
          null,
          14,
          null,
          14,
          null,
          null,
          null,
          null,
          null,
          null,
          null,
          null,
          null,
          null,
          null,
          null,
          null,
          null,
          null,
          null,
          null,
          null,
          null,
          null,
          null,
          13,
          null,
          null,
          12,
          null,
          12,
          10,
          null,
          2,
          null,
          null,
          null,
          12,
          null,
          null,
          null,
          null,
          null,
          null,
          null,
          null,
          2,
          null,
          null,
          null,
          null,
          null,
          null,
          null,
          null,
          null,
          1,
          null,
          1,
          null,
          35,
          1,
          1,
          1,
          null,
          34,
          null,
          null,
          34,
          32,
          null,
          null,
          34,
          32,
          null,
          null,
          34,
          32,
          null,
          null,
          34,
          34,
          null,
          null,
          34,
          2,
          null,
          32,
          null,
          null,
          34,
          34,
          34,
          34,
          34,
          null,
          null,
          34,
          5,
          null,
          null,
          34,
          null,
          null,
          35,
          34,
          null,
          null,
          35,
          34,
          null,
          null,
          35,
          35,
          35,
          35,
          null,
          35,
          null,
          35,
          null,
          null,
          null
        ]
      },
      "/Users/aarushisharma/coms4152/campaign-saas/app/services/agents/search_agent.rb": {
        "lines": [
          null,
          null,
          1,
          1,
          1,
          null,
          1,
          1,
          1,
          1,
          null,
          1,
          null,
          1,
          73,
          72,
          null,
          71,
          71,
          71,
          71,
          null,
          null,
          1,
          null,
          5,
          null,
          null,
          null,
          null,
          null,
          5,
          null,
          5,
          null,
          5,
          5,
          null,
          5,
          5,
          null,
          null,
          5,
          null,
          null,
          null,
          null,
          null,
          null,
          null,
          null,
          1,
          null,
          1,
          5,
          5,
          5,
          null,
          5,
          null,
          null,
          null,
          null,
          null,
          null,
          null,
          null,
          null,
          null,
          null,
          5,
          null,
          null,
          null,
          null,
          null,
          null,
          null,
          5,
          null,
          null,
          null,
          null,
          5,
          null,
          null,
          null,
          null,
          null,
          5,
          null,
          4,
          4,
          null,
          null,
          null,
          null,
          1,
          12,
          null,
          null,
          null,
          null,
          null,
          null,
          null,
          null,
          null,
          null,
          null,
          null,
          null,
          12,
          11,
          null,
          5,
          null,
          null,
          null,
          null,
          null,
          1,
          1,
          null,
          null,
          null,
          null
        ]
      },
      "/Users/aarushisharma/coms4152/campaign-saas/app/services/agents/writer_agent.rb": {
        "lines": [
          1,
          1,
          null,
          null,
          null,
          null,
          null,
          null,
          null,
          null,
          null,
          null,
          null,
          null,
          null,
          null,
          null,
          null,
          null,
          null,
          null,
          null,
          null,
          null,
          null,
          null,
          null,
          null,
          null,
          null,
          null,
          null,
          null,
          null,
          null,
          null,
          null,
          null,
          null,
          null,
          null,
          null,
          null,
          null,
          null,
          null,
          null,
          null,
          null,
          1,
          1,
          1,
          1,
          null,
          1,
          92,
          92,
          92,
          null,
          null,
          1,
          8,
          8,
          8,
          null,
          null,
          8,
          8,
          null,
          null,
          8,
          8,
          8,
          8,
          8,
          8,
          8,
          8,
          null,
          null,
          8,
          8,
          null,
          null,
          8,
          8,
          14,
          null,
          null,
          null,
          null,
          null,
          null,
          14,
          null,
          14,
          null,
          null,
          null,
          null,
          null,
          null,
          null,
          null,
          null,
          null,
          null,
          null,
          null,
          null,
          null,
          14,
          null,
          null,
          null,
          null,
          null,
          13,
          null,
          null,
          12,
          null,
          12,
          2,
          null,
          10,
          null,
          null,
          12,
          null,
          null,
          null,
          null,
          6,
          null,
          null,
          null,
          null,
          null,
          null,
          null,
          null,
          null,
          2,
          null,
          null,
          null,
          null,
          null,
          null,
          null,
          null,
          null,
          1,
          null,
          1,
          38,
          38,
          38,
          38,
          null,
          null,
          38,
          28,
          28,
          28,
          null,
          null,
          38,
          35,
          35,
          61,
          61,
          61,
          61,
          61,
          null,
          null,
          3,
          null,
          null,
          38,
          1,
          null,
          null,
          38,
          38,
          null,
          null,
          38,
          null,
          1,
          null,
          35,
          null,
          1,
          null,
          1,
          null,
          null,
          38,
          38,
          null,
          null,
          38,
          null,
          1,
          null,
          35,
          null,
          1,
          null,
          1,
          null,
          38,
          38,
          null,
          null,
          38,
          null,
          1,
          null,
          35,
          null,
          1,
          null,
          1,
          null,
          38,
          null,
          null,
          38,
          null,
          35,
          null,
          1,
          null,
          1,
          null,
          1,
          null,
          null,
          38,
          null,
          1,
          null,
          35,
          null,
          1,
          null,
          1,
          null,
          null,
          38,
          null,
          null,
          38,
          12,
          null,
          null,
          38,
          null,
          38,
          38,
          38,
          38,
          38,
          null,
          38,
          38,
          38,
          null,
          38,
          null,
          null,
          null
        ]
      },
      "/Users/aarushisharma/coms4152/campaign-saas/app/services/api_key_service.rb": {
        "lines": [
          null,
          null,
          null,
          null,
          null,
          null,
          null,
          null,
          null,
          null,
          1,
          1,
          null,
          null,
          null,
          null,
          null,
          1,
          47,
          null,
          47,
          2,
          null,
          null,
          45,
          null,
          null,
          null,
          null,
          null,
          null,
          null,
          1,
          47,
          null,
          47,
          2,
          null,
          null,
          45,
          null,
          null,
          null,
          null,
          null,
          null,
          1,
          53,
          null,
          null,
          null,
          null,
          null,
          null,
          1,
          9,
          9,
          9,
          9,
          null,
          null,
          null
        ]
      },
      "/Users/aarushisharma/coms4152/campaign-saas/app/services/email_sender_service.rb": {
        "lines": [
          null,
          null,
          null,
          null,
          null,
          null,
          null,
          null,
          null,
          null,
          1,
          1,
          1,
          null,
          null,
          null,
          null,
          null,
          null,
          null,
          1,
          7,
          null,
          null,
          7,
          null,
          null,
          null,
          null,
          7,
          null,
          9,
          9,
          6,
          6,
          null,
          3,
          3,
          null,
          null,
          null,
          null,
          3,
          3,
          null,
          null,
          null,
          7,
          null,
          null,
          null,
          null,
          null,
          null,
          null,
          null,
          1,
          null,
          6,
          null,
          1,
          null,
          null,
          null,
          null,
          null,
          5,
          null,
          1,
          null,
          null,
          null,
          null,
          null,
          4,
          4,
          2,
          null,
          2,
          null,
          null,
          null,
          2,
          2,
          null,
          2,
          null,
          null,
          null,
          null,
          null,
          null,
          null,
          null,
          null,
          null,
          null,
          null,
          null,
          1,
          null,
          23,
          null,
          null,
          20,
          20,
          15,
          null,
          null,
          null,
          5,
          5,
          1,
          null,
          null,
          4,
          null,
          null,
          1,
          null,
          null,
          null,
          1,
          17,
          null,
          null,
          null,
          null,
          1,
          null,
          17,
          17,
          null,
          17,
          17,
          15,
          2,
          1,
          null,
          null,
          17,
          null,
          16,
          null,
          16,
          null,
          null,
          16,
          16,
          16,
          null,
          null,
          16,
          2,
          2,
          2,
          1,
          1,
          null,
          null,
          14,
          12,
          12,
          2,
          2,
          null,
          null,
          null,
          16,
          6,
          6,
          6,
          6,
          5,
          5,
          5,
          null,
          1,
          null,
          null,
          10,
          null,
          null,
          null,
          11,
          null,
          null,
          11,
          11,
          null,
          11,
          11,
          null,
          null,
          11,
          null,
          null,
          null,
          null,
          null,
          null,
          null,
          null,
          11,
          11,
          11,
          11,
          null,
          null,
          11,
          11,
          11,
          null,
          null,
          11,
          11,
          4,
          null,
          1,
          1,
          1,
          1,
          1,
          null,
          1,
          1,
          1,
          1,
          null,
          1,
          1,
          1,
          null,
          3,
          3,
          3,
          null,
          1,
          1,
          1,
          null,
          null,
          null,
          null,
          null,
          1,
          8,
          8,
          8,
          null,
          null,
          8,
          null,
          null,
          null,
          null,
          null,
          null,
          null,
          null,
          8,
          null,
          null,
          8,
          null,
          null,
          8,
          8,
          8,
          8,
          null,
          8,
          8,
          8,
          8,
          null,
          8,
          8,
          null,
          6,
          4,
          4,
          4,
          null,
          2,
          2,
          2,
          null,
          null,
          4,
          4,
          4,
          null,
          null,
          null,
          null,
          1,
          6,
          null,
          null,
          6,
          6,
          null,
          null,
          6,
          6,
          1,
          1,
          1,
          1,
          null,
          null,
          null,
          null,
          6,
          6,
          null,
          6,
          4,
          4,
          null,
          4,
          3,
          3,
          3,
          null,
          3,
          3,
          3,
          3,
          3,
          null,
          1,
          null,
          null,
          null,
          null,
          3,
          1,
          1,
          1,
          null,
          2,
          null,
          null,
          null,
          null,
          null,
          null,
          null,
          null,
          null,
          1,
          6,
          null,
          null,
          6,
          null,
          null,
          null,
          6,
          null,
          null,
          null,
          null,
          6,
          null,
          6,
          6,
          null,
          null,
          6,
          null,
          null,
          null,
          null,
          null,
          null,
          null,
          6,
          null,
          null,
          null,
          null,
          null,
          null,
          null,
          1,
          null,
          2,
          null,
          null,
          null,
          null,
          null,
          null,
          null,
          null,
          null,
          null
        ]
      },
      "/Users/aarushisharma/coms4152/campaign-saas/app/services/gmail_oauth_service.rb": {
        "lines": [
          null,
          null,
          null,
          null,
          null,
          null,
          null,
          null,
          null,
          null,
          null,
          null,
          null,
          null,
          null,
          null,
          1,
          1,
          null,
          null,
          null,
          null,
          null,
          1,
          8,
          7,
          7,
          7,
          null,
          null,
          null,
          null,
          null,
          null,
          null,
          null,
          1,
          10,
          10,
          null,
          null,
          10,
          null,
          null,
          7,
          5,
          2,
          1,
          null,
          null,
          1,
          null,
          null,
          null,
          7,
          null,
          null,
          null,
          null,
          7,
          6,
          null,
          null,
          7,
          null,
          7,
          7,
          null,
          3,
          3,
          3,
          null,
          null,
          null,
          null,
          null,
          null,
          null,
          null,
          1,
          6,
          null,
          null,
          5,
          3,
          null,
          null,
          5,
          null,
          null,
          null,
          null,
          null,
          null,
          null,
          1,
          11,
          null,
          10,
          null,
          null,
          9,
          null,
          null,
          6,
          4,
          2,
          1,
          null,
          null,
          1,
          null,
          null,
          6,
          null,
          null,
          null,
          null,
          6,
          6,
          null,
          3,
          3,
          3,
          null,
          null,
          null,
          null,
          null,
          null,
          null,
          null,
          1,
          3,
          null,
          null,
          1,
          null,
          null,
          null,
          1,
          18,
          18,
          null,
          18,
          1,
          null,
          null,
          null,
          null,
          17,
          1,
          null,
          16,
          null,
          16,
          16,
          null,
          null,
          17,
          null,
          17,
          null,
          null,
          null,
          null,
          null,
          null,
          null,
          null,
          null,
          null,
          null,
          null,
          null,
          1,
          10,
          10,
          null,
          10,
          1,
          null,
          null,
          9,
          null,
          null,
          null,
          null,
          null,
          null,
          null,
          null
        ]
      },
      "/Users/aarushisharma/coms4152/campaign-saas/app/services/lead_agent_service.rb": {
        "lines": [
          1,
          1,
          1,
          1,
          1,
          null,
          null,
          null,
          null,
          null,
          null,
          null,
          null,
          null,
          null,
          null,
          1,
          1,
          null,
          null,
          null,
          null,
          1,
          null,
          null,
          null,
          null,
          null,
          null,
          null,
          1,
          null,
          50,
          4,
          null,
          4,
          null,
          null,
          null,
          null,
          null,
          null,
          null,
          46,
          46,
          null,
          null,
          2,
          null,
          null,
          null,
          null,
          null,
          null,
          null,
          null,
          null,
          44,
          44,
          null,
          null,
          44,
          44,
          44,
          44,
          null,
          null,
          44,
          44,
          44,
          null,
          null,
          null,
          44,
          44,
          44,
          null,
          44,
          59,
          null,
          null,
          59,
          null,
          null,
          59,
          6,
          null,
          null,
          null,
          53,
          null,
          null,
          53,
          null,
          15,
          15,
          null,
          15,
          null,
          null,
          null,
          null,
          null,
          38,
          null,
          null,
          38,
          null,
          16,
          null,
          4,
          null,
          4,
          null,
          14,
          null,
          null,
          null,
          30,
          30,
          30,
          null,
          null,
          30,
          null,
          null,
          30,
          3,
          null,
          null,
          null,
          30,
          30,
          null,
          null,
          null,
          8,
          null,
          null,
          8,
          null,
          1,
          1,
          1,
          null,
          3,
          3,
          3,
          3,
          null,
          1,
          null,
          null,
          null,
          8,
          8,
          8,
          null,
          null,
          null,
          null,
          8,
          null,
          null,
          null,
          null,
          44,
          null,
          null,
          44,
          null,
          null,
          44,
          null,
          null,
          null,
          null,
          null,
          null,
          null,
          1,
          null,
          null,
          null,
          1,
          105,
          105,
          null,
          null,
          null,
          null,
          null,
          null,
          null,
          104,
          null,
          38,
          null,
          11,
          null,
          11,
          null,
          37,
          null,
          null,
          null,
          null,
          null,
          null,
          null,
          1,
          38,
          null,
          null,
          38,
          4,
          4,
          null,
          null,
          38,
          4,
          4,
          null,
          null,
          38,
          14,
          14,
          null,
          null,
          38,
          null,
          null,
          null,
          null,
          1,
          53,
          null,
          null,
          null,
          null,
          null,
          null,
          null,
          null,
          null,
          1,
          8,
          null,
          1,
          null,
          6,
          null,
          1,
          null,
          null,
          null,
          null,
          null,
          1,
          16,
          null,
          null,
          null,
          null,
          null,
          null,
          16,
          null,
          null,
          null,
          null,
          null,
          1,
          4,
          null,
          4,
          null,
          4,
          4,
          4,
          null,
          null,
          4,
          null,
          null,
          null,
          null,
          4,
          4,
          null,
          4,
          4,
          null,
          4,
          null,
          null,
          null,
          null,
          null,
          null,
          null,
          null,
          null,
          null,
          null,
          null,
          1,
          null,
          null,
          4,
          null,
          null,
          null,
          null,
          null,
          null,
          4,
          null,
          null,
          4,
          null,
          null,
          null,
          null,
          null,
          4,
          4,
          null,
          null,
          3,
          1,
          1,
          null,
          null,
          3,
          null,
          null,
          null,
          null,
          1,
          null,
          null,
          null,
          14,
          null,
          null,
          null,
          null,
          null,
          null,
          null,
          null,
          14,
          1,
          1,
          1,
          null,
          null,
          null,
          null,
          null,
          null,
          null,
          null,
          14,
          14,
          null,
          null,
          null,
          14,
          null,
          null,
          null,
          null,
          null,
          14,
          14,
          null,
          null,
          null,
          null,
          1,
          2,
          1,
          null,
          1,
          null,
          null,
          null,
          null,
          null,
          1,
          38,
          38,
          null,
          null,
          38,
          null,
          38,
          null,
          null,
          null,
          null,
          1,
          45,
          45,
          null,
          null,
          45,
          45,
          45,
          null,
          null,
          null,
          null,
          null,
          1,
          null,
          null,
          null,
          3,
          3,
          null,
          3,
          3,
          null,
          null,
          null,
          null,
          null,
          1,
          44,
          8,
          36,
          30,
          null,
          6,
          null,
          null,
          null,
          null
        ]
      },
      "/Users/aarushisharma/coms4152/campaign-saas/app/services/orchestrator.rb": {
        "lines": [
          1,
          1,
          1,
          null,
          null,
          null,
          null,
          null,
          null,
          null,
          null,
          null,
          null,
          null,
          null,
          null,
          null,
          null,
          null,
          null,
          null,
          null,
          null,
          null,
          null,
          null,
          null,
          null,
          null,
          null,
          null,
          null,
          null,
          null,
          null,
          null,
          null,
          null,
          1,
          1,
          null,
          null,
          null,
          null,
          null,
          null,
          23,
          23,
          23,
          null,
          null,
          1,
          14,
          14,
          14,
          14,
          14,
          14,
          14,
          null,
          null,
          14,
          14,
          14,
          14,
          14,
          14,
          14,
          null,
          14,
          null,
          null,
          null,
          null,
          null,
          null,
          null,
          null,
          null,
          null,
          null,
          null,
          null,
          null,
          null,
          null,
          null,
          null,
          14,
          14,
          14,
          null,
          14,
          null,
          null,
          14,
          null,
          14,
          null,
          null,
          null,
          14,
          null,
          null,
          null,
          null,
          null,
          null,
          14,
          14,
          null,
          null,
          14,
          14,
          14,
          null,
          14,
          14,
          14,
          null,
          null,
          14,
          null,
          null,
          null,
          14,
          14,
          null,
          14,
          12,
          12,
          null,
          2,
          2,
          null,
          null,
          null,
          14,
          14,
          14,
          null,
          null,
          14,
          null,
          null,
          null,
          null,
          null,
          null,
          null,
          null,
          null,
          null,
          null,
          1,
          2,
          null,
          null,
          null,
          null,
          null,
          null,
          null
        ]
      },
      "/Users/aarushisharma/coms4152/campaign-saas/app/controllers/campaigns_controller.rb": {
        "lines": [
          1,
          1,
          null,
          1,
          15,
          15,
          null,
          null,
          1,
          16,
          8,
          null,
          null,
          1,
          null,
          1,
          null,
          83,
          null,
          null,
          1,
          46,
          null,
          19,
          null,
          null,
          null,
          null,
          null,
          19,
          null,
          27,
          null,
          null,
          null
        ]
      }
    },
    "timestamp": 1763006913
  },
  "Cucumber Features": {
    "coverage": {
      "/Users/aarushisharma/coms4152/campaign-saas/app/models/agent_config.rb": {
        "lines": [
          1,
          1,
          1,
          null,
          1,
          null,
          null,
          1,
          1,
          null,
          1,
          1,
          null,
          null,
          null,
          1,
          null,
          1,
          null,
          1,
          null,
          114,
          null,
          null,
          47,
          0,
          null,
          null,
          null,
          null,
          null,
          null,
          null,
          1,
          null,
          null,
          1,
          0,
          null,
          null,
          1,
          71,
          null,
          null,
          null,
          1,
          0,
          null,
          null,
          1,
          0,
          null,
          null
        ]
      },
      "/Users/aarushisharma/coms4152/campaign-saas/app/models/application_record.rb": {
        "lines": [
          1,
          1,
          null
        ]
      },
      "/Users/aarushisharma/coms4152/campaign-saas/app/models/concerns/agent_constants.rb": {
        "lines": [
          null,
          null,
          null,
          null,
          null,
          null,
          1,
          null,
          1,
          1,
          1,
          1,
          null,
          null,
          null,
          1,
          null,
          null,
          null,
          null,
          null,
          null,
          null,
          1,
          null,
          null,
          null,
          null,
          null,
          null,
          1,
          1,
          1,
          null,
          null,
          null,
          1,
          null,
          null,
          null,
          null,
          null,
          1,
          1,
          1,
          1,
          1,
          1,
          null,
          null,
          null,
          1,
          null,
          null,
          null,
          null,
          null,
          null,
          null
        ]
      },
      "/Users/aarushisharma/coms4152/campaign-saas/app/models/concerns/jsonb_validator.rb": {
        "lines": [
          null,
          null,
          null,
          null,
          null,
          null,
          null,
          null,
          null,
          null,
          null,
          null,
          null,
          null,
          null,
          null,
          null,
          null,
          1,
          1,
          null,
          1,
          null,
          null,
          null,
          null,
          null,
          null,
          null,
          1,
          1,
          189,
          null,
          null,
          189,
          null,
          null,
          189,
          null,
          0,
          0,
          null,
          null,
          null,
          null,
          189,
          189,
          189,
          null,
          189,
          1,
          1,
          null,
          null,
          null,
          188,
          0,
          0,
          0,
          null,
          null,
          null,
          null,
          null,
          188,
          188,
          2632,
          2632,
          null,
          null,
          2632,
          null,
          321,
          321,
          321,
          null,
          null,
          245,
          0,
          null,
          null,
          null,
          14,
          0,
          null,
          null,
          0,
          0,
          null,
          null,
          58,
          0,
          null,
          null,
          null,
          4,
          0,
          null,
          null,
          null,
          null,
          null,
          null,
          null,
          0,
          0,
          null,
          null,
          null,
          null,
          null,
          null,
          null
        ]
      },
      "/Users/aarushisharma/coms4152/campaign-saas/app/models/agent_output.rb": {
        "lines": [
          1,
          1,
          1,
          null,
          1,
          null,
          null,
          1,
          1,
          1,
          1,
          null,
          null,
          null,
          null,
          1,
          null,
          null,
          null,
          null,
          null,
          null,
          null,
          null,
          null,
          null,
          null,
          null,
          null,
          null,
          null,
          null,
          null,
          null,
          null,
          null,
          1,
          3,
          null,
          null,
          1,
          3,
          null,
          null,
          1,
          3,
          null,
          null
        ]
      },
      "/Users/aarushisharma/coms4152/campaign-saas/app/models/campaign.rb": {
        "lines": [
          1,
          1,
          1,
          1,
          null,
          1,
          null,
          null,
          1,
          null,
          null,
          1,
          50,
          50,
          null,
          0,
          null,
          null,
          null,
          null,
          null,
          null,
          50,
          null,
          null,
          null,
          1,
          0,
          null,
          null,
          null,
          null,
          null,
          1,
          0,
          null,
          null,
          null,
          1,
          9,
          null,
          null,
          null,
          null,
          1,
          null,
          1,
          208,
          null,
          208,
          208,
          4,
          null,
          null,
          null,
          null,
          null,
          null,
          null,
          null,
          null
        ]
      },
      "/Users/aarushisharma/coms4152/campaign-saas/app/models/lead.rb": {
        "lines": [
          1,
          1,
          1,
          null,
          1,
          1,
          null,
          1,
          null,
          null,
          1,
          0,
          null,
          null,
          1,
          0,
          null,
          null,
          null,
          1,
          25,
          null,
          null,
          null,
          null,
          1,
          null,
          1,
          352,
          null,
          null
        ]
      },
      "/Users/aarushisharma/coms4152/campaign-saas/app/models/user.rb": {
        "lines": [
          1,
          null,
          null,
          1,
          null,
          null,
          1,
          null,
          1,
          0,
          null,
          null
        ]
      },
      "/Users/aarushisharma/coms4152/campaign-saas/app/controllers/api/v1/agent_configs_controller.rb": {
        "lines": [
          1,
          1,
          1,
          null,
          null,
          null,
          1,
          null,
          2,
          null,
          2,
          1,
          1,
          null,
          null,
          1,
          null,
          0,
          null,
          null,
          null,
          null,
          null,
          null,
          null,
          null,
          1,
          null,
          null,
          null,
          null,
          null,
          null,
          null,
          null,
          1,
          null,
          1,
          null,
          1,
          0,
          0,
          null,
          null,
          1,
          null,
          1,
          0,
          0,
          null,
          null,
          1,
          null,
          null,
          null,
          null,
          null,
          null,
          null,
          null,
          null,
          null,
          null,
          null,
          1,
          null,
          11,
          null,
          11,
          0,
          0,
          null,
          null,
          null,
          null,
          null,
          null,
          11,
          11,
          null,
          null,
          null,
          null,
          null,
          11,
          4,
          4,
          null,
          null,
          null,
          7,
          7,
          7,
          1,
          1,
          null,
          null,
          6,
          null,
          null,
          null,
          null,
          null,
          6,
          6,
          null,
          null,
          null,
          null,
          null,
          null,
          null,
          null,
          0,
          null,
          null,
          null,
          null,
          null,
          null,
          1,
          null,
          2,
          null,
          2,
          0,
          0,
          null,
          null,
          2,
          null,
          2,
          0,
          0,
          null,
          null,
          null,
          null,
          2,
          null,
          2,
          2,
          null,
          null,
          null,
          null,
          null,
          null,
          null,
          null,
          0,
          null,
          null,
          null,
          null,
          null,
          null,
          1,
          null,
          2,
          null,
          2,
          0,
          0,
          null,
          null,
          2,
          null,
          2,
          1,
          1,
          null,
          1,
          null,
          null,
          null,
          1,
          null,
          1,
          null,
          null,
          null,
          null,
          14,
          null,
          14,
          null,
          0,
          null,
          null,
          null,
          null,
          null,
          14,
          null,
          14,
          14,
          10,
          null,
          4,
          null,
          null,
          14,
          null,
          null,
          1,
          null,
          null,
          null,
          null,
          null,
          null,
          10,
          null,
          null,
          null,
          null,
          null,
          null,
          null,
          null,
          null,
          null,
          null,
          null,
          null,
          null,
          null,
          null,
          null,
          null
        ]
      },
      "/Users/aarushisharma/coms4152/campaign-saas/app/controllers/api/v1/base_controller.rb": {
        "lines": [
          1,
          1,
          1,
          1,
          1,
          null,
          null,
          1,
          1,
          null,
          1,
          null,
          1,
          null,
          238,
          null,
          null,
          1,
          131,
          126,
          null,
          null,
          null,
          null,
          null,
          126,
          null,
          5,
          null,
          null,
          null,
          null,
          1,
          107,
          null,
          null,
          null,
          null
        ]
      },
      "/Users/aarushisharma/coms4152/campaign-saas/app/controllers/application_controller.rb": {
        "lines": [
          1,
          null,
          1,
          null,
          null,
          1,
          null,
          1,
          1,
          null,
          null,
          127,
          null,
          1,
          5,
          5,
          null,
          null,
          1,
          null,
          1,
          0,
          0,
          null,
          0,
          0,
          0,
          null,
          0,
          null,
          0,
          null,
          null,
          1,
          157,
          null,
          null,
          0,
          0,
          null,
          null,
          0,
          null,
          null
        ]
      },
      "/Users/aarushisharma/coms4152/campaign-saas/app/helpers/application_helper.rb": {
        "lines": [
          1,
          null
        ]
      },
      "/Users/aarushisharma/coms4152/campaign-saas/app/helpers/markdown_helper.rb": {
        "lines": [
          1,
          null,
          null,
          null,
          null,
          1,
          10,
          null,
          10,
          null,
          null,
          10,
          null,
          null,
          10,
          10,
          10,
          10,
          null,
          10,
          2,
          null,
          null,
          2,
          null,
          0,
          0,
          0,
          0,
          null,
          null,
          0,
          0,
          0,
          null,
          0,
          null,
          null,
          null,
          2,
          null,
          0,
          0,
          0,
          0,
          null,
          0,
          0,
          0,
          0,
          0,
          null,
          null,
          null,
          2,
          null,
          0,
          0,
          0,
          0,
          null,
          0,
          0,
          0,
          0,
          0,
          null,
          null,
          null,
          2,
          0,
          0,
          null,
          null,
          null,
          2,
          null,
          null,
          null,
          10,
          2,
          2,
          null,
          null,
          null,
          10,
          null,
          10,
          null,
          null,
          1,
          null,
          null,
          null,
          1,
          2,
          null,
          null,
          2,
          null,
          null,
          2,
          null,
          null,
          2,
          null,
          null,
          2,
          null,
          null,
          2,
          null,
          2,
          null,
          null,
          1,
          null,
          null,
          null,
          null,
          1,
          10,
          null,
          10,
          null,
          null,
          10,
          null,
          null,
          10,
          null,
          null,
          10,
          10,
          10,
          10,
          10,
          10,
          10,
          null,
          null,
          10,
          null,
          10,
          null,
          null
        ]
      },
      "/Users/aarushisharma/coms4152/campaign-saas/app/controllers/api/v1/leads_controller.rb": {
        "lines": [
          1,
          1,
          1,
          1,
          null,
          null,
          3,
          null,
          null,
          null,
          null,
          null,
          null,
          1,
          null,
          9,
          9,
          9,
          2,
          2,
          null,
          null,
          7,
          7,
          1,
          null,
          6,
          null,
          null,
          null,
          1,
          null,
          null,
          2,
          null,
          null,
          null,
          2,
          2,
          null,
          0,
          null,
          null,
          null,
          1,
          null,
          null,
          5,
          null,
          null,
          null,
          5,
          3,
          3,
          null,
          2,
          null,
          null,
          null,
          null,
          null,
          null,
          null,
          null,
          null,
          null,
          1,
          null,
          null,
          21,
          null,
          null,
          null,
          null,
          21,
          2,
          2,
          null,
          null,
          null,
          19,
          null,
          null,
          null,
          19,
          19,
          null,
          19,
          7,
          12,
          2,
          null,
          null,
          10,
          null,
          null,
          19,
          null,
          null,
          7,
          null,
          6,
          null,
          null,
          null,
          null,
          null,
          null,
          1,
          1,
          null,
          null,
          null,
          null,
          null,
          null,
          null,
          null,
          12,
          null,
          null,
          12,
          1,
          null,
          null,
          null,
          null,
          1,
          null,
          null,
          null,
          11,
          null,
          null,
          null,
          null,
          null,
          null,
          null,
          null,
          null,
          0,
          null,
          null,
          null,
          null,
          null,
          null,
          null,
          null,
          null,
          null,
          1,
          null,
          null,
          5,
          null,
          null,
          null,
          null,
          5,
          1,
          1,
          null,
          null,
          null,
          4,
          null,
          5,
          null,
          null,
          null,
          null,
          null,
          null,
          null,
          null,
          4,
          null,
          null,
          null,
          null,
          null,
          null,
          null,
          null,
          1,
          null,
          null,
          0,
          null,
          null,
          null,
          null,
          0,
          0,
          0,
          null,
          null,
          null,
          0,
          null,
          0,
          0,
          null,
          null,
          null,
          null,
          0,
          null,
          null,
          null,
          null,
          null,
          0,
          null,
          null,
          null,
          null,
          null,
          null,
          null,
          null,
          null,
          1,
          null,
          null,
          9,
          null,
          null,
          null,
          null,
          9,
          2,
          2,
          null,
          null,
          7,
          null,
          7,
          0,
          0,
          null,
          null,
          null,
          7,
          1,
          1,
          null,
          null,
          null,
          6,
          null,
          6,
          0,
          0,
          null,
          null,
          null,
          6,
          null,
          1,
          null,
          1,
          0,
          0,
          null,
          null,
          null,
          1,
          1,
          5,
          null,
          4,
          null,
          4,
          1,
          1,
          null,
          null,
          null,
          3,
          null,
          null,
          null,
          3,
          1,
          null,
          1,
          null,
          1,
          0,
          0,
          null,
          null,
          null,
          1,
          null,
          null,
          5,
          null,
          null,
          null,
          null,
          null,
          null,
          null,
          1,
          null,
          1,
          null,
          18,
          18,
          18,
          null,
          null,
          null,
          null
        ]
      },
[...]
          6,
          6,
          6,
          null,
          null,
          6,
          2,
          2,
          null,
          null,
          4,
          0,
          0,
          null,
          null,
          null,
          4,
          null,
          null,
          null,
          4,
          3,
          null,
          null,
          null,
          3,
          null,
          null,
          3,
          1,
          null,
          2,
          null,
          null,
          0,
          0,
          0,
          null,
          null,
          null
        ]
      },
      "/Users/aarushisharma/coms4152/campaign-saas/app/jobs/application_job.rb": {
        "lines": [
          1,
          null,
          null,
          null,
          null,
          null,
          null
        ]
      },
      "/Users/aarushisharma/coms4152/campaign-saas/app/controllers/api/v1/api_keys_controller.rb": {
        "lines": [
          1,
          1,
          1,
          1,
          2,
          null,
          2,
          0,
          0,
          null,
          null,
          2,
          null,
          null,
          null,
          null,
          null,
          1,
          7,
          null,
          7,
          0,
          0,
          null,
          null,
          7,
          7,
          null,
          7,
          7,
          5,
          null,
          7,
          5,
          null,
          null,
          7,
          1,
          null,
          null,
          null,
          1,
          null,
          null,
          6,
          6,
          null,
          null,
          null,
          null,
          0,
          null,
          null,
          null,
          null,
          null,
          null,
          null
        ]
      },
      "/Users/aarushisharma/coms4152/campaign-saas/app/controllers/campaigns_controller.rb": {
        "lines": [
          1,
          1,
          null,
          1,
          13,
          13,
          null,
          null,
          1,
          0,
          0,
          null,
          null,
          1,
          null,
          1,
          null,
          39,
          null,
          null,
          1,
          26,
          null,
          26,
          null,
          null,
          null,
          null,
          null,
          26,
          null,
          0,
          null,
          null,
          null
        ]
      },
      "/Users/aarushisharma/coms4152/campaign-saas/app/controllers/api/v1/campaigns_controller.rb": {
        "lines": [
          1,
          1,
          1,
          1,
          null,
          null,
          2,
          null,
          null,
          1,
          null,
          8,
          8,
          5,
          null,
          3,
          null,
          null,
          null,
          1,
          null,
          4,
          4,
          2,
          null,
          2,
          null,
          null,
          null,
          1,
          null,
          3,
          3,
          2,
          2,
          null,
          1,
          null,
          null,
          null,
          null,
          null,
          null,
          1,
          null,
          0,
          null,
          0,
          0,
          0,
          null,
          null,
          null,
          0,
          null,
          0,
          null,
          null,
          null,
          null,
          null,
          null,
          0,
          null,
          null,
          null,
          null,
          null,
          null,
          1,
          null,
          1,
          null,
          10,
          null,
          null,
          10,
          9,
          9,
          1,
          1,
          null,
          null,
          1,
          1,
          null,
          0,
          null,
          null,
          null,
          8,
          null,
          null,
          null,
          10,
          null,
          null,
          null,
          null
        ]
      },
      "/Users/aarushisharma/coms4152/campaign-saas/app/mailers/campaign_mailer.rb": {
        "lines": [
          1,
          null,
          null,
          null,
          null,
          null,
          null,
          null,
          1,
          10,
          10,
          10,
          null,
          10,
          null,
          null,
          null,
          null,
          null,
          null,
          1,
          null,
          1,
          10,
          10,
          9,
          null,
          1,
          null,
          null,
          null
        ]
      },
      "/Users/aarushisharma/coms4152/campaign-saas/app/mailers/application_mailer.rb": {
        "lines": [
          1,
          1,
          1,
          1,
          null
        ]
      },
      "/Users/aarushisharma/coms4152/campaign-saas/app/services/gmail_oauth_service.rb": {
        "lines": [
          null,
          null,
          null,
          null,
          null,
          null,
          null,
          null,
          null,
          null,
          null,
          null,
          null,
          null,
          null,
          null,
          1,
          1,
          null,
          null,
          null,
          null,
          null,
          1,
          3,
          2,
          2,
          2,
          null,
          null,
          null,
          null,
          null,
          null,
          null,
          null,
          1,
          3,
          3,
          null,
          null,
          3,
          null,
          null,
          2,
          1,
          1,
          1,
          null,
          null,
          0,
          null,
          null,
          null,
          2,
          null,
          null,
          null,
          null,
          2,
          1,
          null,
          null,
          2,
          null,
          2,
          2,
          null,
          1,
          1,
          1,
          null,
          null,
          null,
          null,
          null,
          null,
          null,
          null,
          1,
          3,
          null,
          null,
          2,
          2,
          null,
          null,
          2,
          null,
          null,
          null,
          null,
          null,
          null,
          null,
          1,
          2,
          null,
          2,
          null,
          null,
          2,
          null,
          null,
          1,
          0,
          1,
          1,
          null,
          null,
          0,
          null,
          null,
          1,
          null,
          null,
          null,
          null,
          1,
          1,
          null,
          1,
          1,
          1,
          null,
          null,
          null,
          null,
          null,
          null,
          null,
          null,
          1,
          66,
          null,
          null,
          1,
          null,
          null,
          null,
          1,
          6,
          6,
          null,
          6,
          1,
          null,
          null,
          null,
          null,
          5,
          0,
          null,
          5,
          null,
          5,
          5,
          null,
          null,
          5,
          null,
          5,
          null,
          null,
          null,
          null,
          null,
          null,
          null,
          null,
          null,
          null,
          null,
          null,
          null,
          1,
          2,
          2,
          null,
          2,
          0,
          null,
          null,
          2,
          null,
          null,
          null,
          null,
          null,
          null,
          null,
          null
        ]
      },
      "/Users/aarushisharma/coms4152/campaign-saas/app/services/email_sender_service.rb": {
        "lines": [
          null,
          null,
          null,
          null,
          null,
          null,
          null,
          null,
          null,
          null,
          1,
          1,
          1,
          null,
          null,
          null,
          null,
          null,
          null,
          null,
          1,
          16,
          null,
          null,
          16,
          null,
          null,
          null,
          null,
          16,
          null,
          19,
          19,
          14,
          14,
          null,
          5,
          5,
          null,
          null,
          null,
          null,
          5,
          5,
          null,
          null,
          null,
          16,
          null,
          null,
          null,
          null,
          null,
          null,
          null,
          null,
          1,
          null,
          25,
          null,
          2,
          null,
          null,
          null,
          null,
          null,
          23,
          null,
          4,
          null,
          null,
          null,
          null,
          null,
          19,
          19,
          8,
          null,
          8,
          null,
          null,
          null,
          11,
          11,
          null,
          11,
          null,
          null,
          null,
          null,
          null,
          null,
          null,
          null,
          null,
          null,
          null,
          null,
          null,
          1,
          null,
          45,
          null,
          null,
          40,
          40,
          28,
          null,
          null,
          null,
          12,
          12,
          10,
          null,
          null,
          2,
          null,
          null,
          1,
          null,
          null,
          null,
          1,
          38,
          null,
          null,
          null,
          null,
          1,
          null,
          38,
          38,
          null,
          38,
          38,
          28,
          10,
          10,
          null,
          null,
          38,
          null,
          38,
          null,
          38,
          null,
          null,
          38,
          38,
          38,
          null,
          null,
          38,
          4,
          4,
          4,
          2,
          2,
          null,
          null,
          34,
          25,
          25,
          0,
          0,
          null,
          null,
          null,
          38,
          12,
          12,
          12,
          12,
          7,
          7,
          4,
          null,
          5,
          null,
          null,
          26,
          null,
          null,
          null,
          31,
          null,
          null,
          31,
          31,
          null,
          31,
          31,
          null,
          null,
          31,
          null,
          null,
          null,
          null,
          null,
          null,
          null,
          null,
          31,
          1,
          1,
          1,
          null,
          null,
          31,
          31,
          31,
          null,
          null,
          31,
          31,
          18,
          null,
          1,
          1,
          1,
          1,
          1,
          null,
          1,
          1,
          1,
          1,
          null,
          1,
          1,
          1,
          null,
          4,
          4,
          4,
          null,
          6,
          6,
          6,
          null,
          null,
          null,
          null,
          null,
          1,
          7,
          7,
          7,
          null,
          null,
          7,
          null,
          null,
          null,
          null,
          null,
          null,
          null,
          null,
          7,
          null,
          null,
          7,
          null,
          null,
          7,
          7,
          7,
          7,
          null,
          7,
          7,
          7,
          7,
          null,
          7,
          7,
          null,
          6,
          4,
          4,
          4,
          null,
          2,
          2,
          2,
          null,
          null,
          3,
          3,
          3,
          null,
          null,
          null,
          null,
          1,
          32,
          null,
          null,
          32,
          32,
          null,
          null,
          32,
          32,
          3,
          3,
          1,
          1,
          null,
          null,
          null,
          null,
          32,
          32,
          null,
          32,
          5,
          5,
          null,
          5,
          3,
          3,
          3,
          null,
          3,
          3,
          3,
          3,
          3,
          null,
          2,
          null,
          null,
          null,
          null,
          29,
          28,
          28,
          28,
          null,
          1,
          null,
          null,
          null,
          null,
          null,
          null,
          null,
          null,
          null,
          1,
          3,
          null,
          null,
          3,
          null,
          null,
          null,
          3,
          null,
          null,
          null,
          null,
          3,
          null,
          3,
          3,
          null,
          null,
          3,
          null,
          null,
          null,
          null,
          null,
          null,
          null,
          3,
          null,
          null,
          null,
          null,
          null,
          null,
          null,
          1,
          null,
          28,
          null,
          null,
          null,
          null,
          null,
          null,
          null,
          null,
          null,
          null
        ]
      },
      "/Users/aarushisharma/coms4152/campaign-saas/app/controllers/oauth_controller.rb": {
        "lines": [
          null,
          null,
          null,
          null,
          null,
          1,
          1,
          null,
          null,
          null,
          null,
          1,
          null,
          null,
          0,
          0,
          0,
          0,
          0,
          null,
          null,
          0,
          0,
          null,
          null,
          0,
          0,
          null,
          0,
          0,
          null,
          0,
          0,
          0,
          0,
          0,
          null,
          null,
          null,
          null,
          null,
          null,
          1,
          0,
          null,
          0,
          0,
          0,
          0,
          0,
          0,
          null,
          null,
          0,
          0,
          0,
          0,
          0,
          0,
          null,
          null,
          null,
          0,
          0,
          null,
          null,
          null,
          0,
          0,
          0,
          null,
          0,
          0,
          0,
          null,
          0,
          0,
          null,
          null,
          0,
          0,
          0,
          null,
          null,
          0,
          null,
          null,
          null,
          null,
          null,
          1,
          0,
          null,
          null,
          null,
          null,
          null,
          0,
          0,
          null,
          null
        ]
      },
      "/Users/aarushisharma/coms4152/campaign-saas/app/controllers/api/v1/oauth_statuses_controller.rb": {
        "lines": [
          1,
          1,
          1,
          null,
          null,
          null,
          1,
          2,
          2,
          2,
          null,
          null,
          2,
          null,
          null,
          2,
          null,
          null,
          2,
          null,
          null,
          2,
          null,
          null,
          null,
          null
        ]
      },
      "/Users/aarushisharma/coms4152/campaign-saas/app/controllers/api/v1/email_configs_controller.rb": {
        "lines": [
          1,
          1,
          1,
          null,
          null,
          null,
          1,
          3,
          null,
          null,
          3,
          null,
          3,
          null,
          null,
          null,
          2,
          1,
          1,
          1,
          1,
          null,
          null,
          null,
          null,
          1,
          1,
          null,
          null,
          3,
          null,
          null,
          null,
          null,
          null,
          null,
          null,
          null,
          1,
          2,
          2,
          1,
          1,
          null,
          null,
          1,
          null,
          1,
          null,
          null,
          null,
          1,
          1,
          1,
          1,
          1,
          null,
          null,
          null,
          0,
          0,
          null,
          null,
          1,
          null,
          null,
          null,
          null,
          0,
          null,
          null,
          null,
          null,
          1,
          null,
          null,
          null,
          null,
          null,
          null,
          null
        ]
      },
      "/Users/aarushisharma/coms4152/campaign-saas/app/services/orchestrator.rb": {
        "lines": [
          1,
          1,
          1,
          null,
          null,
          null,
          null,
          null,
          null,
          null,
          null,
          null,
          null,
          null,
          null,
          null,
          null,
          null,
          null,
          null,
          null,
          null,
          null,
          null,
          null,
          null,
          null,
          null,
          null,
          null,
          null,
          null,
          null,
          null,
          null,
          null,
          null,
          null,
          1,
          1,
          null,
          null,
          null,
          null,
          null,
          null,
          8,
          8,
          8,
          null,
          null,
          1,
          8,
          8,
          8,
          8,
          8,
          8,
          8,
          null,
          null,
          8,
          8,
          8,
          8,
          8,
          8,
          8,
          null,
          8,
          null,
          null,
          null,
          null,
          null,
          null,
          null,
          null,
          null,
          null,
          null,
          null,
          null,
          null,
          null,
          null,
          null,
          null,
          7,
          7,
          7,
          null,
          7,
          null,
          null,
          7,
          null,
          7,
          null,
          null,
          null,
          7,
          null,
          null,
          null,
          null,
          null,
          null,
          7,
          7,
          null,
          null,
          7,
          7,
          7,
          null,
          7,
          7,
          7,
          null,
          null,
          7,
          null,
          null,
          null,
          7,
          7,
          null,
          7,
          6,
          6,
          null,
          1,
          1,
          null,
          null,
          null,
          7,
          7,
          7,
          null,
          null,
          7,
          null,
          null,
          null,
          null,
          null,
          null,
          null,
          null,
          null,
          null,
          null,
          1,
          8,
          null,
          null,
          null,
          null,
          null,
          null,
          null
        ]
      }
    },
    "timestamp": 1763006960
  }
}
