{
  "RSpec": {
    "coverage": {
      "C:/Users/Kaneki/Desktop/saas-proj/campaign-saas/app/models/agent_config.rb": {
        "lines": [
          1,
          1,
          1,
          null,
          1,
          null,
          null,
          1,
          1,
          null,
          1,
          1,
          null,
          null,
          null,
          1,
          null,
          1,
          null,
          1,
          null,
          127,
          null,
          null,
          15,
          1,
          null,
          null,
          null,
          null,
          null,
          null,
          null,
          1,
          null,
          null,
          1,
          2,
          null,
          null,
          1,
          55,
          null,
          null,
          null,
          1,
          8,
          null,
          null,
          1,
          2,
          null,
          null
        ]
      },
      "C:/Users/Kaneki/Desktop/saas-proj/campaign-saas/app/models/application_record.rb": {
        "lines": [
          1,
          1,
          null
        ]
      },
      "C:/Users/Kaneki/Desktop/saas-proj/campaign-saas/app/models/concerns/agent_constants.rb": {
        "lines": [
          null,
          null,
          null,
          null,
          null,
          null,
          1,
          null,
          1,
          1,
          1,
          1,
          null,
          null,
          null,
          1,
          null,
          null,
          null,
          null,
          null,
          null,
          null,
          1,
          null,
          null,
          null,
          null,
          null,
          null,
          1,
          1,
          1,
          null,
          null,
          null,
          1,
          null,
          null,
          null,
          null,
          null,
          1,
          1,
          1,
          1,
          1,
          1,
          null,
          null,
          null,
          1,
          null,
          null,
          null,
          null,
          null,
          null,
          null
        ]
      },
      "C:/Users/Kaneki/Desktop/saas-proj/campaign-saas/app/models/concerns/jsonb_validator.rb": {
        "lines": [
          null,
          null,
          null,
          null,
          null,
          null,
          null,
          null,
          null,
          null,
          null,
          null,
          null,
          null,
          null,
          null,
          null,
          null,
          1,
          1,
          null,
          1,
          null,
          null,
          null,
          null,
          null,
          null,
          null,
          1,
          10,
          148,
          null,
          null,
          148,
          null,
          null,
          145,
          null,
          8,
          2,
          null,
          null,
          null,
          null,
          143,
          143,
          143,
          null,
          142,
          1,
          1,
          null,
          null,
          null,
          141,
          2,
          2,
          1,
          null,
          null,
          null,
          null,
          null,
          141,
          139,
          1910,
          1910,
          null,
          null,
          1910,
          null,
          256,
          256,
          256,
          null,
          null,
          171,
          1,
          null,
          null,
          null,
          4,
          1,
          null,
          null,
          2,
          1,
          null,
          null,
          45,
          1,
          null,
          null,
          null,
          34,
          1,
          null,
          null,
          null,
          null,
          null,
          null,
          null,
          1,
          1,
          null,
          null,
          null,
          null,
          null,
          null,
          null
        ]
      },
      "C:/Users/Kaneki/Desktop/saas-proj/campaign-saas/app/models/agent_output.rb": {
        "lines": [
          1,
          1,
          1,
          null,
          1,
          null,
          null,
          1,
          1,
          1,
          1,
          null,
          null,
          null,
          null,
          1,
          null,
          null,
          null,
          null,
          null,
          null,
          null,
          null,
          null,
          null,
          null,
          null,
          null,
          null,
          null,
          null,
          null,
          null,
          null,
          null,
          1,
          3,
          null,
          null,
          1,
          3,
          null,
          null,
          1,
          3,
          null,
          null
        ]
      },
      "C:/Users/Kaneki/Desktop/saas-proj/campaign-saas/app/models/campaign.rb": {
        "lines": [
          1,
          1,
          1,
          1,
          null,
          1,
          null,
          null,
          1,
          null,
          null,
          1,
          55,
          55,
          null,
          5,
          null,
          null,
          null,
          null,
          null,
          null,
          50,
          null,
          null,
          null,
          1,
          1,
          null,
          null,
          null,
          null,
          null,
          1,
          2,
          null,
          null,
          1,
          null,
          1,
          311,
          null,
          311,
          311,
          294,
          null,
          null,
          null,
          null,
          null,
          null,
          null,
          null,
          null
        ]
      },
      "C:/Users/Kaneki/Desktop/saas-proj/campaign-saas/app/models/lead.rb": {
        "lines": [
          1,
          1,
          1,
          null,
          1,
          1,
          null,
          1,
          null,
          1,
          null,
          1,
          267,
          null,
          null
        ]
      },
      "C:/Users/Kaneki/Desktop/saas-proj/campaign-saas/app/models/user.rb": {
        "lines": [
          1,
          null,
          null,
          1,
          null,
          null,
          1,
          null,
          1,
          55,
          null,
          null
        ]
      },
      "C:/Users/Kaneki/Desktop/saas-proj/campaign-saas/app/helpers/application_helper.rb": {
        "lines": [
          1,
          null
        ]
      },
      "C:/Users/Kaneki/Desktop/saas-proj/campaign-saas/app/helpers/markdown_helper.rb": {
        "lines": [
          1,
          null,
          null,
          null,
          null,
          1,
          22,
          null,
          20,
          null,
          null,
          20,
          null,
          null,
          20,
          20,
          20,
          20,
          null,
          20,
          33,
          null,
          null,
          33,
          null,
          3,
          1,
          1,
          1,
          null,
          null,
          3,
          1,
          1,
          null,
          3,
          null,
          null,
          null,
          30,
          null,
          3,
          1,
          1,
          1,
          null,
          3,
          3,
          3,
          3,
          3,
          null,
          null,
          null,
          27,
          null,
          8,
          1,
          1,
          1,
          null,
          8,
          8,
          8,
          8,
          8,
          null,
          null,
          null,
          19,
          1,
          1,
          null,
          null,
          null,
          19,
          null,
          null,
          null,
          20,
          15,
          15,
          null,
          null,
          null,
          20,
          null,
          20,
          null,
          null,
          1,
          null,
          null,
          null,
          1,
          29,
          null,
          null,
          29,
          null,
          null,
          29,
          null,
          null,
          29,
          null,
          null,
          29,
          null,
          null,
          29,
          null,
          29,
          null,
          null,
          1,
          null,
          null,
          null,
          null,
          1,
          13,
          null,
          11,
          null,
          null,
          11,
          null,
          null,
          11,
          null,
          null,
          11,
          11,
          11,
          11,
          11,
          11,
          11,
          null,
          null,
          11,
          null,
          11,
          null,
          null
        ]
      },
      "C:/Users/Kaneki/Desktop/saas-proj/campaign-saas/app/lib/custom_failure_app.rb": {
        "lines": [
          null,
          1,
          1,
          15,
          null,
          6,
          null,
          5,
          null,
          4,
          null,
          1,
          null,
          null,
          1,
          null,
          null,
          null,
          9,
          null,
          null,
          null
        ]
      },
      "C:/Users/Kaneki/Desktop/saas-proj/campaign-saas/app/controllers/api/v1/agent_configs_controller.rb": {
        "lines": [
          1,
          1,
          1,
          null,
          null,
          null,
          1,
          null,
          5,
          null,
          5,
          2,
          2,
          null,
          null,
          6,
          null,
          3,
          null,
          null,
          null,
          null,
          null,
          null,
          null,
          null,
          1,
          null,
          5,
          null,
          5,
          1,
          1,
          null,
          null,
          4,
          null,
          4,
          2,
          2,
          null,
          null,
          2,
          null,
          null,
          null,
          null,
          null,
          1,
          null,
          12,
          null,
          12,
          2,
          2,
          null,
          null,
          null,
          null,
          null,
          null,
          10,
          10,
          null,
          null,
          null,
          null,
          null,
          10,
          2,
          2,
          null,
          null,
          null,
          8,
          8,
          8,
          2,
          2,
          null,
          null,
          6,
          null,
          null,
          null,
          null,
          null,
          6,
          5,
          null,
          1,
          null,
          null,
          null,
          null,
          null,
          null,
          1,
          null,
          9,
          null,
          9,
          2,
          2,
          null,
          null,
          7,
          null,
          7,
          2,
          2,
          null,
          null,
          null,
          null,
          5,
          null,
          5,
          4,
          null,
          1,
          null,
          null,
          null,
          null,
          null,
          null,
          1,
          null,
          7,
          null,
          7,
          2,
          2,
          null,
          null,
          5,
          null,
          5,
          3,
          3,
          null,
          2,
          null,
          null,
          null,
          1,
          null,
          1,
          null,
          null,
          null,
          null,
          17,
          null,
          17,
          null,
          1,
          null,
          null,
          null,
          null,
          null,
          16,
          null,
          16,
          16,
          11,
          null,
          5,
          null,
          null,
          16,
          null,
          null,
          1,
          null,
          null,
          null,
          null,
          null,
          null,
          null,
          null,
          11,
          null,
          null,
          null,
          null,
          null,
          null,
          null,
          null,
          null,
          null,
          null,
          null,
          null,
          null,
          null,
          null,
          null,
          null,
          null,
          null,
          null,
          null,
          null
        ]
      },
      "C:/Users/Kaneki/Desktop/saas-proj/campaign-saas/app/controllers/api/v1/base_controller.rb": {
        "lines": [
          1,
          1,
          1,
          1,
          1,
          null,
          null,
          1,
          1,
          null,
          1,
          null,
          1,
          null,
          352,
          352,
          337,
          null,
          null,
          336,
          null,
          null,
          1,
          null,
          null,
          null,
          null,
          null,
          null,
          167,
          12,
          null,
          null,
          null,
          null,
          null,
          null,
          null,
          null,
          null,
          11,
          null,
          null,
          155,
          null,
          null,
          155,
          153,
          null,
          null,
          1,
          null,
          null,
          155,
          155,
          null,
          null,
          null,
          1,
          275,
          null,
          null,
          null,
          null
        ]
      },
      "C:/Users/Kaneki/Desktop/saas-proj/campaign-saas/app/controllers/application_controller.rb": {
        "lines": [
          1,
          null,
          1,
          null,
          null,
          1,
          null,
          1,
          1,
          null,
          null,
          377,
          null,
          null,
          1,
          5,
          1,
          null,
          null,
          4,
          null,
          null,
          null,
          1,
          2,
          1,
          null,
          null,
          1,
          null,
          null,
          null,
          1,
          179,
          179,
          null,
          null,
          1,
          null,
          1,
          null,
          10,
          null,
          9,
          9,
          null,
          null,
          null,
          7,
          7,
          7,
          null,
          7,
          null,
          5,
          null,
          null,
          1,
          415,
          4,
          null,
          3,
          3,
          null,
          2,
          null,
          null
        ]
      },
      "C:/Users/Kaneki/Desktop/saas-proj/campaign-saas/app/controllers/api/v1/api_keys_controller.rb": {
        "lines": [
          1,
          1,
          1,
          1,
          7,
          null,
          7,
          1,
          1,
          null,
          null,
          6,
          null,
          null,
          null,
          null,
          null,
          1,
          19,
          null,
          19,
          1,
          1,
          null,
          null,
          18,
          18,
          null,
          18,
          18,
          15,
          null,
          18,
          12,
          null,
          null,
          18,
          1,
          null,
          null,
          null,
          1,
          null,
          null,
          17,
          16,
          null,
          null,
          null,
          null,
          1,
          null,
          null,
          null,
          null,
          null,
          null,
          null
        ]
      },
      "C:/Users/Kaneki/Desktop/saas-proj/campaign-saas/app/controllers/api/v1/campaigns_controller.rb": {
        "lines": [
          1,
          1,
          1,
          1,
          null,
          null,
          8,
          8,
          null,
          null,
          1,
          null,
          15,
          15,
          12,
          null,
          3,
          null,
          null,
          null,
          1,
          null,
          13,
          13,
          5,
          null,
          7,
          null,
          null,
          null,
          1,
          null,
          10,
          10,
          6,
          6,
          null,
          4,
          null,
          null,
          null,
          null,
          null,
          null,
          1,
          null,
          3,
          null,
          3,
          1,
          1,
          null,
          null,
          null,
          2,
          null,
          1,
          null,
          null,
          null,
          null,
          null,
          null,
          1,
          null,
          null,
          null,
          null,
          null,
          null,
          1,
          null,
          1,
          null,
          24,
          null,
          null,
          23,
          18,
          18,
          5,
          5,
          null,
          null,
          4,
          4,
          null,
          1,
          null,
          null,
          null,
          13,
          null,
          null,
          null,
          23,
          null,
          null,
          null,
          null
        ]
      },
      "C:/Users/Kaneki/Desktop/saas-proj/campaign-saas/app/controllers/api/v1/email_configs_controller.rb": {
        "lines": [
          1,
          1,
          1,
          null,
          null,
          null,
          1,
          10,
          null,
          null,
          10,
          null,
          10,
          null,
          null,
          null,
          8,
          4,
          4,
          3,
          3,
          null,
          null,
          null,
          null,
          2,
          2,
          null,
          null,
          10,
          null,
          null,
          null,
          null,
          null,
          null,
          null,
          null,
          1,
          13,
          13,
          9,
          7,
          null,
          null,
          7,
          null,
          7,
          null,
          null,
          null,
          5,
          1,
          1,
          1,
          1,
          null,
          null,
          null,
          2,
          2,
          null,
          null,
          7,
          null,
          null,
          null,
          null,
          2,
          null,
          null,
          null,
          null,
          4,
          null,
          null,
          null,
          null,
          null,
          null,
          null
        ]
      },
      "C:/Users/Kaneki/Desktop/saas-proj/campaign-saas/app/controllers/api/v1/leads_controller.rb": {
        "lines": [
          1,
          1,
          1,
          1,
          null,
          null,
          11,
          null,
          null,
          11,
          null,
          null,
          null,
          null,
          1,
          null,
          25,
          25,
          25,
          4,
          4,
          null,
          null,
          21,
          21,
          14,
          null,
          7,
          null,
          null,
          null,
          1,
          null,
          null,
          10,
          null,
          null,
          null,
          10,
          4,
          null,
          6,
          null,
          null,
          null,
          1,
          null,
          null,
          8,
          null,
          null,
          null,
          8,
          4,
          4,
          null,
          4,
          null,
          null,
          null,
          null,
          null,
          null,
          null,
          null,
          null,
          null,
          1,
          null,
          null,
          13,
          null,
          null,
          null,
          null,
          13,
          3,
          3,
          null,
          null,
          null,
          10,
          null,
          null,
          null,
          10,
          10,
          null,
          10,
          2,
          8,
          3,
          null,
          null,
          5,
          null,
          null,
          null,
          10,
          1,
          1,
          null,
          null,
          null,
          null,
          1,
          null,
          null,
          9,
          null,
          null,
          3,
          null,
          2,
          null,
          null,
          null,
          null,
          null,
          null,
          1,
          1,
          null,
          null,
          null,
          null,
          null,
          null,
          null,
          null,
          6,
          null,
          null,
          5,
          1,
          null,
          null,
          null,
          null,
          1,
          null,
          null,
          null,
          4,
          null,
          null,
          null,
          null,
          null,
          null,
          null,
          null,
          null,
          1,
          null,
          null,
          null,
          null,
          null,
          null,
          null,
          null,
          null,
          null,
          1,
          null,
          null,
          7,
          null,
          null,
          null,
          null,
          7,
          3,
          3,
          null,
          null,
          null,
          9,
          null,
          4,
          null,
          null,
          null,
          null,
          null,
          null,
          null,
          null,
          1,
          null,
          null,
          4,
          null,
          null,
          null,
          null,
          4,
          1,
          1,
          null,
          null,
          null,
          3,
          null,
          2,
          1,
          null,
          null,
          null,
          null,
          1,
          null,
          null,
          null,
          null,
          null,
          1,
          null,
          null,
          null,
          null,
          null,
          null,
          null,
          null,
          null,
          1,
          null,
          null,
          14,
          null,
          null,
          null,
          null,
          14,
          1,
          1,
          null,
          null,
          13,
          null,
          13,
          1,
          1,
          null,
          null,
          null,
          12,
          1,
          1,
          null,
          null,
          null,
          11,
          null,
          11,
          1,
          1,
          null,
          null,
          null,
          10,
          null,
          3,
          null,
          3,
          1,
          1,
          null,
          null,
          null,
          2,
          2,
          7,
          null,
          4,
          null,
          4,
          1,
          1,
          null,
          null,
          null,
          3,
          null,
          null,
          null,
          3,
          3,
          null,
          3,
          null,
          3,
          1,
          1,
          null,
          null,
          null,
          2,
          null,
          null,
          7,
          null,
          null,
          1,
          null,
          1,
          null,
          52,
          52,
          52,
          null,
          null,
          null,
          null
        ]
      },
      "C:/Users/Kaneki/Desktop/saas-proj/campaign-saas/app/controllers/api/v1/oauth_statuses_controller.rb": {
        "lines": [
          1,
          1,
          1,
          null,
          null,
          null,
          1,
          5,
          5,
          5,
          null,
          null,
          5,
          null,
          null,
          5,
          null,
          null,
          5,
          null,
          null,
          5,
          null,
          null,
          null,
          null
        ]
      },
      "C:/Users/Kaneki/Desktop/saas-proj/campaign-saas/app/controllers/campaigns_controller.rb": {
        "lines": [
          1,
          1,
          null,
          1,
          15,
          15,
          15,
          null,
          null,
          1,
          16,
          8,
          null,
          null,
          1,
          null,
          1,
          null,
          64,
          64,
          26,
          null,
          null,
          26,
          null,
          null,
          1,
          null,
          null,
          67,
          null,
          null,
          null,
          67,
          63,
          null,
          null,
          null,
          67,
          67,
          null,
          null,
          null,
          67,
          null,
          null,
          null,
          31,
          null,
          30,
          null,
          30,
          8,
          null,
          null,
          null,
          null,
          null,
          null,
          null,
          null,
          null,
          null,
          null,
          30,
          30,
          null,
          1,
          null,
          null,
          null,
          1,
          97,
          null,
          null,
          null,
          30,
          30,
          null,
          30,
          30,
          30,
          30,
          30,
          null,
          30,
          30,
          null,
          null
        ]
      },
      "C:/Users/Kaneki/Desktop/saas-proj/campaign-saas/app/controllers/oauth_controller.rb": {
        "lines": [
          null,
          null,
          null,
          null,
          null,
          1,
          1,
          null,
          null,
          null,
          null,
          1,
          null,
          null,
          10,
          3,
          3,
          3,
          3,
          null,
          null,
          7,
          7,
          null,
          null,
          5,
          5,
          null,
          5,
          5,
          null,
          2,
          2,
          2,
          2,
          2,
          null,
          null,
          null,
          null,
          null,
          null,
          1,
          16,
          null,
          16,
          2,
          2,
          2,
          2,
          2,
          null,
          null,
          14,
          14,
          3,
          3,
          3,
          3,
          null,
          null,
          null,
          11,
          1,
          null,
          null,
          null,
          11,
          11,
          6,
          null,
          6,
          6,
          6,
          null,
          3,
          3,
          null,
          null,
          2,
          2,
          2,
          null,
          null,
          11,
          null,
          null,
          null,
          null,
          null,
          1,
          3,
          null,
          null,
          null,
          null,
          null,
          3,
          3,
          null,
          null
        ]
      },
      "C:/Users/Kaneki/Desktop/saas-proj/campaign-saas/app/controllers/users/registrations_controller.rb": {
        "lines": [
          1,
          null,
          1,
          null,
          null,
          1,
          12,
          null,
          null,
          12,
          8,
          null,
          null,
          null,
          12,
          12,
          12,
          12,
          null,
          12,
          12,
          12,
          10,
          10,
          10,
          10,
          null,
          0,
          0,
          0,
          null,
          null,
          2,
          2,
          2,
          null,
          null,
          null,
          1,
          null,
          1,
          null,
          5,
          null,
          4,
          null,
          1,
          null,
          null,
          null,
          3,
          3,
          3,
          null,
          null,
          3,
          null,
          null,
          3,
          null,
          null,
          3,
          null,
          null,
          3,
          null,
          null,
          null,
          null,
          null,
          1,
          7,
          null,
          null,
          6,
          6,
          null,
          null,
          null,
          null,
          null,
          6,
          null,
          6,
          null,
          null,
          1,
          12,
          null,
          null,
          1,
          null,
          null,
          1,
          11,
          null,
          null,
          null,
          1,
          1,
          null,
          null
        ]
      },
      "C:/Users/Kaneki/Desktop/saas-proj/campaign-saas/app/controllers/users/sessions_controller.rb": {
        "lines": [
          1,
          null,
          1,
          null,
          null,
          1,
          null,
          null,
          1,
          null,
          10,
          null,
          null,
          10,
          7,
          7,
          7,
          null,
          null,
          null,
          10,
          10,
          7,
          null,
          null,
          10,
          null,
          null,
          8,
          null,
          5,
          0,
          null,
          null,
          5,
          5,
          5,
          null,
          null,
          null,
          8,
          0,
          null,
          null,
          null,
          null,
          1,
          null,
          4,
          null,
          4,
          null,
          null,
          4,
          4,
          4,
          4,
          null,
          null,
          4,
          0,
          null,
          null,
          null,
          null,
          1,
          null,
          1,
          null,
          7,
          null,
          4,
          null,
          1,
          null,
          null,
          null,
          3,
          3,
          3,
          null,
          null,
          3,
          null,
          null,
          3,
          null,
          null,
          3,
          null,
          null,
          3,
          null,
          null,
          null,
          null,
          null,
          1,
          7,
          null,
          null,
          6,
          6,
          null,
          null,
          null,
          null,
          null,
          6,
          null,
          6,
          null,
          null,
          1,
          null,
          null,
          1,
          null,
          13,
          null,
          8,
          4,
          null,
          null,
          8,
          8,
          8,
          null,
          13,
          null,
          null,
          null,
          1,
          5,
          null,
          null
        ]
      },
      "C:/Users/Kaneki/Desktop/saas-proj/campaign-saas/app/jobs/agent_execution_job.rb": {
        "lines": [
          null,
          null,
          null,
          null,
          null,
          null,
          null,
          null,
          null,
          1,
          1,
          null,
          null,
          1,
          null,
          null,
          1,
          null,
          null,
          null,
          null,
          null,
          null,
          null,
          1,
          null,
          8,
          8,
          8,
          null,
          null,
          8,
          1,
          1,
          null,
          null,
          7,
          2,
          2,
          null,
          null,
          null,
          5,
          null,
          null,
          null,
          5,
          4,
          null,
          null,
          null,
          4,
          null,
          null,
          3,
          1,
          null,
          2,
          null,
          null,
          1,
          1,
          1,
          null,
          null,
          null
        ]
      },
      "C:/Users/Kaneki/Desktop/saas-proj/campaign-saas/app/jobs/application_job.rb": {
        "lines": [
          1,
          null,
          null,
          null,
          null,
          null,
          null
        ]
      },
      "C:/Users/Kaneki/Desktop/saas-proj/campaign-saas/app/mailers/application_mailer.rb": {
        "lines": [
          1,
          1,
          1,
          1,
          null
        ]
      },
      "C:/Users/Kaneki/Desktop/saas-proj/campaign-saas/app/mailers/campaign_mailer.rb": {
        "lines": [
          1,
          null,
          null,
          null,
          null,
          null,
          null,
          null,
          1,
          9,
          9,
          9,
          null,
          9,
          null,
          null,
          null,
          null,
          null,
          null,
          1,
          null,
          1,
          9,
          9,
          7,
          null,
          2,
          null,
          null,
          null
        ]
      },
      "C:/Users/Kaneki/Desktop/saas-proj/campaign-saas/app/services/agents/critique_agent.rb": {
        "lines": [
          1,
          1,
          1,
          1,
          null,
          1,
          null,
          null,
          null,
          null,
          null,
          1,
          1,
          1,
          null,
          null,
          1,
          89,
          89,
          89,
          89,
          null,
          null,
          null,
          null,
          null,
          null,
          1,
          null,
          36,
          36,
          36,
          36,
          36,
          36,
          36,
          36,
          36,
          null,
          null,
          36,
          36,
          null,
          null,
          36,
          2,
          null,
          null,
          null,
          null,
          34,
          null,
          1,
          null,
          31,
          null,
          1,
          null,
          1,
          null,
          null,
          34,
          34,
          34,
          34,
          null,
          34,
          null,
          null,
          null,
          null,
          null,
          null,
          null,
          null,
          null,
          null,
          null,
          null,
          null,
          null,
          null,
          null,
          null,
          null,
          null,
          null,
          null,
          null,
          null,
          null,
          102,
          null,
          null,
          null,
          null,
          null,
          null,
          null,
          null,
          null,
          null,
          null,
          null,
          null,
          null,
          null,
          null,
          null,
          null,
          null,
          null,
          null,
          null,
          null,
          null,
          null,
          null,
          null,
          null,
          null,
          null,
          null,
          null,
          null,
          null,
          null,
          null,
          null,
          null,
          34,
          null,
          null,
          null,
          null,
          null,
          null,
          null,
          null,
          null,
          null,
          2,
          2,
          null,
          null,
          32,
          32,
          null,
          32,
          32,
          null,
          null,
          32,
          null,
          null,
          null,
          32,
          5,
          null,
          null,
          null,
          27,
          null,
          27,
          8,
          null,
          19,
          null,
          null,
          null,
          1,
          3,
          3,
          3,
          null,
          null,
          1,
          null,
          null,
          1,
          3,
          null,
          6,
          null,
          null,
          6,
          null,
          6,
          null,
          null,
          null,
          null,
          null,
          null,
          null,
          null,
          3,
          null,
          null,
          3,
          null,
          null,
          6,
          null,
          null,
          null,
          3,
          null,
          null,
          null,
          null,
          null,
          null,
          null,
          null,
          null,
          1,
          32,
          null,
          null,
          24,
          24,
          null,
          null,
          24,
          null,
          null,
          null,
          22,
          null,
          null,
          null
        ]
      },
      "C:/Users/Kaneki/Desktop/saas-proj/campaign-saas/app/services/agents/design_agent.rb": {
        "lines": [
          1,
          1,
          null,
          null,
          null,
          null,
          null,
          null,
          null,
          null,
          null,
          null,
          null,
          null,
          null,
          null,
          null,
          null,
          null,
          null,
          null,
          null,
          null,
          null,
          null,
          null,
          null,
          null,
          null,
          null,
          null,
          null,
          null,
          null,
          null,
          null,
          null,
          null,
          null,
          null,
          null,
          1,
          1,
          1,
          1,
          null,
          1,
          88,
          88,
          88,
          null,
          null,
          1,
          16,
          16,
          16,
          null,
          null,
          16,
          16,
          null,
          null,
          16,
          null,
          2,
          null,
          null,
          null,
          null,
          null,
          null,
          null,
          14,
          14,
          14,
          14,
          14,
          null,
          14,
          null,
          null,
          14,
          null,
          14,
          null,
          null,
          null,
          null,
          null,
          null,
          null,
          null,
          null,
          null,
          null,
          null,
          null,
          null,
          null,
          null,
          null,
          null,
          null,
          null,
          null,
          13,
          null,
          null,
          12,
          null,
          12,
          10,
          null,
          2,
          null,
          null,
          null,
          12,
          null,
          null,
          null,
          null,
          null,
          null,
          null,
          null,
          2,
          null,
          null,
          null,
          null,
          null,
          null,
          null,
          null,
          null,
          1,
          null,
          1,
          null,
          35,
          1,
          1,
          1,
          null,
          34,
          null,
          null,
          34,
          32,
          null,
          null,
          34,
          32,
          null,
          null,
          34,
          32,
          null,
          null,
          34,
          34,
          null,
          null,
          34,
          2,
          null,
          32,
          null,
          null,
          34,
          34,
          34,
          34,
          34,
          null,
          null,
          34,
          5,
          null,
          null,
          34,
          null,
          null,
          35,
          34,
          null,
          null,
          35,
          34,
          null,
          null,
          35,
          35,
          35,
          35,
          null,
          35,
          null,
          35,
          null,
          null,
          null
        ]
      },
      "C:/Users/Kaneki/Desktop/saas-proj/campaign-saas/app/services/agents/search_agent.rb": {
        "lines": [
          null,
          null,
          1,
          1,
          1,
          null,
          1,
          1,
          1,
          1,
          null,
          1,
          null,
          1,
          54,
          53,
          null,
          52,
          52,
          52,
          52,
          null,
          null,
          1,
          null,
          5,
          null,
          null,
          null,
          null,
          null,
          5,
          null,
          5,
          null,
          5,
          5,
          null,
          5,
          5,
          null,
          null,
          5,
          null,
          null,
          null,
          null,
          null,
          null,
          null,
          null,
          1,
          null,
          1,
          5,
          5,
          5,
          null,
          5,
          null,
          null,
          null,
          null,
          null,
          null,
          null,
          null,
          null,
          null,
          null,
          5,
          null,
          null,
          null,
          null,
          null,
          null,
          null,
          5,
          null,
          null,
          null,
          null,
          5,
          null,
          null,
          null,
          null,
          null,
          5,
          null,
          4,
          4,
          null,
          null,
          null,
          null,
          1,
          12,
          null,
          null,
          null,
          null,
          null,
          null,
          null,
          null,
          null,
          null,
          null,
          null,
          null,
          12,
          11,
          null,
          5,
          null,
          null,
          null,
          null,
          null,
          1,
          1,
          null,
          null,
          null,
          null
        ]
      },
      "C:/Users/Kaneki/Desktop/saas-proj/campaign-saas/app/services/agents/writer_agent.rb": {
        "lines": [
          1,
          1,
          null,
          null,
          null,
          null,
          null,
          null,
          null,
          null,
          null,
          null,
          null,
          null,
          null,
          null,
          null,
          null,
          null,
          null,
          null,
          null,
          null,
          null,
          null,
          null,
          null,
          null,
          null,
          null,
          null,
          null,
          null,
          null,
          null,
          null,
          null,
          null,
          null,
          null,
          null,
          null,
          null,
          null,
          null,
          null,
          null,
          null,
          null,
          1,
          1,
          1,
          1,
          null,
          1,
          73,
          73,
          73,
          null,
          null,
          1,
          8,
          8,
          8,
          null,
          null,
          8,
          8,
          null,
          null,
          8,
          8,
          8,
          8,
          8,
          8,
          8,
          8,
          null,
          null,
          8,
          8,
          null,
          null,
          8,
          8,
          14,
          null,
          null,
          null,
          null,
          null,
          null,
          14,
          null,
          14,
          null,
          null,
          null,
          null,
          null,
          null,
          null,
          null,
          null,
          null,
          null,
          null,
          null,
          null,
          null,
          14,
          null,
          null,
          null,
          null,
          null,
          13,
          null,
          null,
          12,
          null,
          12,
          2,
          null,
          10,
          null,
          null,
          12,
          null,
          null,
          null,
          null,
          6,
          null,
          null,
          null,
          null,
          null,
          null,
          null,
          null,
          null,
          2,
          null,
          null,
          null,
          null,
          null,
          null,
          null,
          null,
          null,
          1,
          null,
          1,
          38,
          38,
          38,
          38,
          null,
          null,
          38,
          28,
          28,
          28,
          null,
          null,
          38,
          35,
          35,
          61,
          61,
          61,
          61,
          61,
          null,
          null,
          3,
          null,
          null,
          38,
          1,
          null,
          null,
          38,
          38,
          null,
          null,
          38,
          null,
          1,
          null,
          35,
          null,
          1,
          null,
          1,
          null,
          null,
          38,
          38,
          null,
          null,
          38,
          null,
          1,
          null,
          35,
          null,
          1,
          null,
          1,
          null,
          38,
          38,
          null,
          null,
          38,
          null,
          1,
          null,
          35,
          null,
          1,
          null,
          1,
          null,
          38,
          null,
          null,
          38,
          null,
          35,
          null,
          1,
          null,
          1,
          null,
          1,
          null,
          null,
          38,
          null,
          1,
          null,
          35,
          null,
          1,
          null,
          1,
          null,
          null,
          38,
          null,
          null,
          38,
          12,
          null,
          null,
          38,
          null,
          38,
          38,
          38,
          38,
          38,
          null,
          38,
          38,
          38,
          null,
          38,
          null,
          null,
          null
        ]
      },
      "C:/Users/Kaneki/Desktop/saas-proj/campaign-saas/app/services/api_key_service.rb": {
        "lines": [
          null,
          null,
          null,
          null,
          null,
          null,
          null,
          null,
          null,
          null,
          1,
          1,
          null,
          null,
          null,
          null,
          null,
          1,
          53,
          null,
          53,
          4,
          null,
          null,
          49,
          null,
          null,
          null,
          null,
          null,
          null,
          null,
          1,
          51,
          null,
          51,
          2,
          null,
          null,
          49,
          null,
          null,
          null,
          null,
          null,
          null,
          1,
          56,
          null,
          null,
          null,
          null,
          null,
          null,
          1,
          9,
          9,
          9,
          9,
          null,
          null,
          null
        ]
      },
      "C:/Users/Kaneki/Desktop/saas-proj/campaign-saas/app/services/email_sender_service.rb": {
        "lines": [
          null,
          null,
          null,
          null,
          null,
          null,
          null,
          null,
          null,
          null,
          1,
          1,
          1,
          null,
          null,
          null,
          null,
          null,
          null,
          null,
          1,
          7,
          null,
          null,
          7,
          null,
          null,
          null,
          null,
          7,
          null,
          9,
          9,
          6,
          6,
          null,
          3,
          3,
          null,
          null,
          null,
          null,
          3,
          3,
          null,
          null,
          null,
          7,
          null,
          null,
          null,
          null,
          null,
          null,
          null,
          null,
          1,
          null,
          6,
          null,
          1,
          null,
          null,
          null,
          null,
          null,
          5,
          null,
          1,
          null,
          null,
          null,
          null,
          null,
          4,
          4,
          2,
          null,
          2,
          null,
          null,
          null,
          2,
          2,
          null,
          2,
          null,
          null,
          null,
          null,
          null,
          null,
          null,
          null,
          null,
          null,
          null,
          null,
          null,
          1,
          null,
          23,
          null,
          null,
          20,
          20,
          15,
          null,
          null,
          null,
          5,
          5,
          1,
          null,
          null,
          4,
          null,
          null,
          1,
          null,
          null,
          null,
          1,
          17,
          null,
          null,
          null,
          null,
          1,
          null,
          17,
          17,
          null,
          17,
          17,
          15,
          2,
          1,
          null,
          null,
          17,
          null,
          16,
          null,
          16,
          null,
          null,
          16,
          16,
          16,
          16,
          null,
          null,
          16,
          16,
          null,
          16,
          5,
          5,
          5,
          5,
          5,
          4,
          4,
          4,
          null,
          1,
          null,
          null,
          11,
          1,
          null,
          10,
          null,
          null,
          11,
          0,
          0,
          null,
          0,
          null,
          0,
          0,
          null,
          11,
          null,
          null,
          null,
          12,
          null,
          null,
          11,
          11,
          null,
          11,
          11,
          null,
          null,
          11,
          null,
          null,
          null,
          null,
          null,
          null,
          null,
          null,
          11,
          11,
          11,
          11,
          null,
          null,
          11,
          11,
          11,
          null,
          null,
          11,
          11,
          4,
          null,
          1,
          1,
          1,
          1,
          1,
          null,
          1,
          1,
          1,
          1,
          null,
          1,
          1,
          1,
          null,
          3,
          3,
          3,
          null,
          1,
          1,
          1,
          null,
          null,
          null,
          null,
          null,
          1,
          8,
          8,
          8,
          null,
          null,
          8,
          null,
          null,
          null,
          null,
          null,
          null,
          null,
          null,
          8,
          null,
          null,
          8,
          null,
          null,
          8,
          8,
          8,
          8,
          null,
          8,
          8,
          8,
          8,
          null,
          8,
          8,
          null,
          6,
          4,
          4,
          4,
          null,
          2,
          2,
          2,
          null,
          null,
          4,
          4,
          4,
          null,
          null,
          null,
          null,
          1,
          7,
          null,
          null,
          7,
          7,
          null,
          null,
          7,
          7,
          null,
          7,
          7,
          null,
          7,
          4,
          4,
          null,
          4,
          3,
          3,
          3,
          null,
          3,
          3,
          3,
          3,
          3,
          null,
          1,
          null,
          null,
          null,
          null,
          4,
          1,
          1,
          1,
          null,
          3,
          3,
          2,
          null,
          null,
          null,
          null,
          null,
          null,
          null,
          null,
          null,
          1,
          6,
          null,
          null,
          6,
          null,
          null,
          null,
          6,
          null,
          null,
          null,
          null,
          6,
          null,
          6,
          6,
          null,
          null,
          6,
          null,
          null,
          null,
          null,
          null,
          null,
          null,
          6,
          null,
          null,
          null,
          null,
          null,
          null,
          null,
          1,
          null,
          2,
          null,
          null,
          null,
          null,
          null,
          null,
          null,
          null,
          null,
          null
        ]
      },
      "C:/Users/Kaneki/Desktop/saas-proj/campaign-saas/app/services/gmail_oauth_service.rb": {
        "lines": [
          null,
          null,
          null,
          null,
          null,
          null,
          null,
          null,
          null,
          null,
          null,
          null,
          null,
          null,
          null,
          null,
          1,
          1,
          1,
          8,
          7,
          7,
          7,
          null,
          null,
          1,
          10,
          10,
          null,
          null,
          10,
          null,
          null,
          7,
          5,
          2,
          1,
          null,
          1,
          null,
          null,
          null,
          7,
          null,
          null,
          null,
          7,
          6,
          null,
          null,
          7,
          null,
          7,
          7,
          null,
          3,
          3,
          3,
          null,
          null,
          null,
          1,
          null,
          7,
          null,
          null,
          2,
          null,
          null,
          null,
          5,
          null,
          null,
          3,
          3,
          null,
          null,
          1,
          11,
          null,
          10,
          null,
          null,
          9,
          null,
          null,
          6,
          4,
          2,
          1,
          null,
          1,
          null,
          null,
          6,
          null,
          null,
          null,
          null,
          6,
          6,
          null,
          3,
          3,
          3,
          null,
          null,
          null,
          1,
          3,
          3,
          3,
          null,
          3,
          null,
          null,
          null,
          null,
          3,
          null,
          null,
          1,
          null,
          1,
          18,
          18,
          null,
          18,
          1,
          null,
          null,
          null,
          17,
          1,
          null,
          16,
          16,
          16,
          null,
          null,
          17,
          null,
          17,
          null,
          null,
          null,
          null,
          null,
          null,
          null,
          null,
          null,
          null,
          null,
          1,
          10,
          10,
          null,
          10,
          1,
          null,
          null,
          9,
          null,
          null,
          null,
          null,
          null,
          null,
          null,
          null
        ]
      },
      "C:/Users/Kaneki/Desktop/saas-proj/campaign-saas/app/services/lead_agent_service.rb": {
        "lines": [
          1,
          1,
          1,
          1,
          1,
          null,
          null,
          null,
          null,
          null,
          null,
          null,
          null,
          null,
          null,
          null,
          1,
          1,
          null,
          null,
          null,
          null,
          1,
          null,
          null,
          null,
          null,
          null,
          null,
          null,
          1,
          null,
          49,
          3,
          null,
          3,
          null,
          null,
          null,
          null,
          null,
          null,
          null,
          46,
          46,
          null,
          null,
          2,
          null,
          null,
          null,
          null,
          null,
          null,
          null,
          null,
          null,
          44,
          44,
          null,
          null,
          44,
          44,
          44,
          44,
          null,
          null,
          44,
          44,
          44,
          null,
          null,
          null,
          44,
          44,
          44,
          null,
          44,
          59,
          null,
          null,
          59,
          null,
          null,
          59,
          6,
          null,
          null,
          null,
          53,
          null,
          null,
          53,
          null,
          15,
          15,
          null,
          15,
          null,
          null,
          null,
          null,
          null,
          38,
          null,
          null,
          38,
          null,
          16,
          null,
          4,
          null,
          4,
          null,
          14,
          null,
          null,
          null,
          30,
          30,
          30,
          null,
          null,
          30,
          null,
          null,
          30,
          3,
          null,
          null,
          null,
          30,
          30,
          null,
          null,
          null,
          8,
          null,
          null,
          8,
          null,
          1,
          1,
          1,
          null,
          3,
          3,
          3,
          3,
          null,
          1,
          null,
          null,
          null,
          8,
          8,
          8,
          null,
          null,
          null,
          null,
          8,
          null,
          null,
          null,
          null,
          44,
          null,
          null,
          44,
          null,
          null,
          44,
          null,
          null,
          null,
          null,
          null,
          null,
          null,
          1,
          null,
          null,
          null,
          1,
          105,
          105,
          null,
          null,
          null,
          null,
          null,
          null,
          null,
          104,
          null,
          38,
          null,
          11,
          null,
          11,
          null,
          37,
          null,
          null,
          null,
          null,
          null,
          null,
          null,
          1,
          38,
          null,
          null,
          38,
          4,
          4,
          null,
          null,
          38,
          4,
          4,
          null,
          null,
          38,
          14,
          14,
          null,
          null,
          38,
          null,
          null,
          null,
          null,
          1,
          53,
          null,
          null,
          null,
          null,
          null,
          null,
          null,
          null,
          null,
          1,
          8,
          null,
          1,
          null,
          6,
          null,
          1,
          null,
          null,
          null,
          null,
          null,
          1,
          16,
          null,
          null,
          null,
          null,
          null,
          null,
          16,
          null,
          null,
          null,
          null,
          null,
          1,
          4,
          null,
          4,
          null,
          4,
          4,
          4,
          null,
          null,
          4,
          null,
          null,
          null,
          null,
          4,
          4,
          null,
          4,
          4,
          null,
          4,
          null,
          null,
          null,
          null,
          null,
          null,
          null,
          null,
          null,
          null,
          null,
          null,
          1,
          null,
          null,
          4,
          null,
          null,
          null,
          null,
          null,
          null,
          4,
          null,
          null,
          4,
          null,
          null,
          null,
          null,
          null,
          4,
          4,
          null,
          null,
          3,
          1,
          1,
          null,
          null,
          3,
          null,
          null,
          null,
          null,
          1,
          null,
          null,
          null,
          14,
          null,
          null,
          null,
          null,
          null,
          null,
          null,
          null,
          14,
          1,
          1,
          1,
          null,
          null,
          null,
          null,
          null,
          null,
          null,
          null,
          14,
          14,
          null,
          null,
          null,
          14,
          null,
          null,
          null,
          null,
          null,
          14,
          14,
          null,
          null,
          null,
          null,
          1,
          2,
          1,
          null,
          1,
          null,
          null,
          null,
          null,
          null,
          1,
          38,
          38,
          null,
          null,
          38,
          null,
          38,
          null,
          null,
          null,
          null,
          1,
          45,
          45,
          null,
          null,
          45,
          45,
          45,
          null,
          null,
          null,
          null,
          null,
          1,
          null,
          null,
          null,
          3,
          3,
          null,
          3,
          3,
          null,
          null,
          null,
          null,
          null,
          1,
          44,
          8,
          36,
          30,
          null,
          6,
          null,
          null,
          null,
          null
        ]
      },
      "C:/Users/Kaneki/Desktop/saas-proj/campaign-saas/app/services/orchestrator.rb": {
        "lines": [
          1,
          1,
          1,
          null,
          null,
          null,
          null,
          null,
          null,
          null,
          null,
          null,
          null,
          null,
          null,
          null,
          null,
          null,
          null,
          null,
          null,
          null,
          null,
          null,
          null,
          null,
          null,
          null,
          null,
          null,
          null,
          null,
          null,
          null,
          null,
          null,
          null,
          null,
          1,
          1,
          null,
          null,
          null,
          null,
          null,
          null,
          16,
          16,
          16,
          null,
          null,
          1,
          12,
          12,
          12,
          12,
          12,
          12,
          12,
          null,
          null,
          12,
          12,
          12,
          12,
          12,
          12,
          12,
          null,
          12,
          null,
          null,
          null,
          null,
          null,
          null,
          null,
          null,
          null,
          null,
          null,
          null,
          null,
          null,
          null,
          null,
          null,
          null,
          12,
          12,
          12,
          null,
          12,
          null,
          null,
          12,
          null,
          12,
          null,
          null,
          null,
          12,
          null,
          null,
          null,
          null,
          null,
          null,
          12,
          12,
          null,
          null,
          12,
          12,
          12,
          null,
          12,
          12,
          12,
          null,
          null,
          12,
          null,
          null,
          null,
          12,
          12,
          null,
          12,
          10,
          10,
          null,
          2,
          2,
          null,
          null,
          null,
          12,
          12,
          12,
          null,
          null,
          12,
          null,
          null,
          null,
          null,
          null,
          null,
          null,
          null,
          null,
          null,
          null,
          1,
          2,
          null,
          null,
          null,
          null,
          null,
          null,
          null
        ]
      },
      "C:/Users/Kaneki/Desktop/saas-proj/campaign-saas/app/serializers/agent_config_serializer.rb": {
        "lines": [
          null,
          null,
          null,
          null,
          null,
          1,
          1,
          null,
          14,
          null,
          null,
          null,
          null,
          null,
          null,
          null,
          null
        ]
      },
      "C:/Users/Kaneki/Desktop/saas-proj/campaign-saas/app/serializers/base_serializer.rb": {
        "lines": [
          null,
          null,
          null,
          null,
          null,
          null,
          1,
          null,
          null,
          null,
          null,
          null,
          null,
          1,
          56,
          null,
          null,
          null,
          null,
          null,
          null,
          null,
          null,
          1,
          38,
          null,
          null,
          1,
          77,
          77,
          null,
          null,
          null,
          null,
          null,
          null,
          null,
          1,
          0,
          null,
          0,
          0,
          null,
          0,
          null,
          0,
          null,
          0,
          null,
          null,
          null,
          null,
          1,
          null,
          null,
          null,
          null,
          null,
          null,
          1,
          0,
          null,
          null
        ]
      },
      "C:/Users/Kaneki/Desktop/saas-proj/campaign-saas/app/serializers/campaign_serializer.rb": {
        "lines": [
          null,
          null,
          null,
          null,
          null,
          1,
          1,
          null,
          23,
          null,
          null,
          null,
          null,
          null,
          null,
          null
        ]
      },
      "C:/Users/Kaneki/Desktop/saas-proj/campaign-saas/app/serializers/lead_serializer.rb": {
        "lines": [
          null,
          null,
          null,
          null,
          null,
          1,
          1,
          null,
          35,
          null,
          null,
          null,
          null,
          null,
          null,
          null,
          null,
          null,
          null,
          null,
          null,
          null
        ]
      },
      "C:/Users/Kaneki/Desktop/saas-proj/campaign-saas/app/serializers/agent_output_serializer.rb": {
        "lines": [
          null,
          null,
          null,
          null,
          null,
          1,
          1,
          null,
          5,
          null,
          null,
          null,
          null,
          null,
          null,
          null,
          null
        ]
      }
    },
    "timestamp": 1764401202
  },
  "Cucumber Features": {
    "coverage": {
      "C:/Users/Kaneki/Desktop/saas-proj/campaign-saas/app/models/agent_config.rb": {
        "lines": [
          1,
          1,
          1,
          null,
          1,
          null,
          null,
          1,
          1,
          null,
          1,
          1,
          null,
          null,
          null,
          1,
          null,
          1,
          null,
          1,
          null,
          133,
          null,
          null,
          57,
          2,
          null,
          null,
          null,
          null,
          null,
          null,
          null,
          1,
          null,
          null,
          1,
          2,
          null,
          null,
          1,
          78,
          null,
          null,
          null,
          1,
          4,
          null,
          null,
          1,
          2,
          null,
          null
        ]
      },
      "C:/Users/Kaneki/Desktop/saas-proj/campaign-saas/app/models/application_record.rb": {
        "lines": [
          1,
          1,
          null
        ]
      },
      "C:/Users/Kaneki/Desktop/saas-proj/campaign-saas/app/models/concerns/agent_constants.rb": {
        "lines": [
          null,
          null,
          null,
          null,
          null,
          null,
          1,
          null,
          1,
          1,
          1,
          1,
          null,
          null,
          null,
          1,
          null,
          null,
          null,
          null,
          null,
          null,
          null,
          1,
          null,
          null,
          null,
          null,
          null,
          null,
          1,
          1,
          1,
          null,
          null,
          null,
          1,
          null,
          null,
          null,
          null,
          null,
          1,
          1,
          1,
          1,
          1,
          1,
          null,
          null,
          null,
          1,
          null,
          null,
          null,
          null,
          null,
          null,
          null
        ]
      },
      "C:/Users/Kaneki/Desktop/saas-proj/campaign-saas/app/models/concerns/jsonb_validator.rb": {
        "lines": [
          null,
          null,
          null,
          null,
          null,
          null,
          null,
          null,
          null,
          null,
          null,
          null,
          null,
          null,
          null,
          null,
          null,
          null,
          1,
          1,
          null,
          1,
          null,
          null,
          null,
          null,
          null,
          null,
          null,
          1,
          5,
          214,
          null,
          null,
          214,
          null,
          null,
          214,
          null,
          7,
          3,
          null,
          null,
          null,
          null,
          211,
          211,
          211,
          null,
          210,
          1,
          1,
          null,
          null,
          null,
          209,
          1,
          1,
          1,
          null,
          null,
          null,
          null,
          null,
          209,
          206,
          2875,
          2875,
          null,
          null,
          2875,
          null,
          350,
          350,
          350,
          null,
          null,
          264,
          0,
          null,
          null,
          null,
          16,
          1,
          null,
          null,
          1,
          1,
          null,
          null,
          64,
          1,
          null,
          null,
          null,
          5,
          1,
          null,
          null,
          null,
          null,
          null,
          null,
          null,
          1,
          1,
          null,
          null,
          null,
          null,
          null,
          null,
          null
        ]
      },
      "C:/Users/Kaneki/Desktop/saas-proj/campaign-saas/app/models/agent_output.rb": {
        "lines": [
          1,
          1,
          1,
          null,
          1,
          null,
          null,
          1,
          1,
          1,
          1,
          null,
          null,
          null,
          null,
          1,
          null,
          null,
          null,
          null,
          null,
          null,
          null,
          null,
          null,
          null,
          null,
          null,
          null,
          null,
          null,
          null,
          null,
          null,
          null,
          null,
          1,
          3,
          null,
          null,
          1,
          3,
          null,
          null,
          1,
          3,
          null,
          null
        ]
      },
      "C:/Users/Kaneki/Desktop/saas-proj/campaign-saas/app/models/campaign.rb": {
        "lines": [
          1,
          1,
          1,
          1,
          null,
          1,
          null,
          null,
          1,
          null,
          null,
          1,
          49,
          49,
          null,
          5,
          null,
          null,
          null,
          null,
          null,
          null,
          44,
          null,
          null,
          null,
          1,
          2,
          null,
          null,
          null,
          null,
          null,
          1,
          2,
          null,
          null,
          1,
          null,
          1,
          250,
          null,
          250,
          250,
          4,
          null,
          null,
          null,
          null,
          null,
          null,
          null,
          null,
          null
        ]
      },
      "C:/Users/Kaneki/Desktop/saas-proj/campaign-saas/app/models/lead.rb": {
        "lines": [
          1,
          1,
          1,
          null,
          1,
          1,
          null,
          1,
          null,
          1,
          null,
          1,
          396,
          null,
          null
        ]
      },
      "C:/Users/Kaneki/Desktop/saas-proj/campaign-saas/app/models/user.rb": {
        "lines": [
          1,
          null,
          null,
          1,
          null,
          null,
          1,
          null,
          1,
          17,
          null,
          null
        ]
      },
      "C:/Users/Kaneki/Desktop/saas-proj/campaign-saas/app/helpers/markdown_helper.rb": {
        "lines": [
          1,
          null,
          null,
          null,
          null,
          1,
          40,
          null,
          37,
          null,
          null,
          37,
          null,
          null,
          37,
          37,
          37,
          37,
          null,
          37,
          84,
          null,
          null,
          84,
          null,
          26,
          9,
          9,
          9,
          null,
          null,
          26,
          4,
          4,
          null,
          26,
          null,
          null,
          null,
          58,
          null,
          6,
          1,
          1,
          1,
          null,
          6,
          6,
          6,
          6,
          6,
          null,
          null,
          null,
          52,
          null,
          16,
          1,
          1,
          1,
          null,
          16,
          16,
          16,
          16,
          16,
          null,
          null,
          null,
          36,
          0,
          0,
          null,
          null,
          null,
          36,
          null,
          null,
          null,
          37,
          21,
          21,
          null,
          null,
          null,
          37,
          null,
          37,
          null,
          null,
          1,
          null,
          null,
          null,
          1,
          54,
          null,
          null,
          54,
          null,
          null,
          54,
          null,
          null,
          54,
          null,
          null,
          54,
          null,
          null,
          54,
          null,
          54,
          null,
          null,
          1,
          null,
          null,
          null,
          null,
          1,
          19,
          null,
          17,
          null,
          null,
          17,
          null,
          null,
          17,
          null,
          null,
          17,
          17,
          17,
          17,
          17,
          17,
          17,
          null,
          null,
          17,
          null,
          17,
          null,
          null
        ]
      },
      "C:/Users/Kaneki/Desktop/saas-proj/campaign-saas/app/lib/custom_failure_app.rb": {
        "lines": [
          null,
          1,
          1,
          7,
          null,
          5,
          null,
          4,
          null,
          1,
          null,
          3,
          null,
          null,
          1,
          null,
          null,
          null,
          2,
          null,
          null,
          null
        ]
      },
      "C:/Users/Kaneki/Desktop/saas-proj/campaign-saas/app/controllers/api/v1/agent_configs_controller.rb": {
        "lines": [
          1,
          1,
          1,
          null,
          null,
          null,
          1,
          null,
          4,
          null,
          4,
          2,
          2,
          null,
          null,
          3,
          null,
          2,
          null,
          null,
          null,
          null,
          null,
          null,
          null,
          null,
          1,
          null,
          3,
          null,
          3,
          0,
          0,
          null,
          null,
          3,
          null,
          3,
          1,
          1,
          null,
          null,
          2,
          null,
          null,
          null,
          null,
          null,
          1,
          null,
          13,
          null,
          13,
          1,
          1,
          null,
          null,
          null,
          null,
          null,
          null,
          12,
          12,
          null,
          null,
          null,
          null,
          null,
          12,
          4,
          4,
          null,
          null,
          null,
          8,
          8,
          8,
          1,
          1,
          null,
          null,
          7,
          null,
          null,
          null,
          null,
          null,
          7,
          7,
          null,
          0,
          null,
          null,
          null,
          null,
          null,
          null,
          1,
          null,
          3,
          null,
          3,
          0,
          0,
          null,
          null,
          3,
          null,
          3,
          0,
          0,
          null,
          null,
          null,
          null,
          3,
          null,
          3,
          3,
          null,
          0,
          null,
          null,
          null,
          null,
          null,
          null,
          1,
          null,
          4,
          null,
          4,
          0,
          0,
          null,
          null,
          4,
          null,
          4,
          2,
          2,
          null,
          2,
          null,
          null,
          null,
          1,
          null,
          1,
          null,
          null,
          null,
          null,
          17,
          null,
          17,
          null,
          0,
          null,
[...]
          null,
          2,
          null,
          null,
          2,
          null,
          null,
          null,
          null,
          null,
          1,
          1,
          null,
          null,
          1,
          1,
          null,
          null,
          null,
          null,
          null,
          1,
          null,
          1,
          null,
          null,
          1,
          null,
          null,
          1,
          null,
          7,
          null,
          5,
          1,
          null,
          null,
          5,
          5,
          5,
          null,
          7,
          null,
          null,
          null,
          1,
          5,
          null,
          null
        ]
      },
      "C:/Users/Kaneki/Desktop/saas-proj/campaign-saas/app/controllers/api/v1/campaigns_controller.rb": {
        "lines": [
          1,
          1,
          1,
          1,
          null,
          null,
          2,
          2,
          null,
          null,
          1,
          null,
          8,
          8,
          5,
          null,
          3,
          null,
          null,
          null,
          1,
          null,
          4,
          4,
          2,
          null,
          2,
          null,
          null,
          null,
          1,
          null,
          3,
          3,
          2,
          2,
          null,
          1,
          null,
          null,
          null,
          null,
          null,
          null,
          1,
          null,
          3,
          null,
          3,
          1,
          1,
          null,
          null,
          null,
          2,
          null,
          1,
          null,
          null,
          null,
          null,
          null,
          null,
          1,
          null,
          null,
          null,
          null,
          null,
          null,
          1,
          null,
          1,
          null,
          11,
          null,
          null,
          11,
          10,
          10,
          2,
          2,
          null,
          null,
          1,
          1,
          null,
          1,
          null,
          null,
          null,
          8,
          null,
          null,
          null,
          11,
          null,
          null,
          null,
          null
        ]
      },
      "C:/Users/Kaneki/Desktop/saas-proj/campaign-saas/app/serializers/campaign_serializer.rb": {
        "lines": [
          null,
          null,
          null,
          null,
          null,
          1,
          1,
          null,
          9,
          null,
          null,
          null,
          null,
          null,
          null,
          null
        ]
      },
      "C:/Users/Kaneki/Desktop/saas-proj/campaign-saas/app/mailers/campaign_mailer.rb": {
        "lines": [
          1,
          null,
          null,
          null,
          null,
          null,
          null,
          null,
          1,
          9,
          9,
          9,
          null,
          9,
          null,
          null,
          null,
          null,
          null,
          null,
          1,
          null,
          1,
          9,
          9,
          8,
          null,
          1,
          null,
          null,
          null
        ]
      },
      "C:/Users/Kaneki/Desktop/saas-proj/campaign-saas/app/mailers/application_mailer.rb": {
        "lines": [
          1,
          1,
          1,
          1,
          null
        ]
      },
      "C:/Users/Kaneki/Desktop/saas-proj/campaign-saas/app/services/gmail_oauth_service.rb": {
        "lines": [
          null,
          null,
          null,
          null,
          null,
          null,
          null,
          null,
          null,
          null,
          null,
          null,
          null,
          null,
          null,
          null,
          1,
          1,
          1,
          6,
          5,
          5,
          5,
          null,
          null,
          1,
          5,
          5,
          null,
          null,
          5,
          null,
          null,
          3,
          1,
          2,
          1,
          null,
          1,
          null,
          null,
          null,
          3,
          null,
          null,
          null,
          3,
          1,
          null,
          null,
          3,
          null,
          3,
          3,
          null,
          2,
          2,
          2,
          null,
          null,
          null,
          1,
          null,
          49,
          null,
          null,
          0,
          null,
          null,
          null,
          49,
          null,
          null,
          2,
          2,
          null,
          null,
          1,
          3,
          null,
          3,
          null,
          null,
          3,
          null,
          null,
          2,
          0,
          2,
          1,
          null,
          1,
          null,
          null,
          2,
          null,
          null,
          null,
          null,
          2,
          2,
          null,
          1,
          1,
          1,
          null,
          null,
          null,
          1,
          46,
          46,
          46,
          null,
          46,
          null,
          null,
          null,
          null,
          46,
          null,
          null,
          1,
          null,
          1,
          9,
          9,
          null,
          9,
          1,
          null,
          null,
          null,
          8,
          0,
          null,
          8,
          8,
          8,
          null,
          null,
          8,
          null,
          8,
          null,
          null,
          null,
          null,
          null,
          null,
          null,
          null,
          null,
          null,
          null,
          1,
          2,
          2,
          null,
          2,
          0,
          null,
          null,
          2,
          null,
          null,
          null,
          null,
          null,
          null,
          null,
          null
        ]
      },
      "C:/Users/Kaneki/Desktop/saas-proj/campaign-saas/app/services/email_sender_service.rb": {
        "lines": [
          null,
          null,
          null,
          null,
          null,
          null,
          null,
          null,
          null,
          null,
          1,
          1,
          1,
          null,
          null,
          null,
          null,
          null,
          null,
          null,
          1,
          16,
          null,
          null,
          16,
          null,
          null,
          null,
          null,
          16,
          null,
          19,
          19,
          14,
          14,
          null,
          5,
          5,
          null,
          null,
          null,
          null,
          5,
          5,
          null,
          null,
          null,
          16,
          null,
          null,
          null,
          null,
          null,
          null,
          null,
          null,
          1,
          null,
          25,
          null,
          2,
          null,
          null,
          null,
          null,
          null,
          23,
          null,
          4,
          null,
          null,
          null,
          null,
          null,
          19,
          19,
          8,
          null,
          8,
          null,
          null,
          null,
          11,
          11,
          null,
          11,
          null,
          null,
          null,
          null,
          null,
          null,
          null,
          null,
          null,
          null,
          null,
          null,
          null,
          1,
          null,
          45,
          null,
          null,
          40,
          40,
          28,
          null,
          null,
          null,
          12,
          12,
          10,
          null,
          null,
          2,
          null,
          null,
          1,
          null,
          null,
          null,
          1,
          38,
          null,
          null,
          null,
          null,
          1,
          null,
          40,
          40,
          null,
          40,
          40,
          30,
          10,
          10,
          null,
          null,
          40,
          null,
          40,
          null,
          40,
          null,
          null,
          40,
          40,
          40,
          40,
          null,
          null,
          40,
          40,
          null,
          40,
          13,
          13,
          13,
          13,
          13,
          7,
          7,
          4,
          null,
          6,
          null,
          null,
          27,
          2,
          null,
          25,
          null,
          null,
          27,
          0,
          0,
          null,
          0,
          null,
          0,
          0,
          null,
          27,
          null,
          null,
          null,
          33,
          null,
          null,
          32,
          32,
          null,
          32,
          32,
          null,
          null,
          32,
          null,
          null,
          null,
          null,
          null,
          null,
          null,
          null,
          32,
          1,
          1,
          1,
          null,
          null,
          32,
          32,
          32,
          null,
          null,
          32,
          32,
          20,
          null,
          1,
          1,
          1,
          1,
          1,
          null,
          1,
          1,
          1,
          1,
          null,
          1,
          1,
          1,
          null,
          3,
          3,
          3,
          null,
          6,
          6,
          6,
          null,
          null,
          null,
          null,
          null,
          1,
          7,
          7,
          7,
          null,
          null,
          7,
          null,
          null,
          null,
          null,
          null,
          null,
          null,
          null,
          7,
          null,
          null,
          7,
          null,
          null,
          7,
          7,
          7,
          7,
          null,
          7,
          7,
          7,
          7,
          null,
          7,
          7,
          null,
          6,
          4,
          4,
          4,
          null,
          2,
          2,
          2,
          null,
          null,
          3,
          3,
          3,
          null,
          null,
          null,
          null,
          1,
          34,
          null,
          null,
          34,
          34,
          null,
          null,
          34,
          34,
          null,
          34,
          34,
          null,
          34,
          6,
          6,
          null,
          6,
          2,
          2,
          2,
          null,
          2,
          2,
          2,
          2,
          2,
          null,
          4,
          null,
          null,
          null,
          null,
          32,
          31,
          31,
          31,
          null,
          1,
          1,
          1,
          null,
          null,
          null,
          null,
          null,
          null,
          null,
          null,
          null,
          1,
          2,
          null,
          null,
          2,
          null,
          null,
          null,
          2,
          null,
          null,
          null,
          null,
          2,
          null,
          2,
          2,
          null,
          null,
          2,
          null,
          null,
          null,
          null,
          null,
          null,
          null,
          2,
          null,
          null,
          null,
          null,
          null,
          null,
          null,
          1,
          null,
          31,
          null,
          null,
          null,
          null,
          null,
          null,
          null,
          null,
          null,
          null
        ]
      },
      "C:/Users/Kaneki/Desktop/saas-proj/campaign-saas/app/controllers/users/registrations_controller.rb": {
        "lines": [
          1,
          null,
          1,
          null,
          null,
          1,
          10,
          null,
          null,
          10,
          2,
          null,
          null,
          null,
          10,
          10,
          10,
          10,
          null,
          10,
          10,
          10,
          7,
          6,
          6,
          6,
          null,
          1,
          1,
          1,
          null,
          null,
          3,
          3,
          3,
          null,
          null,
          null,
          1,
          null,
          1,
          null,
          14,
          null,
          2,
          null,
          1,
          null,
          null,
          null,
          1,
          1,
          1,
          null,
          null,
          1,
          null,
          null,
          1,
          null,
          null,
          1,
          null,
          null,
          1,
          null,
          null,
          null,
          null,
          null,
          1,
          0,
          null,
          null,
          0,
          0,
          null,
          null,
          null,
          null,
          null,
          0,
          null,
          0,
          null,
          null,
          1,
          10,
          null,
          null,
          1,
          null,
          null,
          1,
          6,
          null,
          null,
          null,
          1,
          1,
          null,
          null
        ]
      },
      "C:/Users/Kaneki/Desktop/saas-proj/campaign-saas/app/controllers/api/v1/email_configs_controller.rb": {
        "lines": [
          1,
          1,
          1,
          null,
          null,
          null,
          1,
          8,
          null,
          null,
          8,
          null,
          8,
          null,
          null,
          null,
          5,
          3,
          3,
          2,
          2,
          null,
          null,
          null,
          null,
          3,
          3,
          null,
          null,
          8,
          null,
          null,
          null,
          null,
          null,
          null,
          null,
          null,
          1,
          13,
          13,
          8,
          7,
          null,
          null,
          7,
          null,
          7,
          null,
          null,
          null,
          5,
          4,
          4,
          2,
          2,
          null,
          null,
          null,
          2,
          2,
          null,
          null,
          7,
          null,
          null,
          null,
          null,
          1,
          null,
          null,
          null,
          null,
          5,
          null,
          null,
          null,
          null,
          null,
          null,
          null
        ]
      },
      "C:/Users/Kaneki/Desktop/saas-proj/campaign-saas/app/controllers/oauth_controller.rb": {
        "lines": [
          null,
          null,
          null,
          null,
          null,
          1,
          1,
          null,
          null,
          null,
          null,
          1,
          null,
          null,
          6,
          2,
          2,
          2,
          2,
          null,
          null,
          4,
          4,
          null,
          null,
          3,
          3,
          null,
          3,
          3,
          null,
          1,
          1,
          1,
          1,
          1,
          null,
          null,
          null,
          null,
          null,
          null,
          1,
          12,
          null,
          12,
          2,
          2,
          2,
          2,
          2,
          null,
          null,
          10,
          10,
          2,
          2,
          2,
          2,
          null,
          null,
          null,
          8,
          3,
          null,
          null,
          null,
          8,
          8,
          3,
          null,
          3,
          3,
          3,
          null,
          3,
          3,
          null,
          null,
          2,
          2,
          2,
          null,
          null,
          8,
          null,
          null,
          null,
          null,
          null,
          1,
          1,
          null,
          null,
          null,
          null,
          null,
          1,
          1,
          null,
          null
        ]
      },
      "C:/Users/Kaneki/Desktop/saas-proj/campaign-saas/app/controllers/api/v1/oauth_statuses_controller.rb": {
        "lines": [
          1,
          1,
          1,
          null,
          null,
          null,
          1,
          2,
          2,
          2,
          null,
          null,
          2,
          null,
          null,
          2,
          null,
          null,
          2,
          null,
          null,
          2,
          null,
          null,
          null,
          null
        ]
      },
      "C:/Users/Kaneki/Desktop/saas-proj/campaign-saas/app/services/orchestrator.rb": {
        "lines": [
          1,
          1,
          1,
          null,
          null,
          null,
          null,
          null,
          null,
          null,
          null,
          null,
          null,
          null,
          null,
          null,
          null,
          null,
          null,
          null,
          null,
          null,
          null,
          null,
          null,
          null,
          null,
          null,
          null,
          null,
          null,
          null,
          null,
          null,
          null,
          null,
          null,
          null,
          1,
          1,
          null,
          null,
          null,
          null,
          null,
          null,
          8,
          8,
          8,
          null,
          null,
          1,
          8,
          8,
          8,
          8,
          8,
          8,
          8,
          null,
          null,
          8,
          8,
          8,
          8,
          8,
          8,
          8,
          null,
          8,
          null,
          null,
          null,
          null,
          null,
          null,
          null,
          null,
          null,
          null,
          null,
          null,
          null,
          null,
          null,
          null,
          null,
          null,
          7,
          7,
          7,
          null,
          7,
          null,
          null,
          7,
          null,
          7,
          null,
          null,
          null,
          7,
          null,
          null,
          null,
          null,
          null,
          null,
          7,
          7,
          null,
          null,
          7,
          7,
          7,
          null,
          7,
          7,
          7,
          null,
          null,
          7,
          null,
          null,
          null,
          7,
          7,
          null,
          7,
          6,
          6,
          null,
          1,
          1,
          null,
          null,
          null,
          7,
          7,
          7,
          null,
          null,
          7,
          null,
          null,
          null,
          null,
          null,
          null,
          null,
          null,
          null,
          null,
          null,
          1,
          8,
          null,
          null,
          null,
          null,
          null,
          null,
          null
        ]
      }
    },
    "timestamp": 1764402184
  }
}
